mode: atomic
etf-insight/services/factor/fama_french.go:34.44,38.2 1 28
etf-insight/services/factor/fama_french.go:41.61,43.2 1 7
etf-insight/services/factor/fama_french.go:93.31,98.16 2 7
etf-insight/services/factor/fama_french.go:98.16,100.3 1 2
etf-insight/services/factor/fama_french.go:103.2,112.21 2 5
etf-insight/services/factor/fama_french.go:112.21,115.3 2 1
etf-insight/services/factor/fama_french.go:118.2,122.37 3 5
etf-insight/services/factor/fama_french.go:122.37,124.3 1 180
etf-insight/services/factor/fama_french.go:125.2,130.21 4 5
etf-insight/services/factor/fama_french.go:130.21,132.3 1 1
etf-insight/services/factor/fama_french.go:134.2,143.8 1 5
etf-insight/services/factor/fama_french.go:150.31,152.2 1 1
etf-insight/services/factor/fama_french.go:155.93,157.12 2 12
etf-insight/services/factor/fama_french.go:157.12,159.3 1 2
etf-insight/services/factor/fama_french.go:162.2,163.21 2 10
etf-insight/services/factor/fama_french.go:163.21,165.3 1 2
etf-insight/services/factor/fama_french.go:165.8,167.3 1 8
etf-insight/services/factor/fama_french.go:170.2,171.35 2 10
etf-insight/services/factor/fama_french.go:171.35,173.3 1 1
etf-insight/services/factor/fama_french.go:174.2,174.32 1 10
etf-insight/services/factor/fama_french.go:174.32,176.3 1 0
etf-insight/services/factor/fama_french.go:177.2,177.32 1 10
etf-insight/services/factor/fama_french.go:177.32,179.3 1 0
etf-insight/services/factor/fama_french.go:180.2,180.21 1 10
etf-insight/services/factor/fama_french.go:180.21,181.33 1 2
etf-insight/services/factor/fama_french.go:181.33,183.4 1 0
etf-insight/services/factor/fama_french.go:184.3,184.33 1 2
etf-insight/services/factor/fama_french.go:184.33,186.4 1 0
etf-insight/services/factor/fama_french.go:190.2,190.17 1 10
etf-insight/services/factor/fama_french.go:190.17,192.3 1 1
etf-insight/services/factor/fama_french.go:194.2,194.16 1 9
etf-insight/services/factor/fama_french.go:194.16,196.3 1 3
etf-insight/services/factor/fama_french.go:199.2,202.30 3 6
etf-insight/services/factor/fama_french.go:202.30,208.22 6 216
etf-insight/services/factor/fama_french.go:208.22,211.4 2 36
etf-insight/services/factor/fama_french.go:212.3,212.22 1 216
etf-insight/services/factor/fama_french.go:216.2,229.22 9 6
etf-insight/services/factor/fama_french.go:229.22,231.3 1 216
etf-insight/services/factor/fama_french.go:232.2,234.30 2 6
etf-insight/services/factor/fama_french.go:234.30,236.26 2 216
etf-insight/services/factor/fama_french.go:236.26,238.4 1 936
etf-insight/services/factor/fama_french.go:239.3,241.37 3 216
etf-insight/services/factor/fama_french.go:245.2,246.13 2 6
etf-insight/services/factor/fama_french.go:246.13,248.3 1 6
etf-insight/services/factor/fama_french.go:251.2,258.25 5 6
etf-insight/services/factor/fama_french.go:258.25,260.3 1 26
etf-insight/services/factor/fama_french.go:263.2,277.43 3 6
etf-insight/services/factor/fama_french.go:277.43,278.17 1 26
etf-insight/services/factor/fama_french.go:278.17,280.4 1 0
etf-insight/services/factor/fama_french.go:281.3,281.16 1 26
etf-insight/services/factor/fama_french.go:284.2,291.21 2 6
etf-insight/services/factor/fama_french.go:291.21,298.3 6 1
etf-insight/services/factor/fama_french.go:301.2,302.33 2 6
etf-insight/services/factor/fama_french.go:302.33,304.3 1 26
etf-insight/services/factor/fama_french.go:306.2,314.8 1 6
etf-insight/services/factor/fama_french.go:318.101,322.45 2 5
etf-insight/services/factor/fama_french.go:322.45,323.24 1 17
etf-insight/services/factor/fama_french.go:323.24,325.4 1 0
etf-insight/services/factor/fama_french.go:326.3,327.29 2 17
etf-insight/services/factor/fama_french.go:327.29,329.4 1 612
etf-insight/services/factor/fama_french.go:330.3,330.37 1 17
etf-insight/services/factor/fama_french.go:334.2,344.21 8 5
etf-insight/services/factor/fama_french.go:344.21,350.3 4 1
etf-insight/services/factor/fama_french.go:352.2,352.22 1 5
etf-insight/services/factor/fama_french.go:356.65,363.21 2 2
etf-insight/services/factor/fama_french.go:363.21,366.3 2 1
etf-insight/services/factor/fama_french.go:368.2,368.16 1 2
etf-insight/services/factor/fama_french.go:372.94,373.23 1 8
etf-insight/services/factor/fama_french.go:373.23,375.3 1 0
etf-insight/services/factor/fama_french.go:378.2,379.28 2 8
etf-insight/services/factor/fama_french.go:379.28,381.3 1 288
etf-insight/services/factor/fama_french.go:382.2,387.28 4 8
etf-insight/services/factor/fama_french.go:387.28,389.3 1 288
etf-insight/services/factor/fama_french.go:392.2,393.22 2 8
etf-insight/services/factor/fama_french.go:393.22,395.3 1 8
etf-insight/services/factor/fama_french.go:395.8,397.3 1 0
etf-insight/services/factor/fama_french.go:398.2,404.36 4 8
etf-insight/services/factor/fama_french.go:404.36,406.3 1 8
etf-insight/services/factor/fama_french.go:406.8,406.30 1 0
etf-insight/services/factor/fama_french.go:406.30,409.3 1 0
etf-insight/services/factor/fama_french.go:412.2,420.3 2 8
etf-insight/services/factor/fama_french.go:424.75,425.23 1 8
etf-insight/services/factor/fama_french.go:425.23,427.3 1 0
etf-insight/services/factor/fama_french.go:429.2,433.28 4 8
etf-insight/services/factor/fama_french.go:433.28,435.24 2 288
etf-insight/services/factor/fama_french.go:435.24,437.4 1 84
etf-insight/services/factor/fama_french.go:438.3,439.29 2 288
etf-insight/services/factor/fama_french.go:439.29,441.4 1 49
etf-insight/services/factor/fama_french.go:444.2,444.20 1 8
etf-insight/services/factor/fama_french.go:450.33,453.40 2 2
etf-insight/services/factor/fama_french.go:453.40,455.17 2 2
etf-insight/services/factor/fama_french.go:455.17,457.4 1 2
etf-insight/services/factor/fama_french.go:460.2,460.16 1 2
etf-insight/services/factor/fama_french.go:466.22,472.21 3 3
etf-insight/services/factor/fama_french.go:472.21,474.3 1 1
etf-insight/services/factor/fama_french.go:476.2,476.23 1 3
etf-insight/services/factor/fama_french.go:476.23,480.22 4 2
etf-insight/services/factor/fama_french.go:480.22,483.4 2 1
etf-insight/services/factor/fama_french.go:486.2,486.22 1 3
etf-insight/services/factor/fama_french.go:492.69,497.24 4 13
etf-insight/services/factor/fama_french.go:497.24,499.3 1 55
etf-insight/services/factor/fama_french.go:501.2,501.28 1 13
etf-insight/services/factor/fama_french.go:501.28,502.29 1 434
etf-insight/services/factor/fama_french.go:502.29,504.4 1 1878
etf-insight/services/factor/fama_french.go:507.2,507.15 1 13
etf-insight/services/factor/fama_french.go:511.72,517.24 5 7
etf-insight/services/factor/fama_french.go:517.24,519.3 1 28
etf-insight/services/factor/fama_french.go:521.2,521.28 1 7
etf-insight/services/factor/fama_french.go:521.28,522.29 1 28
etf-insight/services/factor/fama_french.go:522.29,523.31 1 120
etf-insight/services/factor/fama_french.go:523.31,525.5 1 4184
etf-insight/services/factor/fama_french.go:529.2,529.15 1 7
etf-insight/services/factor/fama_french.go:533.96,537.28 3 6
etf-insight/services/factor/fama_french.go:537.28,538.36 1 26
etf-insight/services/factor/fama_french.go:538.36,540.4 1 936
etf-insight/services/factor/fama_french.go:543.2,543.15 1 6
etf-insight/services/factor/fama_french.go:547.83,552.27 3 8
etf-insight/services/factor/fama_french.go:552.27,556.3 3 30
etf-insight/services/factor/fama_french.go:559.2,559.25 1 8
etf-insight/services/factor/fama_french.go:559.25,562.30 2 30
etf-insight/services/factor/fama_french.go:562.30,563.66 1 47
etf-insight/services/factor/fama_french.go:563.66,565.5 1 1
etf-insight/services/factor/fama_french.go:567.3,570.40 2 30
etf-insight/services/factor/fama_french.go:570.40,573.4 1 1
etf-insight/services/factor/fama_french.go:576.3,576.30 1 29
etf-insight/services/factor/fama_french.go:576.30,578.28 2 47
etf-insight/services/factor/fama_french.go:578.28,580.5 1 221
etf-insight/services/factor/fama_french.go:585.2,586.30 2 7
etf-insight/services/factor/fama_french.go:586.30,588.40 1 28
etf-insight/services/factor/fama_french.go:588.40,590.12 2 0
etf-insight/services/factor/fama_french.go:592.3,593.30 2 28
etf-insight/services/factor/fama_french.go:593.30,595.4 1 46
etf-insight/services/factor/fama_french.go:596.3,596.26 1 28
etf-insight/services/factor/fama_french.go:599.2,599.10 1 7
etf-insight/services/factor/fama_french.go:604.117,610.30 3 6
etf-insight/services/factor/fama_french.go:610.30,615.3 3 26
etf-insight/services/factor/fama_french.go:618.2,618.45 1 6
etf-insight/services/factor/fama_french.go:622.73,625.24 3 9
etf-insight/services/factor/fama_french.go:625.24,627.3 1 32
etf-insight/services/factor/fama_french.go:630.2,630.25 1 9
etf-insight/services/factor/fama_french.go:630.25,632.3 1 32
etf-insight/services/factor/fama_french.go:635.2,636.27 2 9
etf-insight/services/factor/fama_french.go:636.27,640.3 3 32
etf-insight/services/factor/fama_french.go:643.2,643.25 1 9
etf-insight/services/factor/fama_french.go:643.25,645.30 2 32
etf-insight/services/factor/fama_french.go:645.30,646.66 1 48
etf-insight/services/factor/fama_french.go:646.66,648.5 1 3
etf-insight/services/factor/fama_french.go:650.3,654.30 3 32
etf-insight/services/factor/fama_french.go:654.30,656.30 1 1
etf-insight/services/factor/fama_french.go:656.30,657.31 1 2
etf-insight/services/factor/fama_french.go:657.31,658.18 1 4
etf-insight/services/factor/fama_french.go:658.18,660.7 1 2
etf-insight/services/factor/fama_french.go:660.12,662.7 1 2
etf-insight/services/factor/fama_french.go:665.4,665.17 1 1
etf-insight/services/factor/fama_french.go:667.3,667.28 1 31
etf-insight/services/factor/fama_french.go:667.28,669.4 1 252
etf-insight/services/factor/fama_french.go:671.3,671.26 1 31
etf-insight/services/factor/fama_french.go:671.26,672.14 1 126
etf-insight/services/factor/fama_french.go:672.14,674.30 2 95
etf-insight/services/factor/fama_french.go:674.30,676.6 1 860
etf-insight/services/factor/fama_french.go:682.2,682.25 1 8
etf-insight/services/factor/fama_french.go:682.25,684.3 1 30
etf-insight/services/factor/fama_french.go:686.2,686.15 1 8
etf-insight/services/factor/fama_french.go:690.96,695.24 4 6
etf-insight/services/factor/fama_french.go:695.24,697.29 2 26
etf-insight/services/factor/fama_french.go:697.29,699.4 1 116
etf-insight/services/factor/fama_french.go:702.2,702.15 1 6
etf-insight/services/factor/fama_french.go:706.35,708.2 1 31
etf-insight/services/factor/fama_french.go:716.3,721.2 4 9
etf-insight/services/factor/fama_french.go:731.3,739.2 7 4
etf-insight/services/factor/fama_french.go:748.3,761.31 5 7
etf-insight/services/factor/fama_french.go:761.31,766.3 4 252
etf-insight/services/factor/fama_french.go:768.2,768.8 1 7
etf-insight/services/factor/fama_french.go:779.3,796.31 7 3
etf-insight/services/factor/fama_french.go:796.31,803.3 6 108
etf-insight/services/factor/fama_french.go:805.2,805.8 1 3
etf-insight/services/factor/fama_french.go:823.3,828.16 3 0
etf-insight/services/factor/fama_french.go:828.16,830.3 1 0
etf-insight/services/factor/fama_french.go:831.2,833.38 2 0
etf-insight/services/factor/fama_french.go:833.38,835.3 1 0
etf-insight/services/factor/fama_french.go:839.2,839.106 1 0
etf-insight/services/factor/fama_french.go:850.3,867.25 4 0
etf-insight/services/factor/fama_french.go:867.25,869.3 1 0
etf-insight/services/factor/fama_french.go:871.2,871.23 1 0
etf-insight/services/factor/fama_french.go:871.23,873.3 1 0
etf-insight/services/factor/fama_french.go:875.2,880.28 5 0
etf-insight/services/factor/fama_french.go:880.28,885.3 4 0
etf-insight/services/factor/fama_french.go:887.2,887.8 1 0
etf-insight/services/factor/fama_french.go:898.3,901.16 3 3
etf-insight/services/factor/fama_french.go:901.16,903.3 1 0
etf-insight/services/factor/fama_french.go:906.2,906.33 1 3
etf-insight/services/factor/fama_french.go:906.33,907.22 1 13
etf-insight/services/factor/fama_french.go:907.22,908.12 1 0
etf-insight/services/factor/fama_french.go:912.3,913.24 2 13
etf-insight/services/factor/fama_french.go:913.24,914.12 1 3
etf-insight/services/factor/fama_french.go:917.3,918.17 2 10
etf-insight/services/factor/fama_french.go:918.17,919.12 1 0
etf-insight/services/factor/fama_french.go:922.3,932.52 9 10
etf-insight/services/factor/fama_french.go:935.2,935.8 1 3
etf-insight/services/factor/fama_french.go:952.3,954.63 1 0
etf-insight/services/factor/fama_french.go:954.63,959.26 3 0
etf-insight/services/factor/fama_french.go:959.26,961.4 1 0
etf-insight/services/factor/fama_french.go:963.3,964.34 2 0
etf-insight/services/factor/fama_french.go:964.34,967.4 2 0
etf-insight/services/factor/fama_french.go:968.3,968.22 1 0
etf-insight/services/factor/fama_french.go:971.2,972.16 2 0
etf-insight/services/factor/fama_french.go:972.16,974.3 1 0
etf-insight/services/factor/fama_french.go:976.2,977.16 2 0
etf-insight/services/factor/fama_french.go:977.16,979.3 1 0
etf-insight/services/factor/fama_french.go:981.2,982.16 2 0
etf-insight/services/factor/fama_french.go:982.16,984.3 1 0
etf-insight/services/factor/fama_french.go:986.2,987.16 2 0
etf-insight/services/factor/fama_french.go:987.16,989.3 1 0
etf-insight/services/factor/fama_french.go:991.2,992.16 2 0
etf-insight/services/factor/fama_french.go:992.16,994.3 1 0
etf-insight/services/factor/fama_french.go:997.2,998.29 2 0
etf-insight/services/factor/fama_french.go:998.29,1000.3 1 0
etf-insight/services/factor/fama_french.go:1001.2,1001.29 1 0
etf-insight/services/factor/fama_french.go:1001.29,1003.3 1 0
etf-insight/services/factor/fama_french.go:1004.2,1004.29 1 0
etf-insight/services/factor/fama_french.go:1004.29,1006.3 1 0
etf-insight/services/factor/fama_french.go:1007.2,1007.30 1 0
etf-insight/services/factor/fama_french.go:1007.30,1009.3 1 0
etf-insight/services/factor/fama_french.go:1011.2,1015.30 4 0
etf-insight/services/factor/fama_french.go:1015.30,1021.3 5 0
etf-insight/services/factor/fama_french.go:1023.2,1023.8 1 0
etf-insight/services/factor/fama_french.go:1027.25,1031.26 2 2296
etf-insight/services/factor/fama_french.go:1031.26,1033.3 1 27552
etf-insight/services/factor/fama_french.go:1034.2,1034.18 1 2296
etf-insight/services/factor/fama_french.go:1038.26,1040.2 1 27552
etf-insight/services/factor/fama_french.go:1043.95,1050.39 3 7
etf-insight/services/factor/fama_french.go:1050.39,1052.17 2 17
etf-insight/services/factor/fama_french.go:1053.17,1054.36 1 3
etf-insight/services/factor/fama_french.go:1055.15,1056.34 1 3
etf-insight/services/factor/fama_french.go:1057.16,1058.35 1 3
etf-insight/services/factor/fama_french.go:1059.24,1060.43 1 3
etf-insight/services/factor/fama_french.go:1061.21,1062.40 1 3
etf-insight/services/factor/fama_french.go:1064.3,1064.46 1 17
etf-insight/services/factor/fama_french.go:1067.2,1067.40 1 7
etf-insight/services/factor/fama_french.go:1067.40,1069.3 1 14
etf-insight/services/factor/fama_french.go:1071.2,1072.26 2 7
etf-insight/services/factor/fama_french.go:1072.26,1074.3 1 17
etf-insight/services/factor/fama_french.go:1076.2,1076.15 1 7
