mode: set
etf-insight/cmd/generate_history/main.go:46.13,48.16 2 0
etf-insight/cmd/generate_history/main.go:48.16,49.38 1 0
etf-insight/cmd/generate_history/main.go:52.2,55.44 2 0
etf-insight/cmd/generate_history/main.go:55.44,58.3 2 0
etf-insight/cmd/generate_history/main.go:60.2,60.22 1 0
etf-insight/cmd/generate_history/main.go:63.79,73.29 6 0
etf-insight/cmd/generate_history/main.go:73.29,77.71 2 0
etf-insight/cmd/generate_history/main.go:77.71,78.12 1 0
etf-insight/cmd/generate_history/main.go:82.3,103.22 9 0
etf-insight/cmd/generate_history/main.go:106.2,106.98 1 0
etf-insight/cmd/generate_etf_data/main.go:42.13,44.56 1 0
etf-insight/cmd/generate_etf_data/main.go:44.56,46.3 1 0
etf-insight/cmd/generate_etf_data/main.go:48.2,56.36 6 0
etf-insight/cmd/generate_etf_data/main.go:56.36,65.26 4 0
etf-insight/cmd/generate_etf_data/main.go:65.26,67.12 2 0
etf-insight/cmd/generate_etf_data/main.go:71.3,72.76 2 0
etf-insight/cmd/generate_etf_data/main.go:75.2,79.36 3 0
etf-insight/cmd/generate_etf_data/main.go:79.36,82.16 3 0
etf-insight/cmd/generate_etf_data/main.go:82.16,84.4 1 0
etf-insight/cmd/generate_etf_data/main.go:84.9,86.4 1 0
etf-insight/cmd/generate_etf_data/main.go:91.82,101.28 6 0
etf-insight/cmd/generate_etf_data/main.go:101.28,105.71 2 0
etf-insight/cmd/generate_etf_data/main.go:105.71,106.12 1 0
etf-insight/cmd/generate_etf_data/main.go:110.3,142.10 11 0
etf-insight/cmd/generate_etf_data/main.go:145.2,145.14 1 0
etf-insight/main.go:12.13,18.16 5 0
etf-insight/main.go:18.16,20.3 1 0
etf-insight/main.go:22.2,22.14 1 0
etf-insight/main.go:22.14,25.3 2 0
etf-insight/main.go:27.2,27.36 1 0
etf-insight/main.go:27.36,30.3 2 0
etf-insight/cmd/import_etf_data/main.go:15.13,17.56 1 0
etf-insight/cmd/import_etf_data/main.go:17.56,19.3 1 0
etf-insight/cmd/import_etf_data/main.go:22.2,45.30 5 0
etf-insight/cmd/import_etf_data/main.go:45.30,50.17 3 0
etf-insight/cmd/import_etf_data/main.go:50.17,52.12 2 0
etf-insight/cmd/import_etf_data/main.go:55.3,55.23 1 0
etf-insight/cmd/import_etf_data/main.go:55.23,57.12 2 0
etf-insight/cmd/import_etf_data/main.go:61.3,62.32 2 0
etf-insight/cmd/import_etf_data/main.go:62.32,73.4 1 0
etf-insight/cmd/import_etf_data/main.go:76.3,77.27 2 0
etf-insight/cmd/import_etf_data/main.go:77.27,89.27 2 0
etf-insight/cmd/import_etf_data/main.go:89.27,91.5 1 0
etf-insight/cmd/import_etf_data/main.go:91.10,93.5 1 0
etf-insight/cmd/import_etf_data/main.go:96.3,99.30 2 0
etf-insight/cmd/import_etf_data/main.go:102.2,106.30 3 0
etf-insight/cmd/import_etf_data/main.go:106.30,109.16 3 0
etf-insight/cmd/import_etf_data/main.go:109.16,111.4 1 0
etf-insight/cmd/import_etf_data/main.go:111.9,113.4 1 0
etf-insight/cmd/syncetf/main.go:25.53,33.24 4 0
etf-insight/cmd/syncetf/main.go:33.24,45.3 3 0
etf-insight/cmd/syncetf/main.go:48.2,49.25 2 0
etf-insight/cmd/syncetf/main.go:49.25,51.3 1 0
etf-insight/cmd/syncetf/main.go:54.2,54.25 1 0
etf-insight/cmd/syncetf/main.go:54.25,65.3 3 0
etf-insight/cmd/syncetf/main.go:68.2,72.16 3 0
etf-insight/cmd/syncetf/main.go:72.16,75.3 2 0
etf-insight/cmd/syncetf/main.go:77.2,81.8 1 0
etf-insight/cmd/syncetf/main.go:84.13,94.56 6 0
etf-insight/cmd/syncetf/main.go:94.56,97.3 2 0
etf-insight/cmd/syncetf/main.go:98.2,103.16 4 0
etf-insight/cmd/syncetf/main.go:103.16,106.3 2 0
etf-insight/cmd/syncetf/main.go:109.2,113.46 3 0
etf-insight/cmd/syncetf/main.go:113.46,115.3 1 0
etf-insight/cmd/syncetf/main.go:116.2,119.38 2 0
etf-insight/cmd/syncetf/main.go:119.38,122.3 2 0
etf-insight/cmd/syncetf/main.go:124.2,125.45 2 0
etf-insight/cmd/syncetf/main.go:129.42,135.2 5 0
etf-insight/cmd/syncetf/main.go:138.53,145.51 4 0
etf-insight/cmd/syncetf/main.go:145.51,146.32 1 0
etf-insight/cmd/syncetf/main.go:146.32,149.4 2 0
etf-insight/cmd/syncetf/main.go:150.3,150.45 1 0
etf-insight/cmd/syncetf/main.go:154.2,154.52 1 0
etf-insight/cmd/syncetf/main.go:154.52,155.32 1 0
etf-insight/cmd/syncetf/main.go:155.32,158.4 2 0
etf-insight/cmd/syncetf/main.go:159.3,159.46 1 0
etf-insight/cmd/syncetf/main.go:163.2,163.53 1 0
etf-insight/cmd/syncetf/main.go:163.53,164.32 1 0
etf-insight/cmd/syncetf/main.go:164.32,168.4 3 0
etf-insight/cmd/syncetf/main.go:171.2,171.47 1 0
etf-insight/cmd/syncetf/main.go:175.45,182.30 5 0
etf-insight/cmd/syncetf/main.go:182.30,184.3 1 0
etf-insight/cmd/syncetf/main.go:185.2,192.16 5 0
etf-insight/cmd/syncetf/main.go:192.16,194.3 1 0
etf-insight/cmd/syncetf/main.go:197.2,199.12 2 0
etf-insight/cmd/syncetf/main.go:203.65,216.29 11 0
etf-insight/cmd/syncetf/main.go:216.29,219.41 3 0
etf-insight/cmd/syncetf/main.go:219.41,221.23 2 0
etf-insight/cmd/syncetf/main.go:221.23,223.5 1 0
etf-insight/cmd/syncetf/main.go:224.4,230.5 1 0
etf-insight/cmd/syncetf/main.go:235.2,235.28 1 0
etf-insight/cmd/syncetf/main.go:235.28,239.37 4 0
etf-insight/cmd/syncetf/main.go:239.37,241.4 1 0
etf-insight/cmd/syncetf/main.go:246.27,247.89 1 0
etf-insight/cmd/syncetf/main.go:247.89,248.39 1 0
etf-insight/cmd/syncetf/main.go:248.39,250.4 1 0
etf-insight/cmd/syncetf/main.go:252.2,252.20 1 0
etf-insight/cmd/syncetf/main.go:258.49,260.2 1 0
etf-insight/cmd/initetf/main.go:12.13,14.56 1 0
etf-insight/cmd/initetf/main.go:14.56,17.3 2 0
etf-insight/cmd/initetf/main.go:19.2,27.53 4 0
etf-insight/cmd/initetf/main.go:31.22,53.35 3 0
etf-insight/cmd/initetf/main.go:53.35,58.26 3 0
etf-insight/cmd/initetf/main.go:58.26,72.4 2 0
etf-insight/cmd/initetf/main.go:75.3,91.84 4 0
etf-insight/cmd/initetf/main.go:96.26,120.27 3 0
etf-insight/cmd/initetf/main.go:120.27,140.3 3 0
etf-insight/cmd/sync_etf_history/main.go:31.13,33.18 2 0
etf-insight/cmd/sync_etf_history/main.go:33.18,36.3 2 0
etf-insight/cmd/sync_etf_history/main.go:39.2,39.56 1 0
etf-insight/cmd/sync_etf_history/main.go:39.56,42.3 2 0
etf-insight/cmd/sync_etf_history/main.go:45.2,48.26 3 0
etf-insight/cmd/sync_etf_history/main.go:48.26,51.3 2 0
etf-insight/cmd/sync_etf_history/main.go:53.2,59.33 4 0
etf-insight/cmd/sync_etf_history/main.go:59.33,64.3 4 0
etf-insight/cmd/sync_etf_history/main.go:66.2,66.48 1 0
etf-insight/cmd/sync_etf_history/main.go:69.78,77.16 5 0
etf-insight/cmd/sync_etf_history/main.go:77.16,80.3 2 0
etf-insight/cmd/sync_etf_history/main.go:81.2,84.16 3 0
etf-insight/cmd/sync_etf_history/main.go:84.16,87.3 2 0
etf-insight/cmd/sync_etf_history/main.go:89.2,90.55 2 0
etf-insight/cmd/sync_etf_history/main.go:90.55,93.3 2 0
etf-insight/cmd/sync_etf_history/main.go:95.2,95.31 1 0
etf-insight/cmd/sync_etf_history/main.go:95.31,97.3 1 0
etf-insight/cmd/sync_etf_history/main.go:100.2,101.36 2 0
etf-insight/cmd/sync_etf_history/main.go:101.36,121.3 4 0
etf-insight/cmd/sync_etf_history/main.go:123.2,123.14 1 0
etf-insight/cmd/syncrates/main.go:13.13,15.56 1 0
etf-insight/cmd/syncrates/main.go:15.56,18.3 2 0
etf-insight/cmd/syncrates/main.go:21.2,21.56 1 0
etf-insight/cmd/syncrates/main.go:21.56,24.3 2 0
etf-insight/cmd/syncrates/main.go:27.2,27.58 1 0
etf-insight/cmd/syncrates/main.go:27.58,30.3 2 0
etf-insight/cmd/syncrates/main.go:32.2,52.26 3 0
etf-insight/cmd/syncrates/main.go:52.26,54.3 1 0
etf-insight/cmd/syncrates/main.go:57.2,62.13 5 0
etf-insight/cmd/syncrates/main.go:66.46,67.15 1 0
etf-insight/cmd/syncrates/main.go:67.15,70.3 2 0
etf-insight/cmd/syncrates/main.go:73.2,77.38 3 0
etf-insight/cmd/syncrates/main.go:77.38,79.3 1 0
etf-insight/cmd/syncrates/main.go:81.2,83.23 3 0
etf-insight/cmd/syncrates/main.go:83.23,85.3 1 0
etf-insight/cmd/syncrates/main.go:88.2,105.49 4 0
etf-insight/cmd/syncrates/main.go:105.49,108.3 2 0
etf-insight/cmd/syncrates/main.go:110.2,110.93 1 0
etf-insight/cmd/syncrates/main.go:114.26,131.38 5 0
etf-insight/cmd/syncrates/main.go:131.38,133.55 1 0
etf-insight/cmd/syncrates/main.go:133.55,135.4 1 0
etf-insight/cmd/syncrates/main.go:139.2,140.40 2 0
etf-insight/cmd/syncrates/main.go:140.40,142.20 2 0
etf-insight/cmd/syncrates/main.go:142.20,143.12 1 0
etf-insight/cmd/syncrates/main.go:145.3,145.32 1 0
etf-insight/cmd/syncrates/main.go:149.2,166.45 4 0
etf-insight/cmd/syncrates/main.go:166.45,169.3 2 0
etf-insight/cmd/syncrates/main.go:171.2,171.42 1 0
etf-insight/cmd/syncrates/main.go:175.18,177.82 2 0
etf-insight/cmd/syncrates/main.go:177.82,180.3 2 0
etf-insight/cmd/syncrates/main.go:182.2,182.26 1 0
etf-insight/cmd/syncrates/main.go:182.26,184.3 1 0
etf-insight/cmd/test_factory/main.go:12.13,18.24 4 0
etf-insight/cmd/test_factory/main.go:18.24,21.3 2 0
etf-insight/cmd/test_factory/main.go:24.2,49.16 13 0
etf-insight/cmd/test_factory/main.go:49.16,52.3 2 0
etf-insight/cmd/test_factory/main.go:54.2,60.16 5 0
etf-insight/cmd/test_factory/main.go:60.16,63.3 2 0
etf-insight/cmd/test_factory/main.go:65.2,67.51 3 0
etf-insight/cmd/update_etf_prices/main.go:21.31,23.15 2 0
etf-insight/cmd/update_etf_prices/main.go:23.15,27.3 3 0
etf-insight/cmd/update_etf_prices/main.go:28.2,28.12 1 0
etf-insight/cmd/update_etf_prices/main.go:45.13,46.39 1 0
etf-insight/cmd/update_etf_prices/main.go:46.39,49.3 2 0
etf-insight/cmd/update_etf_prices/main.go:51.2,52.16 2 0
etf-insight/cmd/update_etf_prices/main.go:52.16,55.3 2 0
etf-insight/cmd/update_etf_prices/main.go:57.2,57.26 1 0
etf-insight/cmd/update_etf_prices/main.go:57.26,60.3 2 0
etf-insight/cmd/update_etf_prices/main.go:62.2,65.36 3 0
etf-insight/cmd/update_etf_prices/main.go:65.36,69.17 3 0
etf-insight/cmd/update_etf_prices/main.go:69.17,71.12 2 0
etf-insight/cmd/update_etf_prices/main.go:74.3,74.23 1 0
etf-insight/cmd/update_etf_prices/main.go:74.23,76.12 2 0
etf-insight/cmd/update_etf_prices/main.go:79.3,79.50 1 0
etf-insight/cmd/update_etf_prices/main.go:79.50,81.12 2 0
etf-insight/cmd/update_etf_prices/main.go:84.3,89.28 3 0
etf-insight/cmd/update_etf_prices/main.go:89.28,91.4 1 0
etf-insight/cmd/update_etf_prices/main.go:94.2,94.81 1 0
etf-insight/cmd/update_etf_prices/main.go:97.27,98.56 1 0
etf-insight/cmd/update_etf_prices/main.go:98.56,100.3 1 0
etf-insight/cmd/update_etf_prices/main.go:101.2,102.12 2 0
etf-insight/cmd/update_etf_prices/main.go:105.48,108.25 3 0
etf-insight/cmd/update_etf_prices/main.go:108.25,110.3 1 0
etf-insight/cmd/update_etf_prices/main.go:112.2,113.30 2 0
etf-insight/cmd/update_etf_prices/main.go:113.30,114.23 1 0
etf-insight/cmd/update_etf_prices/main.go:114.23,116.4 1 0
etf-insight/cmd/update_etf_prices/main.go:119.2,119.21 1 0
etf-insight/cmd/update_etf_prices/main.go:134.63,144.16 6 0
etf-insight/cmd/update_etf_prices/main.go:144.16,146.3 1 0
etf-insight/cmd/update_etf_prices/main.go:147.2,149.38 2 0
etf-insight/cmd/update_etf_prices/main.go:149.38,152.3 2 0
etf-insight/cmd/update_etf_prices/main.go:154.2,155.16 2 0
etf-insight/cmd/update_etf_prices/main.go:155.16,157.3 1 0
etf-insight/cmd/update_etf_prices/main.go:159.2,160.55 2 0
etf-insight/cmd/update_etf_prices/main.go:160.55,162.3 1 0
etf-insight/cmd/update_etf_prices/main.go:164.2,164.60 1 0
etf-insight/cmd/update_etf_prices/main.go:164.60,166.3 1 0
etf-insight/cmd/update_etf_prices/main.go:169.2,172.54 2 0
etf-insight/cmd/update_etf_prices/main.go:172.54,175.3 1 0
etf-insight/cmd/update_etf_prices/main.go:177.2,185.8 1 0
etf-insight/cmd/update_etf_prices/main.go:188.42,193.66 2 0
etf-insight/cmd/update_etf_prices/main.go:193.66,195.3 1 0
etf-insight/cmd/update_etf_prices/main.go:198.2,201.25 3 0
etf-insight/cmd/update_etf_prices/main.go:201.25,214.3 2 0
etf-insight/cmd/update_etf_prices/main.go:217.2,228.25 2 0
etf-insight/cmd/test_finage/main.go:12.13,18.24 4 0
etf-insight/cmd/test_finage/main.go:18.24,21.3 2 0
etf-insight/cmd/test_finage/main.go:24.2,42.16 9 0
etf-insight/cmd/test_finage/main.go:42.16,45.3 2 0
etf-insight/cmd/test_finage/main.go:48.2,50.16 3 0
etf-insight/cmd/test_finage/main.go:50.16,53.3 2 0
etf-insight/cmd/test_finage/main.go:55.2,60.51 6 0
etf-insight/cmd/updateashare/main.go:15.13,25.56 5 0
etf-insight/cmd/updateashare/main.go:25.56,27.3 1 0
etf-insight/cmd/updateashare/main.go:29.2,31.32 2 0
etf-insight/cmd/updateashare/main.go:31.32,35.3 2 0
etf-insight/cmd/updateashare/main.go:37.2,37.33 1 0
etf-insight/cmd/updateashare/main.go:37.33,45.3 4 0
etf-insight/cmd/updateashare/main.go:47.2,47.55 1 0
etf-insight/cmd/updateashare/main.go:51.24,53.58 2 0
etf-insight/cmd/updateashare/main.go:53.58,55.3 1 0
etf-insight/cmd/updateashare/main.go:58.22,161.31 2 0
etf-insight/cmd/updateashare/main.go:161.31,165.26 3 0
etf-insight/cmd/updateashare/main.go:165.26,179.55 2 0
etf-insight/cmd/updateashare/main.go:179.55,181.5 1 0
etf-insight/cmd/updateashare/main.go:181.10,183.5 1 0
etf-insight/cmd/updateashare/main.go:184.9,194.53 9 0
etf-insight/cmd/updateashare/main.go:194.53,196.5 1 0
etf-insight/cmd/updateashare/main.go:196.10,198.5 1 0
etf-insight/cmd/updateashare/main.go:203.30,222.25 4 0
etf-insight/cmd/updateashare/main.go:222.25,230.60 2 0
etf-insight/cmd/updateashare/main.go:230.60,232.4 1 0
etf-insight/cmd/updateashare/main.go:233.3,233.84 1 0
etf-insight/cmd/updateashare/main.go:234.8,239.58 4 0
etf-insight/cmd/updateashare/main.go:239.58,241.4 1 0
etf-insight/cmd/updateashare/main.go:242.3,245.93 2 0
etf-insight/cmd/updateashare/main.go:249.2,249.46 1 0
etf-insight/cmd/updateashare/main.go:249.46,251.81 2 0
etf-insight/cmd/updateashare/main.go:251.81,253.12 2 0
etf-insight/cmd/updateashare/main.go:256.3,261.58 2 0
etf-insight/cmd/updateashare/main.go:261.58,263.4 1 0
etf-insight/cmd/updateashare/main.go:263.9,265.4 1 0
etf-insight/cmd/updateashare/main.go:269.2,275.46 5 0
etf-insight/cmd/updateashare/main.go:275.46,282.3 6 0
etf-insight/cmd/updateashare/main.go:284.2,286.66 3 0
etf-insight/core/app.go:33.43,35.16 2 0
etf-insight/core/app.go:35.16,37.3 1 0
etf-insight/core/app.go:39.2,42.61 3 0
etf-insight/core/app.go:42.61,44.3 1 0
etf-insight/core/app.go:45.2,47.49 2 0
etf-insight/core/app.go:47.49,49.3 1 0
etf-insight/core/app.go:50.2,55.56 4 0
etf-insight/core/app.go:55.56,57.3 1 0
etf-insight/core/app.go:58.2,60.58 2 0
etf-insight/core/app.go:60.58,62.3 1 0
etf-insight/core/app.go:63.2,79.16 12 0
etf-insight/core/app.go:79.16,82.3 2 0
etf-insight/core/app.go:82.8,84.3 1 0
etf-insight/core/app.go:86.2,131.8 8 0
etf-insight/core/app.go:134.25,136.2 1 0
etf-insight/core/app.go:138.29,146.12 5 0
etf-insight/core/app.go:146.12,147.70 1 0
etf-insight/core/app.go:147.70,148.63 1 0
etf-insight/core/app.go:148.63,151.5 2 0
etf-insight/core/app.go:152.4,152.62 1 0
etf-insight/core/app.go:152.62,155.5 2 0
etf-insight/core/app.go:156.4,157.135 2 0
etf-insight/core/app.go:157.135,159.5 1 0
etf-insight/core/app.go:160.9,162.83 2 0
etf-insight/core/app.go:162.83,164.5 1 0
etf-insight/core/app.go:168.2,168.54 1 0
etf-insight/core/app.go:168.54,172.3 3 0
etf-insight/core/app.go:174.2,178.21 4 0
etf-insight/core/app.go:181.62,185.69 3 0
etf-insight/core/app.go:185.69,190.3 2 0
etf-insight/core/app.go:192.2,197.6 5 0
etf-insight/core/app.go:197.6,198.10 1 0
etf-insight/core/app.go:199.25,200.14 1 0
etf-insight/core/app.go:201.18,202.84 1 0
etf-insight/core/app.go:203.19,205.18 2 0
etf-insight/core/app.go:205.18,207.41 2 0
etf-insight/core/app.go:207.41,210.6 2 0
etf-insight/core/app.go:216.32,225.55 6 0
etf-insight/core/app.go:225.55,228.3 2 0
etf-insight/core/app.go:230.2,231.12 2 0
etf-insight/docs/handler.go:10.48,17.2 3 0
etf-insight/docs/handler.go:20.41,23.2 2 0
etf-insight/docs/handler.go:26.39,29.2 2 0
etf-insight/docs/schemas.go:4.42,34.2 1 0
etf-insight/docs/schemas.go:36.54,45.2 1 0
etf-insight/docs/schemas.go:47.65,67.2 1 0
etf-insight/docs/schemas.go:69.58,92.2 1 0
etf-insight/docs/schemas.go:94.59,105.2 1 0
etf-insight/docs/schemas.go:107.58,124.2 1 0
etf-insight/docs/schemas.go:126.59,155.2 1 0
etf-insight/docs/schemas.go:157.57,179.2 1 0
etf-insight/docs/schemas.go:181.66,206.2 1 0
etf-insight/docs/schemas.go:208.65,238.2 1 0
etf-insight/docs/schemas.go:240.66,267.2 1 0
etf-insight/docs/schemas.go:269.65,291.2 1 0
etf-insight/docs/schemas.go:293.66,323.2 1 0
etf-insight/docs/schemas.go:325.62,336.2 1 0
etf-insight/docs/schemas.go:338.60,349.2 1 0
etf-insight/docs/schemas.go:351.67,365.2 1 0
etf-insight/docs/schemas.go:367.63,383.2 1 0
etf-insight/docs/schemas.go:385.74,401.2 1 0
etf-insight/docs/schemas.go:403.68,417.2 1 0
etf-insight/docs/schemas.go:419.65,430.2 1 0
etf-insight/docs/schemas.go:432.61,440.2 1 0
etf-insight/docs/schemas.go:442.55,451.2 1 0
etf-insight/docs/schemas.go:453.54,462.2 1 0
etf-insight/docs/schemas.go:464.53,472.2 1 0
etf-insight/docs/schemas.go:474.48,489.2 1 0
etf-insight/docs/schemas.go:491.58,510.2 1 0
etf-insight/docs/schemas.go:512.55,528.2 1 0
etf-insight/docs/schemas.go:530.53,541.2 1 0
etf-insight/docs/swagger.go:4.43,32.2 1 0
etf-insight/docs/swagger.go:35.40,54.2 1 0
etf-insight/docs/swagger.go:57.46,90.2 1 0
etf-insight/docs/swagger.go:93.48,123.2 1 0
etf-insight/docs/swagger.go:126.49,167.2 1 0
etf-insight/docs/swagger.go:170.49,198.2 1 0
etf-insight/docs/swagger.go:201.56,229.2 1 0
etf-insight/docs/swagger.go:232.56,260.2 1 0
etf-insight/docs/swagger.go:263.56,291.2 1 0
etf-insight/docs/swagger.go:294.49,313.2 1 0
etf-insight/docs/swagger.go:316.51,335.2 1 0
etf-insight/docs/swagger.go:338.58,357.2 1 0
etf-insight/docs/swagger.go:360.53,388.2 1 0
etf-insight/docs/swagger.go:391.52,410.2 1 0
etf-insight/docs/swagger.go:413.51,442.2 1 0
etf-insight/docs/swagger.go:445.45,463.2 1 0
etf-insight/docs/swagger.go:466.44,492.2 1 0
etf-insight/docs/swagger.go:495.43,513.2 1 0
etf-insight/docs/swagger.go:516.53,525.2 1 0
etf-insight/docs/swagger.go:527.51,536.2 1 0
etf-insight/docs/swagger.go:538.56,547.2 1 0
etf-insight/config/config.go:53.42,54.33 1 0
etf-insight/config/config.go:54.33,56.3 1 0
etf-insight/config/config.go:57.2,58.16 2 0
etf-insight/config/config.go:58.16,60.3 1 0
etf-insight/config/config.go:61.2,62.15 2 0
etf-insight/config/config.go:62.15,64.3 1 0
etf-insight/config/config.go:65.2,66.16 2 0
etf-insight/config/config.go:66.16,68.3 1 0
etf-insight/config/config.go:69.2,70.19 2 0
etf-insight/config/config.go:70.19,72.3 1 0
etf-insight/config/config.go:73.2,74.51 1 0
etf-insight/config/config.go:116.30,167.2 1 1
etf-insight/config/config.go:170.47,173.16 2 1
etf-insight/config/config.go:173.16,175.3 1 1
etf-insight/config/config.go:177.2,178.16 2 1
etf-insight/config/config.go:178.16,179.25 1 1
etf-insight/config/config.go:179.25,181.4 1 1
etf-insight/config/config.go:182.3,182.18 1 0
etf-insight/config/config.go:185.2,185.50 1 0
etf-insight/config/config.go:185.50,187.3 1 0
etf-insight/config/config.go:189.2,189.17 1 0
etf-insight/config/config.go:193.46,194.42 1 1
etf-insight/config/config.go:194.42,196.3 1 1
etf-insight/config/config.go:197.2,197.21 1 1
etf-insight/config/config.go:200.52,201.42 1 1
etf-insight/config/config.go:201.42,202.53 1 1
etf-insight/config/config.go:202.53,204.4 1 1
etf-insight/config/config.go:206.2,206.21 1 1
etf-insight/services/ashare/akshare_provider.go:23.58,24.19 1 0
etf-insight/services/ashare/akshare_provider.go:24.19,26.3 1 0
etf-insight/services/ashare/akshare_provider.go:27.2,32.3 1 0
etf-insight/services/ashare/akshare_provider.go:91.59,95.16 3 0
etf-insight/services/ashare/akshare_provider.go:95.16,97.3 1 0
etf-insight/services/ashare/akshare_provider.go:98.2,100.38 2 0
etf-insight/services/ashare/akshare_provider.go:100.38,102.3 1 0
etf-insight/services/ashare/akshare_provider.go:104.2,110.67 2 0
etf-insight/services/ashare/akshare_provider.go:110.67,112.3 1 0
etf-insight/services/ashare/akshare_provider.go:114.2,114.21 1 0
etf-insight/services/ashare/akshare_provider.go:114.21,116.3 1 0
etf-insight/services/ashare/akshare_provider.go:118.2,118.25 1 0
etf-insight/services/ashare/akshare_provider.go:122.73,126.16 3 0
etf-insight/services/ashare/akshare_provider.go:126.16,128.3 1 0
etf-insight/services/ashare/akshare_provider.go:129.2,131.38 2 0
etf-insight/services/ashare/akshare_provider.go:131.38,133.3 1 0
etf-insight/services/ashare/akshare_provider.go:135.2,141.67 2 0
etf-insight/services/ashare/akshare_provider.go:141.67,143.3 1 0
etf-insight/services/ashare/akshare_provider.go:145.2,145.21 1 0
etf-insight/services/ashare/akshare_provider.go:145.21,147.3 1 0
etf-insight/services/ashare/akshare_provider.go:149.2,149.26 1 0
etf-insight/services/ashare/akshare_provider.go:153.88,158.33 3 0
etf-insight/services/ashare/akshare_provider.go:158.33,160.3 1 0
etf-insight/services/ashare/akshare_provider.go:162.2,163.16 2 0
etf-insight/services/ashare/akshare_provider.go:163.16,165.3 1 0
etf-insight/services/ashare/akshare_provider.go:166.2,168.38 2 0
etf-insight/services/ashare/akshare_provider.go:168.38,170.3 1 0
etf-insight/services/ashare/akshare_provider.go:172.2,178.67 2 0
etf-insight/services/ashare/akshare_provider.go:178.67,180.3 1 0
etf-insight/services/ashare/akshare_provider.go:182.2,182.21 1 0
etf-insight/services/ashare/akshare_provider.go:182.21,184.3 1 0
etf-insight/services/ashare/akshare_provider.go:186.2,186.25 1 0
etf-insight/services/ashare/akshare_provider.go:190.119,198.16 6 0
etf-insight/services/ashare/akshare_provider.go:198.16,200.3 1 0
etf-insight/services/ashare/akshare_provider.go:201.2,203.38 2 0
etf-insight/services/ashare/akshare_provider.go:203.38,205.3 1 0
etf-insight/services/ashare/akshare_provider.go:207.2,213.67 2 0
etf-insight/services/ashare/akshare_provider.go:213.67,215.3 1 0
etf-insight/services/ashare/akshare_provider.go:217.2,217.21 1 0
etf-insight/services/ashare/akshare_provider.go:217.21,219.3 1 0
etf-insight/services/ashare/akshare_provider.go:221.2,221.25 1 0
etf-insight/services/ashare/akshare_provider.go:225.85,229.16 3 0
etf-insight/services/ashare/akshare_provider.go:229.16,231.3 1 0
etf-insight/services/ashare/akshare_provider.go:232.2,234.38 2 0
etf-insight/services/ashare/akshare_provider.go:234.38,236.3 1 0
etf-insight/services/ashare/akshare_provider.go:238.2,244.67 2 0
etf-insight/services/ashare/akshare_provider.go:244.67,246.3 1 0
etf-insight/services/ashare/akshare_provider.go:248.2,248.21 1 0
etf-insight/services/ashare/akshare_provider.go:248.21,250.3 1 0
etf-insight/services/ashare/akshare_provider.go:252.2,252.25 1 0
etf-insight/services/ashare/akshare_provider.go:256.85,268.2 1 0
etf-insight/services/ashare/etf_data_service.go:23.53,30.2 1 0
etf-insight/services/ashare/etf_data_service.go:33.56,36.2 2 0
etf-insight/services/ashare/etf_data_service.go:39.55,42.2 2 0
etf-insight/services/ashare/etf_data_service.go:45.46,46.36 1 0
etf-insight/services/ashare/etf_data_service.go:46.36,48.3 1 0
etf-insight/services/ashare/etf_data_service.go:50.2,53.18 3 0
etf-insight/services/ashare/etf_data_service.go:53.18,55.17 2 0
etf-insight/services/ashare/etf_data_service.go:55.17,57.4 1 0
etf-insight/services/ashare/etf_data_service.go:61.2,61.32 1 0
etf-insight/services/ashare/etf_data_service.go:61.32,75.45 4 0
etf-insight/services/ashare/etf_data_service.go:75.45,77.49 1 0
etf-insight/services/ashare/etf_data_service.go:77.49,79.5 1 0
etf-insight/services/ashare/etf_data_service.go:80.9,80.33 1 0
etf-insight/services/ashare/etf_data_service.go:80.33,82.67 1 0
etf-insight/services/ashare/etf_data_service.go:82.67,84.5 1 0
etf-insight/services/ashare/etf_data_service.go:88.2,88.12 1 0
etf-insight/services/ashare/etf_data_service.go:92.64,93.19 1 0
etf-insight/services/ashare/etf_data_service.go:93.19,95.3 1 0
etf-insight/services/ashare/etf_data_service.go:97.2,98.16 2 0
etf-insight/services/ashare/etf_data_service.go:98.16,100.3 1 0
etf-insight/services/ashare/etf_data_service.go:102.2,102.36 1 0
etf-insight/services/ashare/etf_data_service.go:102.36,106.26 3 0
etf-insight/services/ashare/etf_data_service.go:106.26,107.12 1 0
etf-insight/services/ashare/etf_data_service.go:111.3,121.65 2 0
etf-insight/services/ashare/etf_data_service.go:121.65,123.4 1 0
etf-insight/services/ashare/etf_data_service.go:126.2,126.12 1 0
etf-insight/services/ashare/etf_data_service.go:130.88,133.25 3 0
etf-insight/services/ashare/etf_data_service.go:133.25,135.3 1 0
etf-insight/services/ashare/etf_data_service.go:138.2,138.68 1 0
etf-insight/services/ashare/etf_data_service.go:138.68,140.17 2 0
etf-insight/services/ashare/etf_data_service.go:140.17,159.4 8 0
etf-insight/services/ashare/etf_data_service.go:162.2,162.18 1 0
etf-insight/services/ashare/etf_data_service.go:166.80,169.25 3 0
etf-insight/services/ashare/etf_data_service.go:169.25,171.3 1 0
etf-insight/services/ashare/etf_data_service.go:174.2,174.35 1 0
etf-insight/services/ashare/etf_data_service.go:174.35,176.28 2 0
etf-insight/services/ashare/etf_data_service.go:176.28,178.4 1 0
etf-insight/services/ashare/etf_data_service.go:181.3,182.48 2 0
etf-insight/services/ashare/etf_data_service.go:182.48,184.26 2 0
etf-insight/services/ashare/etf_data_service.go:184.26,186.5 1 0
etf-insight/services/ashare/etf_data_service.go:187.4,188.26 2 0
etf-insight/services/ashare/etf_data_service.go:192.3,192.42 1 0
etf-insight/services/ashare/etf_data_service.go:195.2,195.18 1 0
etf-insight/services/ashare/etf_data_service.go:199.120,200.19 1 0
etf-insight/services/ashare/etf_data_service.go:200.19,202.3 1 0
etf-insight/services/ashare/etf_data_service.go:204.2,204.72 1 0
etf-insight/services/ashare/etf_data_service.go:208.89,209.19 1 0
etf-insight/services/ashare/etf_data_service.go:209.19,211.3 1 0
etf-insight/services/ashare/etf_data_service.go:213.2,214.16 2 0
etf-insight/services/ashare/etf_data_service.go:214.16,216.3 1 0
etf-insight/services/ashare/etf_data_service.go:218.2,218.25 1 0
etf-insight/services/ashare/etf_data_service.go:218.25,220.3 1 0
etf-insight/services/ashare/etf_data_service.go:223.2,224.16 2 0
etf-insight/services/ashare/etf_data_service.go:224.16,226.3 1 0
etf-insight/services/ashare/etf_data_service.go:229.2,231.32 3 0
etf-insight/services/ashare/etf_data_service.go:231.32,232.43 1 0
etf-insight/services/ashare/etf_data_service.go:232.43,234.4 1 0
etf-insight/services/ashare/etf_data_service.go:237.2,237.33 1 0
etf-insight/services/ashare/etf_data_service.go:237.33,239.3 1 0
etf-insight/services/ashare/etf_data_service.go:241.2,242.19 2 0
etf-insight/services/ashare/etf_data_service.go:246.49,248.40 1 0
etf-insight/services/ashare/etf_data_service.go:248.40,250.3 1 0
etf-insight/services/ashare/etf_data_service.go:253.2,257.27 4 0
etf-insight/services/ashare/etf_data_service.go:257.27,259.3 1 0
etf-insight/services/ashare/etf_data_service.go:261.2,261.49 1 0
etf-insight/services/ashare/etf_data_service.go:261.49,263.3 1 0
etf-insight/services/ashare/etf_data_service.go:265.2,265.12 1 0
etf-insight/services/ashare/etf_data_service.go:269.116,273.2 3 0
etf-insight/services/ashare/etf_data_service.go:276.89,285.2 3 0
etf-insight/services/ashare/tushare_provider.go:22.66,23.19 1 0
etf-insight/services/ashare/tushare_provider.go:23.19,25.3 1 0
etf-insight/services/ashare/tushare_provider.go:26.2,32.3 1 0
etf-insight/services/ashare/tushare_provider.go:95.108,103.16 3 0
etf-insight/services/ashare/tushare_provider.go:103.16,105.3 1 0
etf-insight/services/ashare/tushare_provider.go:107.2,112.16 2 0
etf-insight/services/ashare/tushare_provider.go:112.16,114.3 1 0
etf-insight/services/ashare/tushare_provider.go:115.2,118.67 3 0
etf-insight/services/ashare/tushare_provider.go:118.67,120.3 1 0
etf-insight/services/ashare/tushare_provider.go:122.2,122.22 1 0
etf-insight/services/ashare/tushare_provider.go:122.22,124.3 1 0
etf-insight/services/ashare/tushare_provider.go:126.2,126.21 1 0
etf-insight/services/ashare/tushare_provider.go:130.76,132.18 2 0
etf-insight/services/ashare/tushare_provider.go:132.18,134.3 1 0
etf-insight/services/ashare/tushare_provider.go:136.2,137.16 2 0
etf-insight/services/ashare/tushare_provider.go:137.16,139.3 1 0
etf-insight/services/ashare/tushare_provider.go:141.2,142.39 2 0
etf-insight/services/ashare/tushare_provider.go:142.39,143.21 1 0
etf-insight/services/ashare/tushare_provider.go:143.21,155.4 2 0
etf-insight/services/ashare/tushare_provider.go:158.2,158.19 1 0
etf-insight/services/ashare/tushare_provider.go:162.99,166.21 2 0
etf-insight/services/ashare/tushare_provider.go:166.21,168.3 1 0
etf-insight/services/ashare/tushare_provider.go:169.2,169.19 1 0
etf-insight/services/ashare/tushare_provider.go:169.19,171.3 1 0
etf-insight/services/ashare/tushare_provider.go:173.2,174.16 2 0
etf-insight/services/ashare/tushare_provider.go:174.16,176.3 1 0
etf-insight/services/ashare/tushare_provider.go:178.2,179.39 2 0
etf-insight/services/ashare/tushare_provider.go:179.39,180.21 1 0
etf-insight/services/ashare/tushare_provider.go:180.21,185.40 2 0
etf-insight/services/ashare/tushare_provider.go:185.40,187.5 1 0
etf-insight/services/ashare/tushare_provider.go:188.4,188.40 1 0
etf-insight/services/ashare/tushare_provider.go:188.40,190.5 1 0
etf-insight/services/ashare/tushare_provider.go:191.4,191.28 1 0
etf-insight/services/ashare/tushare_provider.go:195.2,195.18 1 0
etf-insight/services/ashare/tushare_provider.go:199.103,203.21 2 0
etf-insight/services/ashare/tushare_provider.go:203.21,205.3 1 0
etf-insight/services/ashare/tushare_provider.go:206.2,206.19 1 0
etf-insight/services/ashare/tushare_provider.go:206.19,208.3 1 0
etf-insight/services/ashare/tushare_provider.go:210.2,211.16 2 0
etf-insight/services/ashare/tushare_provider.go:211.16,213.3 1 0
etf-insight/services/ashare/tushare_provider.go:215.2,216.39 2 0
etf-insight/services/ashare/tushare_provider.go:216.39,217.22 1 0
etf-insight/services/ashare/tushare_provider.go:217.22,222.40 2 0
etf-insight/services/ashare/tushare_provider.go:222.40,224.5 1 0
etf-insight/services/ashare/tushare_provider.go:225.4,225.40 1 0
etf-insight/services/ashare/tushare_provider.go:225.40,227.5 1 0
etf-insight/services/ashare/tushare_provider.go:228.4,228.40 1 0
etf-insight/services/ashare/tushare_provider.go:228.40,230.5 1 0
etf-insight/services/ashare/tushare_provider.go:231.4,231.40 1 0
etf-insight/services/ashare/tushare_provider.go:231.40,233.5 1 0
etf-insight/services/ashare/tushare_provider.go:234.4,234.40 1 0
etf-insight/services/ashare/tushare_provider.go:234.40,236.5 1 0
etf-insight/services/ashare/tushare_provider.go:237.4,237.40 1 0
etf-insight/services/ashare/tushare_provider.go:237.40,239.5 1 0
etf-insight/services/ashare/tushare_provider.go:240.4,240.40 1 0
etf-insight/services/ashare/tushare_provider.go:240.40,242.5 1 0
etf-insight/services/ashare/tushare_provider.go:243.4,243.40 1 0
etf-insight/services/ashare/tushare_provider.go:243.40,245.5 1 0
etf-insight/services/ashare/tushare_provider.go:246.4,246.41 1 0
etf-insight/services/ashare/tushare_provider.go:246.41,248.5 1 0
etf-insight/services/ashare/tushare_provider.go:249.4,249.36 1 0
etf-insight/services/ashare/tushare_provider.go:253.2,253.21 1 0
etf-insight/services/ashare/tushare_provider.go:257.54,258.23 1 0
etf-insight/services/ashare/tushare_provider.go:258.23,259.42 1 0
etf-insight/services/ashare/tushare_provider.go:259.42,261.4 1 0
etf-insight/services/ashare/tushare_provider.go:263.2,263.11 1 0
etf-insight/router/router.go:52.11,89.2 15 0
etf-insight/router/router.go:91.42,93.2 1 0
etf-insight/router/router.go:95.35,114.2 18 0
etf-insight/router/router.go:116.41,120.2 3 0
etf-insight/router/router.go:122.38,124.2 2 0
etf-insight/router/router.go:124.2,141.3 15 0
etf-insight/router/router.go:144.44,146.2 2 0
etf-insight/router/router.go:146.2,156.3 8 0
etf-insight/router/router.go:158.2,159.2 2 0
etf-insight/router/router.go:159.2,167.3 7 0
etf-insight/router/router.go:170.47,172.2 2 0
etf-insight/router/router.go:172.2,180.3 7 0
etf-insight/router/router.go:183.41,185.2 2 0
etf-insight/router/router.go:185.2,192.3 6 0
etf-insight/router/router.go:195.40,197.2 2 0
etf-insight/router/router.go:197.2,201.3 3 0
etf-insight/router/router.go:204.43,206.2 2 0
etf-insight/router/router.go:206.2,211.3 4 0
etf-insight/router/router.go:214.44,216.2 2 0
etf-insight/router/router.go:216.2,224.3 7 0
etf-insight/router/router.go:227.41,229.2 2 0
etf-insight/router/router.go:229.2,249.3 19 0
etf-insight/router/router.go:252.47,254.2 2 0
etf-insight/router/router.go:254.2,269.3 14 0
etf-insight/router/router.go:272.47,274.2 2 0
etf-insight/router/router.go:274.2,282.3 7 0
etf-insight/router/router.go:283.2,283.79 1 0
etf-insight/router/router.go:286.48,288.2 2 0
etf-insight/router/router.go:288.2,296.3 7 0
etf-insight/router/router.go:299.41,301.2 2 0
etf-insight/router/router.go:301.2,316.3 11 0
etf-insight/router/router.go:319.41,323.40 4 0
etf-insight/router/router.go:323.40,325.3 1 0
etf-insight/router/router.go:328.47,330.2 2 0
etf-insight/router/router.go:330.2,334.3 3 0
etf-insight/router/router.go:337.44,339.2 2 0
etf-insight/router/router.go:339.2,347.3 7 0
etf-insight/router/router.go:350.49,352.2 2 0
etf-insight/router/router.go:352.2,358.3 5 0
etf-insight/services/backtest/dataprovider.go:20.67,25.2 1 0
etf-insight/services/backtest/dataprovider.go:28.80,36.16 3 0
etf-insight/services/backtest/dataprovider.go:36.16,38.3 1 0
etf-insight/services/backtest/dataprovider.go:41.2,44.31 3 0
etf-insight/services/backtest/dataprovider.go:44.31,48.86 2 0
etf-insight/services/backtest/dataprovider.go:48.86,55.39 5 0
etf-insight/services/backtest/dataprovider.go:55.39,57.5 1 0
etf-insight/services/backtest/dataprovider.go:60.3,69.4 1 0
etf-insight/services/backtest/dataprovider.go:72.2,72.18 1 0
etf-insight/services/backtest/dataprovider.go:76.73,80.53 3 0
etf-insight/services/backtest/dataprovider.go:80.53,82.3 1 0
etf-insight/services/backtest/dataprovider.go:84.2,84.36 1 0
etf-insight/services/backtest/dataprovider.go:84.36,88.38 2 0
etf-insight/services/backtest/dataprovider.go:88.38,90.4 1 0
etf-insight/services/backtest/dataprovider.go:93.2,93.15 1 0
etf-insight/services/backtest/dataprovider.go:97.74,125.45 2 0
etf-insight/services/backtest/dataprovider.go:125.45,127.3 1 0
etf-insight/services/backtest/dataprovider.go:130.2,130.18 1 0
etf-insight/services/backtest/dataprovider.go:131.32,132.37 1 0
etf-insight/services/backtest/dataprovider.go:133.16,134.37 1 0
etf-insight/services/backtest/dataprovider.go:135.14,136.37 1 0
etf-insight/services/backtest/dataprovider.go:137.10,138.22 1 0
etf-insight/services/backtest/dataprovider.go:143.48,145.2 1 0
etf-insight/services/backtest/dataprovider.go:155.89,161.2 1 0
etf-insight/services/backtest/dataprovider.go:164.80,168.35 2 0
etf-insight/services/backtest/dataprovider.go:168.35,176.17 3 0
etf-insight/services/backtest/dataprovider.go:176.17,178.4 1 0
etf-insight/services/backtest/dataprovider.go:180.3,181.32 2 0
etf-insight/services/backtest/dataprovider.go:181.32,184.87 2 0
etf-insight/services/backtest/dataprovider.go:184.87,189.40 5 0
etf-insight/services/backtest/dataprovider.go:189.40,191.6 1 0
etf-insight/services/backtest/dataprovider.go:194.4,203.5 1 0
etf-insight/services/backtest/dataprovider.go:206.3,206.24 1 0
etf-insight/services/backtest/dataprovider.go:209.2,209.12 1 0
etf-insight/services/backtest/dataprovider.go:213.82,217.53 3 0
etf-insight/services/backtest/dataprovider.go:217.53,219.3 1 0
etf-insight/services/backtest/dataprovider.go:221.2,221.36 1 0
etf-insight/services/backtest/dataprovider.go:221.36,223.38 2 0
etf-insight/services/backtest/dataprovider.go:223.38,225.4 1 0
etf-insight/services/backtest/dataprovider.go:228.2,228.15 1 0
etf-insight/services/backtest/dataprovider.go:232.104,234.9 2 0
etf-insight/services/backtest/dataprovider.go:234.9,236.3 1 0
etf-insight/services/backtest/dataprovider.go:239.2,240.27 2 0
etf-insight/services/backtest/dataprovider.go:240.27,242.58 1 0
etf-insight/services/backtest/dataprovider.go:242.58,244.4 1 0
etf-insight/services/backtest/dataprovider.go:247.2,247.22 1 0
etf-insight/services/backtest/dataprovider.go:251.66,253.2 1 0
etf-insight/services/backtest/dataprovider.go:256.57,258.2 1 0
etf-insight/services/backtest/dataprovider.go:266.46,270.2 1 0
etf-insight/services/backtest/dataprovider.go:273.107,277.28 3 0
etf-insight/services/backtest/dataprovider.go:277.28,300.3 9 0
etf-insight/services/backtest/dataprovider.go:304.82,306.29 2 0
etf-insight/services/backtest/dataprovider.go:306.29,308.58 1 0
etf-insight/services/backtest/dataprovider.go:308.58,310.4 1 0
etf-insight/services/backtest/dataprovider.go:312.2,312.22 1 0
etf-insight/services/backtest/dataprovider.go:316.50,318.29 2 0
etf-insight/services/backtest/dataprovider.go:318.29,320.3 1 0
etf-insight/services/backtest/dataprovider.go:322.2,323.30 2 0
etf-insight/services/backtest/dataprovider.go:323.30,325.3 1 0
etf-insight/services/backtest/dataprovider.go:326.2,326.15 1 0
etf-insight/services/backtest/engine.go:109.83,122.2 1 0
etf-insight/services/backtest/engine.go:125.64,127.2 1 0
etf-insight/services/backtest/engine.go:130.68,132.2 1 0
etf-insight/services/backtest/engine.go:135.64,137.2 1 0
etf-insight/services/backtest/engine.go:140.65,142.2 1 0
etf-insight/services/backtest/engine.go:145.85,151.16 4 0
etf-insight/services/backtest/engine.go:151.16,153.3 1 0
etf-insight/services/backtest/engine.go:155.2,155.20 1 0
etf-insight/services/backtest/engine.go:155.20,157.3 1 0
etf-insight/services/backtest/engine.go:160.2,163.27 2 0
etf-insight/services/backtest/engine.go:163.27,174.34 4 0
etf-insight/services/backtest/engine.go:174.34,175.55 1 0
etf-insight/services/backtest/engine.go:175.55,178.13 1 0
etf-insight/services/backtest/engine.go:183.3,186.27 2 0
etf-insight/services/backtest/engine.go:190.2,192.32 2 0
etf-insight/services/backtest/engine.go:196.72,197.21 1 0
etf-insight/services/backtest/engine.go:198.17,199.35 1 0
etf-insight/services/backtest/engine.go:200.18,201.36 1 0
etf-insight/services/backtest/engine.go:203.2,203.12 1 0
etf-insight/services/backtest/engine.go:207.69,219.45 5 0
etf-insight/services/backtest/engine.go:219.45,221.3 1 0
etf-insight/services/backtest/engine.go:224.2,225.13 2 0
etf-insight/services/backtest/engine.go:225.13,233.3 2 0
etf-insight/services/backtest/engine.go:236.2,237.45 2 0
etf-insight/services/backtest/engine.go:237.45,240.3 2 0
etf-insight/services/backtest/engine.go:241.2,261.12 5 0
etf-insight/services/backtest/engine.go:265.70,267.60 2 0
etf-insight/services/backtest/engine.go:267.60,269.3 1 0
etf-insight/services/backtest/engine.go:272.2,288.32 9 0
etf-insight/services/backtest/engine.go:288.32,290.3 1 0
etf-insight/services/backtest/engine.go:293.2,310.12 4 0
etf-insight/services/backtest/engine.go:314.52,315.57 1 0
etf-insight/services/backtest/engine.go:315.57,319.3 3 0
etf-insight/services/backtest/engine.go:323.53,324.27 1 0
etf-insight/services/backtest/engine.go:324.27,326.3 1 0
etf-insight/services/backtest/engine.go:328.2,328.44 1 0
etf-insight/services/backtest/engine.go:328.44,329.27 1 0
etf-insight/services/backtest/engine.go:329.27,346.4 5 0
etf-insight/services/backtest/engine.go:351.55,353.39 2 0
etf-insight/services/backtest/engine.go:353.39,355.3 1 0
etf-insight/services/backtest/engine.go:357.2,362.28 4 0
etf-insight/services/backtest/engine.go:362.28,364.43 2 0
etf-insight/services/backtest/engine.go:364.43,366.4 1 0
etf-insight/services/backtest/engine.go:370.2,371.38 2 0
etf-insight/services/backtest/engine.go:371.38,372.37 1 0
etf-insight/services/backtest/engine.go:372.37,374.4 1 0
etf-insight/services/backtest/engine.go:376.2,376.35 1 0
etf-insight/services/backtest/engine.go:376.35,378.3 1 0
etf-insight/services/backtest/engine.go:379.2,379.36 1 0
etf-insight/services/backtest/engine.go:379.36,381.3 1 0
etf-insight/services/backtest/engine.go:383.2,391.46 2 0
etf-insight/services/backtest/engine.go:395.48,396.29 1 0
etf-insight/services/backtest/engine.go:396.29,398.3 1 0
etf-insight/services/backtest/engine.go:401.2,406.36 4 0
etf-insight/services/backtest/engine.go:406.36,408.38 2 0
etf-insight/services/backtest/engine.go:408.38,411.4 2 0
etf-insight/services/backtest/engine.go:415.2,416.38 2 0
etf-insight/services/backtest/engine.go:416.38,417.48 1 0
etf-insight/services/backtest/engine.go:417.48,419.4 1 0
etf-insight/services/backtest/engine.go:423.2,424.42 2 0
etf-insight/services/backtest/engine.go:424.42,426.3 1 0
etf-insight/services/backtest/engine.go:427.2,431.45 3 0
etf-insight/services/backtest/engine.go:431.45,433.3 1 0
etf-insight/services/backtest/engine.go:436.2,436.30 1 0
etf-insight/services/backtest/engine.go:440.53,446.36 5 0
etf-insight/services/backtest/engine.go:446.36,447.24 1 0
etf-insight/services/backtest/engine.go:447.24,450.46 1 0
etf-insight/services/backtest/engine.go:450.46,453.5 2 0
etf-insight/services/backtest/engine.go:453.10,456.5 2 0
etf-insight/services/backtest/engine.go:460.2,461.21 2 0
etf-insight/services/backtest/engine.go:461.21,463.3 1 0
etf-insight/services/backtest/engine.go:465.2,465.41 1 0
etf-insight/services/backtest/engine.go:465.41,467.3 1 0
etf-insight/services/backtest/engine.go:471.53,473.59 1 0
etf-insight/services/backtest/engine.go:473.59,475.36 2 0
etf-insight/services/backtest/engine.go:475.36,477.4 1 0
etf-insight/services/backtest/engine.go:482.59,485.37 2 0
etf-insight/services/backtest/engine.go:485.37,487.3 1 0
etf-insight/services/backtest/engine.go:489.2,507.3 1 0
etf-insight/services/backtest/engine.go:511.63,513.2 1 0
etf-insight/services/backtest/engine.go:516.65,518.2 1 0
etf-insight/services/backtest/engine.go:521.62,523.2 1 0
etf-insight/services/backtest/engine.go:526.58,528.2 1 0
etf-insight/services/backtest/engine.go:531.65,533.2 1 0
etf-insight/services/backtest/engine.go:537.34,539.39 1 0
etf-insight/services/backtest/engine.go:539.39,541.3 1 0
etf-insight/services/backtest/engine.go:544.62,545.23 1 0
etf-insight/services/backtest/engine.go:545.23,547.3 1 0
etf-insight/services/backtest/engine.go:550.2,551.28 2 0
etf-insight/services/backtest/engine.go:551.28,553.3 1 0
etf-insight/services/backtest/engine.go:554.2,558.28 3 0
etf-insight/services/backtest/engine.go:558.28,560.3 1 0
etf-insight/services/backtest/engine.go:561.2,563.14 2 0
etf-insight/services/backtest/engine.go:563.14,565.3 1 0
etf-insight/services/backtest/engine.go:568.2,571.37 3 0
etf-insight/services/backtest/engine.go:574.63,575.23 1 0
etf-insight/services/backtest/engine.go:575.23,577.3 1 0
etf-insight/services/backtest/engine.go:580.2,581.28 2 0
etf-insight/services/backtest/engine.go:581.28,583.3 1 0
etf-insight/services/backtest/engine.go:584.2,589.28 4 0
etf-insight/services/backtest/engine.go:589.28,590.23 1 0
etf-insight/services/backtest/engine.go:590.23,592.4 1 0
etf-insight/services/backtest/engine.go:594.2,596.22 2 0
etf-insight/services/backtest/engine.go:596.22,598.3 1 0
etf-insight/services/backtest/engine.go:601.2,604.38 3 0
etf-insight/services/backtest/event_engine.go:40.46,40.63 1 0
etf-insight/services/backtest/event_engine.go:41.46,41.68 1 0
etf-insight/services/backtest/event_engine.go:42.46,42.65 1 0
etf-insight/services/backtest/event_engine.go:176.44,182.2 1 0
etf-insight/services/backtest/event_engine.go:185.73,187.2 1 0
etf-insight/services/backtest/event_engine.go:190.39,191.9 1 0
etf-insight/services/backtest/event_engine.go:192.25,192.25 0 0
etf-insight/services/backtest/event_engine.go:193.10,195.72 1 0
etf-insight/services/backtest/event_engine.go:200.49,202.2 1 0
etf-insight/services/backtest/event_engine.go:205.53,207.35 2 0
etf-insight/services/backtest/event_engine.go:207.35,208.47 1 0
etf-insight/services/backtest/event_engine.go:208.47,210.4 1 0
etf-insight/services/backtest/event_engine.go:212.2,212.12 1 0
etf-insight/services/backtest/event_engine.go:216.29,219.2 2 0
etf-insight/services/backtest/event_engine.go:222.28,225.2 2 0
etf-insight/services/backtest/event_engine.go:228.33,229.17 1 0
etf-insight/services/backtest/event_engine.go:229.17,230.10 1 0
etf-insight/services/backtest/event_engine.go:231.32,232.11 1 0
etf-insight/services/backtest/event_engine.go:232.11,234.5 1 0
etf-insight/services/backtest/event_engine.go:235.4,235.49 1 0
etf-insight/services/backtest/event_engine.go:235.49,237.5 1 0
etf-insight/services/backtest/event_engine.go:286.89,309.2 2 0
etf-insight/services/backtest/event_engine.go:312.67,314.2 1 0
etf-insight/services/backtest/event_engine.go:317.71,319.2 1 0
etf-insight/services/backtest/event_engine.go:322.67,324.2 1 0
etf-insight/services/backtest/event_engine.go:327.68,329.2 1 0
etf-insight/services/backtest/event_engine.go:332.72,335.2 2 0
etf-insight/services/backtest/event_engine.go:338.74,341.2 2 0
etf-insight/services/backtest/event_engine.go:344.70,347.2 2 0
etf-insight/services/backtest/event_engine.go:350.99,364.16 8 0
etf-insight/services/backtest/event_engine.go:364.16,366.3 1 0
etf-insight/services/backtest/event_engine.go:368.2,368.20 1 0
etf-insight/services/backtest/event_engine.go:368.20,370.3 1 0
etf-insight/services/backtest/event_engine.go:373.2,376.27 2 0
etf-insight/services/backtest/event_engine.go:376.27,412.34 11 0
etf-insight/services/backtest/event_engine.go:412.34,414.4 1 0
etf-insight/services/backtest/event_engine.go:417.3,417.27 1 0
etf-insight/services/backtest/event_engine.go:421.2,423.32 2 0
etf-insight/services/backtest/event_engine.go:427.96,429.16 2 0
etf-insight/services/backtest/event_engine.go:429.16,431.3 1 0
etf-insight/services/backtest/event_engine.go:434.2,453.8 1 0
etf-insight/services/backtest/event_engine.go:457.53,462.2 2 0
etf-insight/services/backtest/event_engine.go:465.69,469.21 3 0
etf-insight/services/backtest/event_engine.go:470.17,472.26 2 0
etf-insight/services/backtest/event_engine.go:473.18,475.26 2 0
etf-insight/services/backtest/event_engine.go:476.10,477.9 1 0
etf-insight/services/backtest/event_engine.go:481.2,481.26 1 0
etf-insight/services/backtest/event_engine.go:481.26,483.50 2 0
etf-insight/services/backtest/event_engine.go:483.50,485.4 1 0
etf-insight/services/backtest/event_engine.go:486.8,488.61 2 0
etf-insight/services/backtest/event_engine.go:488.61,490.4 1 0
etf-insight/services/backtest/event_engine.go:493.2,520.29 5 0
etf-insight/services/backtest/event_engine.go:524.60,527.40 2 0
etf-insight/services/backtest/event_engine.go:527.40,528.33 1 0
etf-insight/services/backtest/event_engine.go:528.33,530.12 2 0
etf-insight/services/backtest/event_engine.go:534.3,537.21 3 0
etf-insight/services/backtest/event_engine.go:538.20,539.21 1 0
etf-insight/services/backtest/event_engine.go:540.19,541.79 1 0
etf-insight/services/backtest/event_engine.go:541.79,544.5 2 0
etf-insight/services/backtest/event_engine.go:544.10,544.91 1 0
etf-insight/services/backtest/event_engine.go:544.91,547.5 2 0
etf-insight/services/backtest/event_engine.go:548.18,549.82 1 0
etf-insight/services/backtest/event_engine.go:549.82,552.5 2 0
etf-insight/services/backtest/event_engine.go:552.10,552.86 1 0
etf-insight/services/backtest/event_engine.go:552.86,555.5 2 0
etf-insight/services/backtest/event_engine.go:558.3,558.17 1 0
etf-insight/services/backtest/event_engine.go:558.17,560.4 1 0
etf-insight/services/backtest/event_engine.go:560.9,562.4 1 0
etf-insight/services/backtest/event_engine.go:565.2,565.35 1 0
etf-insight/services/backtest/event_engine.go:569.100,575.11 4 0
etf-insight/services/backtest/event_engine.go:575.11,577.3 1 0
etf-insight/services/backtest/event_engine.go:577.8,579.3 1 0
etf-insight/services/backtest/event_engine.go:582.2,605.11 8 0
etf-insight/services/backtest/event_engine.go:605.11,607.3 1 0
etf-insight/services/backtest/event_engine.go:607.8,609.3 1 0
etf-insight/services/backtest/event_engine.go:612.2,620.28 2 0
etf-insight/services/backtest/event_engine.go:624.121,629.13 3 0
etf-insight/services/backtest/event_engine.go:629.13,637.3 2 0
etf-insight/services/backtest/event_engine.go:640.2,641.45 2 0
etf-insight/services/backtest/event_engine.go:641.45,644.3 2 0
etf-insight/services/backtest/event_engine.go:645.2,648.52 2 0
etf-insight/services/backtest/event_engine.go:652.122,654.53 2 0
etf-insight/services/backtest/event_engine.go:654.53,656.3 1 0
etf-insight/services/backtest/event_engine.go:658.2,667.32 6 0
etf-insight/services/backtest/event_engine.go:667.32,669.3 1 0
etf-insight/services/backtest/event_engine.go:672.2,672.55 1 0
etf-insight/services/backtest/event_engine.go:676.63,677.57 1 0
etf-insight/services/backtest/event_engine.go:677.57,678.36 1 0
etf-insight/services/backtest/event_engine.go:678.36,680.4 1 0
etf-insight/services/backtest/event_engine.go:682.3,687.42 4 0
etf-insight/services/backtest/event_engine.go:687.42,689.4 1 0
etf-insight/services/backtest/event_engine.go:692.3,692.61 1 0
etf-insight/services/backtest/event_engine.go:692.61,694.57 2 0
etf-insight/services/backtest/event_engine.go:694.57,709.5 3 0
etf-insight/services/backtest/event_engine.go:713.3,713.66 1 0
etf-insight/services/backtest/event_engine.go:713.66,714.58 1 0
etf-insight/services/backtest/event_engine.go:714.58,729.5 3 0
etf-insight/services/backtest/event_engine.go:735.54,736.25 1 0
etf-insight/services/backtest/event_engine.go:736.25,738.3 1 0
etf-insight/services/backtest/event_engine.go:740.2,740.34 1 0
etf-insight/services/backtest/event_engine.go:740.34,743.3 2 0
etf-insight/services/backtest/event_engine.go:745.2,746.51 2 0
etf-insight/services/backtest/event_engine.go:746.51,755.3 3 0
etf-insight/services/backtest/event_engine.go:759.55,760.57 1 0
etf-insight/services/backtest/event_engine.go:760.57,764.3 3 0
etf-insight/services/backtest/event_engine.go:768.56,769.27 1 0
etf-insight/services/backtest/event_engine.go:769.27,771.3 1 0
etf-insight/services/backtest/event_engine.go:773.2,773.44 1 0
etf-insight/services/backtest/event_engine.go:773.44,774.27 1 0
etf-insight/services/backtest/event_engine.go:774.27,791.4 5 0
etf-insight/services/backtest/event_engine.go:796.53,797.66 1 0
etf-insight/services/backtest/event_engine.go:797.66,799.3 1 0
etf-insight/services/backtest/event_engine.go:801.2,801.44 1 0
etf-insight/services/backtest/event_engine.go:801.44,802.27 1 0
etf-insight/services/backtest/event_engine.go:802.27,820.4 6 0
etf-insight/services/backtest/event_engine.go:825.58,827.39 2 0
etf-insight/services/backtest/event_engine.go:827.39,829.3 1 0
etf-insight/services/backtest/event_engine.go:831.2,834.43 2 0
etf-insight/services/backtest/event_engine.go:834.43,836.3 1 0
etf-insight/services/backtest/event_engine.go:839.2,840.44 2 0
etf-insight/services/backtest/event_engine.go:840.44,842.3 1 0
etf-insight/services/backtest/event_engine.go:843.2,843.41 1 0
etf-insight/services/backtest/event_engine.go:843.41,845.3 1 0
etf-insight/services/backtest/event_engine.go:848.2,849.28 2 0
etf-insight/services/backtest/event_engine.go:849.28,851.43 2 0
etf-insight/services/backtest/event_engine.go:851.43,853.4 1 0
etf-insight/services/backtest/event_engine.go:856.2,864.46 2 0
etf-insight/services/backtest/event_engine.go:868.52,870.2 0 0
etf-insight/services/backtest/event_engine.go:895.73,896.29 1 0
etf-insight/services/backtest/event_engine.go:896.29,902.3 1 0
etf-insight/services/backtest/event_engine.go:904.2,910.68 5 0
etf-insight/services/backtest/event_engine.go:910.68,912.38 2 0
etf-insight/services/backtest/event_engine.go:912.38,917.4 3 0
etf-insight/services/backtest/event_engine.go:921.2,922.38 2 0
etf-insight/services/backtest/event_engine.go:922.38,923.56 1 0
etf-insight/services/backtest/event_engine.go:923.56,925.4 1 0
etf-insight/services/backtest/event_engine.go:928.2,936.31 6 0
etf-insight/services/backtest/event_engine.go:936.31,938.33 1 0
etf-insight/services/backtest/event_engine.go:938.33,940.60 1 0
etf-insight/services/backtest/event_engine.go:940.60,941.55 1 0
etf-insight/services/backtest/event_engine.go:941.55,944.6 2 0
etf-insight/services/backtest/event_engine.go:944.11,947.6 2 0
etf-insight/services/backtest/event_engine.go:952.2,954.21 3 0
etf-insight/services/backtest/event_engine.go:954.21,956.3 1 0
etf-insight/services/backtest/event_engine.go:958.2,959.41 2 0
etf-insight/services/backtest/event_engine.go:959.41,961.3 1 0
etf-insight/services/backtest/event_engine.go:964.2,965.45 2 0
etf-insight/services/backtest/event_engine.go:965.45,967.3 1 0
etf-insight/services/backtest/event_engine.go:969.2,988.3 1 0
etf-insight/services/backtest/event_engine.go:992.73,994.31 2 0
etf-insight/services/backtest/event_engine.go:994.31,996.33 2 0
etf-insight/services/backtest/event_engine.go:996.33,998.4 1 0
etf-insight/services/backtest/event_engine.go:1000.3,1012.51 2 0
etf-insight/services/backtest/event_engine.go:1014.2,1014.21 1 0
etf-insight/services/backtest/event_engine.go:1022.55,1025.2 1 0
etf-insight/services/backtest/event_engine.go:1032.54,1035.2 1 0
etf-insight/services/backtest/event_engine.go:1038.59,1039.23 1 0
etf-insight/services/backtest/event_engine.go:1039.23,1041.3 1 0
etf-insight/services/backtest/event_engine.go:1044.2,1045.28 2 0
etf-insight/services/backtest/event_engine.go:1045.28,1047.3 1 0
etf-insight/services/backtest/event_engine.go:1048.2,1052.28 3 0
etf-insight/services/backtest/event_engine.go:1052.28,1055.3 2 0
etf-insight/services/backtest/event_engine.go:1056.2,1059.16 2 0
etf-insight/services/backtest/event_engine.go:1059.16,1063.3 3 0
etf-insight/services/backtest/event_engine.go:1065.2,1065.10 1 0
etf-insight/services/backtest/event_engine.go:1069.60,1070.23 1 0
etf-insight/services/backtest/event_engine.go:1070.23,1072.3 1 0
etf-insight/services/backtest/event_engine.go:1075.2,1076.28 2 0
etf-insight/services/backtest/event_engine.go:1076.28,1078.3 1 0
etf-insight/services/backtest/event_engine.go:1079.2,1084.28 4 0
etf-insight/services/backtest/event_engine.go:1084.28,1085.12 1 0
etf-insight/services/backtest/event_engine.go:1085.12,1088.4 2 0
etf-insight/services/backtest/event_engine.go:1091.2,1091.24 1 0
etf-insight/services/backtest/event_engine.go:1091.24,1093.3 1 0
etf-insight/services/backtest/event_engine.go:1095.2,1098.24 2 0
etf-insight/services/backtest/event_engine.go:1098.24,1102.3 3 0
etf-insight/services/backtest/event_engine.go:1104.2,1104.10 1 0
etf-insight/services/backtest/event_engine.go:1108.35,1109.12 1 0
etf-insight/services/backtest/event_engine.go:1109.12,1111.3 1 0
etf-insight/services/backtest/event_engine.go:1112.2,1113.26 2 0
etf-insight/services/backtest/event_engine.go:1113.26,1115.3 1 0
etf-insight/services/backtest/event_engine.go:1116.2,1116.10 1 0
etf-insight/services/backtest/factors.go:18.61,23.2 1 0
etf-insight/services/backtest/factors.go:85.22,86.50 1 0
etf-insight/services/backtest/factors.go:86.50,88.3 1 0
etf-insight/services/backtest/factors.go:91.2,105.3 5 0
etf-insight/services/backtest/factors.go:116.22,118.24 2 0
etf-insight/services/backtest/factors.go:118.24,120.3 1 0
etf-insight/services/backtest/factors.go:123.2,132.3 3 0
etf-insight/services/backtest/factors.go:136.116,137.63 1 0
etf-insight/services/backtest/factors.go:137.63,139.3 1 0
etf-insight/services/backtest/factors.go:142.2,147.37 4 0
etf-insight/services/backtest/factors.go:147.37,148.26 1 0
etf-insight/services/backtest/factors.go:148.26,150.4 1 0
etf-insight/services/backtest/factors.go:150.9,152.4 1 0
etf-insight/services/backtest/factors.go:155.2,158.29 3 0
etf-insight/services/backtest/factors.go:162.119,163.66 1 0
etf-insight/services/backtest/factors.go:163.66,165.3 1 0
etf-insight/services/backtest/factors.go:168.2,174.41 5 0
etf-insight/services/backtest/factors.go:174.41,175.34 1 0
etf-insight/services/backtest/factors.go:175.34,177.4 1 0
etf-insight/services/backtest/factors.go:177.9,177.38 1 0
etf-insight/services/backtest/factors.go:177.38,179.4 1 0
etf-insight/services/backtest/factors.go:182.2,185.28 3 0
etf-insight/services/backtest/factors.go:189.120,190.67 1 0
etf-insight/services/backtest/factors.go:190.67,192.3 1 0
etf-insight/services/backtest/factors.go:195.2,200.43 4 0
etf-insight/services/backtest/factors.go:200.43,201.38 1 0
etf-insight/services/backtest/factors.go:201.38,203.4 1 0
etf-insight/services/backtest/factors.go:203.9,205.4 1 0
etf-insight/services/backtest/factors.go:208.2,211.31 3 0
etf-insight/services/backtest/factors.go:215.117,216.64 1 0
etf-insight/services/backtest/factors.go:216.64,218.3 1 0
etf-insight/services/backtest/factors.go:221.2,226.39 4 0
etf-insight/services/backtest/factors.go:226.39,227.34 1 0
etf-insight/services/backtest/factors.go:227.34,229.4 1 0
etf-insight/services/backtest/factors.go:229.9,231.4 1 0
etf-insight/services/backtest/factors.go:234.2,237.43 3 0
etf-insight/services/backtest/factors.go:242.111,243.34 1 0
etf-insight/services/backtest/factors.go:243.34,245.3 1 0
etf-insight/services/backtest/factors.go:248.2,251.22 2 0
etf-insight/services/backtest/factors.go:251.22,254.3 2 0
etf-insight/services/backtest/factors.go:256.2,256.18 1 0
etf-insight/services/backtest/factors.go:261.90,262.23 1 0
etf-insight/services/backtest/factors.go:262.23,264.3 1 0
etf-insight/services/backtest/factors.go:267.2,270.42 2 0
etf-insight/services/backtest/factors.go:270.42,272.3 1 0
etf-insight/services/backtest/factors.go:274.2,274.21 1 0
etf-insight/services/backtest/factors.go:284.19,291.35 2 0
etf-insight/services/backtest/factors.go:291.35,293.3 1 0
etf-insight/services/backtest/factors.go:296.2,296.35 1 0
etf-insight/services/backtest/factors.go:296.35,298.3 1 0
etf-insight/services/backtest/factors.go:301.2,301.44 1 0
etf-insight/services/backtest/factors.go:301.44,303.3 1 0
etf-insight/services/backtest/factors.go:306.2,308.14 2 0
etf-insight/services/backtest/factors.go:318.19,325.34 2 0
etf-insight/services/backtest/factors.go:325.34,327.3 1 0
etf-insight/services/backtest/factors.go:330.2,330.34 1 0
etf-insight/services/backtest/factors.go:330.34,332.3 1 0
etf-insight/services/backtest/factors.go:335.2,335.34 1 0
etf-insight/services/backtest/factors.go:335.34,337.3 1 0
etf-insight/services/backtest/factors.go:340.2,342.14 2 0
etf-insight/services/backtest/factors.go:350.34,353.54 2 0
etf-insight/services/backtest/factors.go:353.54,354.49 1 0
etf-insight/services/backtest/factors.go:354.49,355.12 1 0
etf-insight/services/backtest/factors.go:359.3,360.31 2 0
etf-insight/services/backtest/factors.go:363.2,363.18 1 0
etf-insight/services/backtest/factors.go:368.65,369.22 1 0
etf-insight/services/backtest/factors.go:369.22,371.3 1 0
etf-insight/services/backtest/factors.go:373.2,374.27 2 0
etf-insight/services/backtest/factors.go:374.27,376.3 1 0
etf-insight/services/backtest/factors.go:378.2,378.56 1 0
etf-insight/services/backtest/factors.go:381.64,382.22 1 0
etf-insight/services/backtest/factors.go:382.22,384.3 1 0
etf-insight/services/backtest/factors.go:387.2,391.41 3 0
etf-insight/services/backtest/factors.go:391.41,393.3 1 0
etf-insight/services/backtest/factors.go:395.2,396.24 2 0
etf-insight/services/backtest/factors.go:396.24,398.3 1 0
etf-insight/services/backtest/factors.go:399.2,399.20 1 0
etf-insight/services/backtest/factors.go:402.79,403.22 1 0
etf-insight/services/backtest/factors.go:403.22,405.3 1 0
etf-insight/services/backtest/factors.go:408.2,412.41 3 0
etf-insight/services/backtest/factors.go:412.41,414.3 1 0
etf-insight/services/backtest/factors.go:417.2,421.26 4 0
etf-insight/services/backtest/factors.go:421.26,423.3 1 0
etf-insight/services/backtest/factors.go:426.2,427.74 2 0
etf-insight/services/backtest/factors.go:430.69,431.23 1 0
etf-insight/services/backtest/factors.go:431.23,433.3 1 0
etf-insight/services/backtest/factors.go:436.2,440.28 3 0
etf-insight/services/backtest/factors.go:440.28,443.3 2 0
etf-insight/services/backtest/factors.go:444.2,449.19 3 0
etf-insight/services/backtest/factors.go:452.101,453.71 1 0
etf-insight/services/backtest/factors.go:453.71,455.3 1 0
etf-insight/services/backtest/factors.go:458.2,464.41 5 0
etf-insight/services/backtest/factors.go:464.41,470.3 4 0
etf-insight/services/backtest/factors.go:472.2,475.29 3 0
etf-insight/services/backtest/factors.go:475.29,477.3 1 0
etf-insight/services/backtest/factors.go:479.2,479.39 1 0
etf-insight/services/backtest/factors.go:483.67,549.2 1 0
etf-insight/services/backtest/strategies.go:16.41,18.2 1 0
etf-insight/services/backtest/strategies.go:20.48,22.2 1 0
etf-insight/services/backtest/strategies.go:33.93,43.2 1 0
etf-insight/services/backtest/strategies.go:46.98,53.32 4 0
etf-insight/services/backtest/strategies.go:53.32,55.3 1 0
etf-insight/services/backtest/strategies.go:58.2,62.34 3 0
etf-insight/services/backtest/strategies.go:62.34,64.3 1 0
etf-insight/services/backtest/strategies.go:67.2,71.76 3 0
etf-insight/services/backtest/strategies.go:71.76,75.41 3 0
etf-insight/services/backtest/strategies.go:75.41,82.4 1 0
etf-insight/services/backtest/strategies.go:86.2,86.76 1 0
etf-insight/services/backtest/strategies.go:86.76,88.69 2 0
etf-insight/services/backtest/strategies.go:88.69,95.4 1 0
etf-insight/services/backtest/strategies.go:98.2,98.16 1 0
etf-insight/services/backtest/strategies.go:111.76,122.2 1 0
etf-insight/services/backtest/strategies.go:125.83,132.30 4 0
etf-insight/services/backtest/strategies.go:132.30,134.3 1 0
etf-insight/services/backtest/strategies.go:137.2,140.37 2 0
etf-insight/services/backtest/strategies.go:140.37,143.41 3 0
etf-insight/services/backtest/strategies.go:143.41,150.4 1 0
etf-insight/services/backtest/strategies.go:154.2,154.42 1 0
etf-insight/services/backtest/strategies.go:154.42,156.69 2 0
etf-insight/services/backtest/strategies.go:156.69,163.4 1 0
etf-insight/services/backtest/strategies.go:166.2,166.16 1 0
etf-insight/services/backtest/strategies.go:181.85,193.2 1 0
etf-insight/services/backtest/strategies.go:196.88,204.53 4 0
etf-insight/services/backtest/strategies.go:204.53,207.3 1 0
etf-insight/services/backtest/strategies.go:210.2,210.57 1 0
etf-insight/services/backtest/strategies.go:210.57,215.3 3 0
etf-insight/services/backtest/strategies.go:217.2,220.45 2 0
etf-insight/services/backtest/strategies.go:220.45,229.49 4 0
etf-insight/services/backtest/strategies.go:229.49,231.4 1 0
etf-insight/services/backtest/strategies.go:234.3,234.49 1 0
etf-insight/services/backtest/strategies.go:234.49,236.4 1 0
etf-insight/services/backtest/strategies.go:239.3,240.57 2 0
etf-insight/services/backtest/strategies.go:240.57,242.4 1 0
etf-insight/services/backtest/strategies.go:245.3,246.43 2 0
etf-insight/services/backtest/strategies.go:246.43,247.74 1 0
etf-insight/services/backtest/strategies.go:247.74,254.5 1 0
etf-insight/services/backtest/strategies.go:258.3,258.29 1 0
etf-insight/services/backtest/strategies.go:258.29,261.53 2 0
etf-insight/services/backtest/strategies.go:261.53,265.43 3 0
etf-insight/services/backtest/strategies.go:265.43,273.6 2 0
etf-insight/services/backtest/strategies.go:278.2,278.16 1 0
etf-insight/services/backtest/strategies.go:290.82,292.28 2 0
etf-insight/services/backtest/strategies.go:292.28,294.3 1 0
etf-insight/services/backtest/strategies.go:296.2,304.3 1 0
etf-insight/services/backtest/strategies.go:308.91,319.50 5 0
etf-insight/services/backtest/strategies.go:319.50,320.56 1 0
etf-insight/services/backtest/strategies.go:320.56,322.4 1 0
etf-insight/services/backtest/strategies.go:327.2,327.42 1 0
etf-insight/services/backtest/strategies.go:327.42,330.41 3 0
etf-insight/services/backtest/strategies.go:330.41,337.4 1 0
etf-insight/services/backtest/strategies.go:338.8,338.46 1 0
etf-insight/services/backtest/strategies.go:338.46,340.69 2 0
etf-insight/services/backtest/strategies.go:340.69,342.52 2 0
etf-insight/services/backtest/strategies.go:342.52,344.5 1 0
etf-insight/services/backtest/strategies.go:345.4,346.42 2 0
etf-insight/services/backtest/strategies.go:346.42,353.5 1 0
etf-insight/services/backtest/strategies.go:357.2,357.16 1 0
etf-insight/services/backtest/strategies.go:361.109,365.22 3 0
etf-insight/services/backtest/strategies.go:365.22,367.3 1 0
etf-insight/services/backtest/strategies.go:370.2,378.16 6 0
etf-insight/services/backtest/strategies.go:382.57,384.42 2 0
etf-insight/services/backtest/strategies.go:384.42,386.3 1 0
etf-insight/services/backtest/strategies.go:387.2,387.14 1 0
etf-insight/services/backtest/strategies.go:397.50,405.2 1 0
etf-insight/services/backtest/strategies.go:408.90,412.34 2 0
etf-insight/services/backtest/strategies.go:412.34,416.41 3 0
etf-insight/services/backtest/strategies.go:416.41,424.4 2 0
etf-insight/services/backtest/strategies.go:427.2,427.16 1 0
etf-insight/services/backtest/strategies.go:432.73,433.26 1 0
etf-insight/services/backtest/strategies.go:433.26,435.3 1 0
etf-insight/services/backtest/strategies.go:437.2,438.54 2 0
etf-insight/services/backtest/strategies.go:438.54,440.3 1 0
etf-insight/services/backtest/strategies.go:442.2,442.51 1 0
etf-insight/services/backtest/strategies.go:445.73,446.28 1 0
etf-insight/services/backtest/strategies.go:446.28,448.3 1 0
etf-insight/services/backtest/strategies.go:450.2,453.54 3 0
etf-insight/services/backtest/strategies.go:453.54,455.39 2 0
etf-insight/services/backtest/strategies.go:455.39,457.4 1 0
etf-insight/services/backtest/strategies.go:457.9,459.4 1 0
etf-insight/services/backtest/strategies.go:462.2,462.21 1 0
etf-insight/services/backtest/strategies.go:462.21,464.3 1 0
etf-insight/services/backtest/strategies.go:466.2,472.12 5 0
etf-insight/services/backtest/strategies.go:475.67,476.21 1 0
etf-insight/services/backtest/strategies.go:476.21,478.3 1 0
etf-insight/services/backtest/strategies.go:480.2,481.35 2 0
etf-insight/services/backtest/strategies.go:481.35,483.3 1 0
etf-insight/services/backtest/strategies.go:485.2,485.16 1 0
etf-insight/services/backtest/types.go:101.103,103.2 1 0
etf-insight/services/backtest/types.go:111.93,113.87 2 0
etf-insight/services/backtest/types.go:113.87,115.3 1 0
etf-insight/services/backtest/types.go:116.2,116.19 1 0
etf-insight/services/backtest/types.go:124.102,126.41 2 0
etf-insight/services/backtest/types.go:126.41,128.3 1 0
etf-insight/services/backtest/types.go:129.2,129.22 1 0
etf-insight/services/backtest/types.go:139.102,149.2 4 0
etf-insight/services/backtest/types.go:163.92,166.31 2 0
etf-insight/services/backtest/types.go:166.31,168.67 1 0
etf-insight/services/backtest/types.go:168.67,170.4 1 0
etf-insight/services/backtest/types.go:174.2,174.52 1 0
etf-insight/services/backtest/types.go:184.107,186.41 2 0
etf-insight/services/backtest/types.go:186.41,188.3 1 0
etf-insight/services/backtest/types.go:189.2,189.22 1 0
etf-insight/services/backtest/types.go:193.62,195.2 1 0
etf-insight/services/backtest/types.go:198.60,200.2 1 0
etf-insight/services/datasource/asset_provider.go:136.54,140.2 1 0
etf-insight/services/datasource/asset_provider.go:143.65,145.2 1 0
etf-insight/services/datasource/asset_provider.go:148.71,151.2 2 0
etf-insight/services/datasource/asset_provider.go:154.97,157.32 2 0
etf-insight/services/datasource/asset_provider.go:157.32,159.3 1 0
etf-insight/services/datasource/asset_provider.go:162.2,165.37 2 0
etf-insight/services/datasource/asset_provider.go:165.37,166.32 1 0
etf-insight/services/datasource/asset_provider.go:166.32,168.4 1 0
etf-insight/services/datasource/asset_provider.go:171.2,171.36 1 0
etf-insight/services/datasource/asset_provider.go:175.66,177.32 2 0
etf-insight/services/datasource/asset_provider.go:177.32,179.3 1 0
etf-insight/services/datasource/asset_provider.go:180.2,180.18 1 0
etf-insight/services/datasource/asset_provider.go:184.89,186.16 2 0
etf-insight/services/datasource/asset_provider.go:186.16,188.3 1 0
etf-insight/services/datasource/asset_provider.go:190.2,190.51 1 0
etf-insight/services/datasource/asset_provider.go:190.51,192.3 1 0
etf-insight/services/datasource/asset_provider.go:195.2,195.30 1 0
etf-insight/services/datasource/asset_provider.go:199.57,201.40 1 0
etf-insight/services/datasource/asset_provider.go:201.40,202.43 1 0
etf-insight/services/datasource/asset_provider.go:202.43,203.59 1 0
etf-insight/services/datasource/asset_provider.go:203.59,205.5 1 0
etf-insight/services/datasource/asset_provider.go:216.81,220.2 1 0
etf-insight/services/datasource/asset_provider.go:223.99,225.16 2 0
etf-insight/services/datasource/asset_provider.go:225.16,227.3 1 0
etf-insight/services/datasource/asset_provider.go:228.2,228.39 1 0
etf-insight/services/datasource/asset_provider.go:232.115,234.16 2 0
etf-insight/services/datasource/asset_provider.go:234.16,236.3 1 0
etf-insight/services/datasource/asset_provider.go:237.2,237.45 1 0
etf-insight/services/datasource/asset_provider.go:241.105,243.16 2 0
etf-insight/services/datasource/asset_provider.go:243.16,245.3 1 0
etf-insight/services/datasource/asset_provider.go:246.2,246.45 1 0
etf-insight/services/datasource/asset_provider.go:256.72,260.2 1 0
etf-insight/services/datasource/asset_provider.go:263.42,265.2 1 0
etf-insight/services/datasource/asset_provider.go:268.49,270.2 1 0
etf-insight/services/datasource/asset_provider.go:273.66,275.2 1 0
etf-insight/services/datasource/asset_provider.go:278.44,280.2 1 0
etf-insight/services/datasource/asset_provider.go:283.43,285.2 1 0
etf-insight/services/datasource/asset_provider.go:288.96,290.37 1 0
etf-insight/services/datasource/asset_provider.go:290.37,292.3 1 0
etf-insight/services/datasource/asset_provider.go:295.2,295.36 1 0
etf-insight/services/datasource/errors.go:47.42,48.20 1 0
etf-insight/services/datasource/errors.go:48.20,50.3 1 0
etf-insight/services/datasource/errors.go:51.2,51.55 1 0
etf-insight/services/datasource/errors.go:54.42,56.2 1 0
etf-insight/services/datasource/errors.go:59.40,62.2 2 0
etf-insight/services/datasource/fallback_provider.go:18.46,25.2 3 0
etf-insight/services/datasource/fallback_provider.go:27.45,29.2 1 0
etf-insight/services/datasource/fallback_provider.go:31.66,33.2 1 0
etf-insight/services/datasource/fallback_provider.go:35.47,37.2 1 0
etf-insight/services/datasource/fallback_provider.go:39.93,40.18 1 0
etf-insight/services/datasource/fallback_provider.go:40.18,42.3 1 0
etf-insight/services/datasource/fallback_provider.go:44.2,45.9 2 0
etf-insight/services/datasource/fallback_provider.go:45.9,47.3 1 0
etf-insight/services/datasource/fallback_provider.go:49.2,49.48 1 0
etf-insight/services/datasource/fallback_provider.go:52.99,53.23 1 0
etf-insight/services/datasource/fallback_provider.go:53.23,55.3 1 0
etf-insight/services/datasource/fallback_provider.go:57.2,58.33 2 0
etf-insight/services/datasource/fallback_provider.go:58.33,60.17 2 0
etf-insight/services/datasource/fallback_provider.go:60.17,61.12 1 0
etf-insight/services/datasource/fallback_provider.go:63.3,63.35 1 0
etf-insight/services/datasource/fallback_provider.go:66.2,66.21 1 0
etf-insight/services/datasource/fallback_provider.go:69.87,85.23 11 0
etf-insight/services/datasource/fallback_provider.go:85.23,87.3 1 0
etf-insight/services/datasource/fallback_provider.go:89.2,103.3 1 0
etf-insight/services/datasource/fallback_provider.go:108.122,109.18 1 0
etf-insight/services/datasource/fallback_provider.go:109.18,111.3 1 0
etf-insight/services/datasource/fallback_provider.go:114.2,122.22 2 0
etf-insight/services/datasource/fallback_provider.go:125.71,127.2 1 0
etf-insight/services/datasource/fallback_provider.go:129.51,131.99 2 0
etf-insight/services/datasource/fallback_provider.go:131.99,134.3 2 0
etf-insight/services/datasource/fallback_provider.go:136.2,136.30 1 0
etf-insight/services/datasource/fallback_provider.go:136.30,142.35 3 0
etf-insight/services/datasource/fallback_provider.go:142.35,144.4 1 0
etf-insight/services/datasource/fallback_provider.go:144.9,145.63 1 0
etf-insight/services/datasource/fallback_provider.go:145.63,147.5 1 0
etf-insight/services/datasource/fallback_provider.go:152.45,179.2 1 0
etf-insight/services/datasource/fallback_provider.go:181.32,182.11 1 0
etf-insight/services/datasource/fallback_provider.go:182.11,184.3 1 0
etf-insight/services/datasource/fallback_provider.go:185.2,185.10 1 0
etf-insight/services/datasource/fallback_provider.go:188.32,189.11 1 0
etf-insight/services/datasource/fallback_provider.go:189.11,191.3 1 0
etf-insight/services/datasource/fallback_provider.go:192.2,192.10 1 0
etf-insight/services/datasource/finage_provider.go:55.64,63.21 2 0
etf-insight/services/datasource/finage_provider.go:63.21,64.29 1 0
etf-insight/services/datasource/finage_provider.go:64.29,66.4 1 0
etf-insight/services/datasource/finage_provider.go:67.3,67.28 1 0
etf-insight/services/datasource/finage_provider.go:67.28,69.4 1 0
etf-insight/services/datasource/finage_provider.go:70.3,70.30 1 0
etf-insight/services/datasource/finage_provider.go:70.30,72.4 1 0
etf-insight/services/datasource/finage_provider.go:73.3,73.31 1 0
etf-insight/services/datasource/finage_provider.go:73.31,75.4 1 0
etf-insight/services/datasource/finage_provider.go:79.2,84.24 2 0
etf-insight/services/datasource/finage_provider.go:84.24,85.60 1 0
etf-insight/services/datasource/finage_provider.go:85.60,90.4 2 0
etf-insight/services/datasource/finage_provider.go:93.2,99.3 1 0
etf-insight/services/datasource/finage_provider.go:102.43,104.2 1 0
etf-insight/services/datasource/finage_provider.go:106.64,110.36 3 0
etf-insight/services/datasource/finage_provider.go:110.36,112.3 1 0
etf-insight/services/datasource/finage_provider.go:116.2,116.13 1 0
etf-insight/services/datasource/finage_provider.go:119.45,121.2 1 0
etf-insight/services/datasource/finage_provider.go:123.91,124.18 1 0
etf-insight/services/datasource/finage_provider.go:124.18,130.3 1 0
etf-insight/services/datasource/finage_provider.go:132.2,132.9 1 0
etf-insight/services/datasource/finage_provider.go:133.35,134.16 1 0
etf-insight/services/datasource/finage_provider.go:134.16,134.35 1 0
etf-insight/services/datasource/finage_provider.go:135.20,141.4 1 0
etf-insight/services/datasource/finage_provider.go:145.2,146.36 2 0
etf-insight/services/datasource/finage_provider.go:146.36,149.3 2 0
etf-insight/services/datasource/finage_provider.go:152.2,153.17 2 0
etf-insight/services/datasource/finage_provider.go:153.17,156.3 1 0
etf-insight/services/datasource/finage_provider.go:158.2,159.23 2 0
etf-insight/services/datasource/finage_provider.go:163.98,172.16 6 0
etf-insight/services/datasource/finage_provider.go:172.16,179.3 1 0
etf-insight/services/datasource/finage_provider.go:181.2,185.16 4 0
etf-insight/services/datasource/finage_provider.go:185.16,192.3 1 0
etf-insight/services/datasource/finage_provider.go:193.2,195.38 2 0
etf-insight/services/datasource/finage_provider.go:195.38,204.3 2 0
etf-insight/services/datasource/finage_provider.go:206.2,207.16 2 0
etf-insight/services/datasource/finage_provider.go:207.16,214.3 1 0
etf-insight/services/datasource/finage_provider.go:216.2,217.55 2 0
etf-insight/services/datasource/finage_provider.go:217.55,224.3 1 0
etf-insight/services/datasource/finage_provider.go:226.2,226.60 1 0
etf-insight/services/datasource/finage_provider.go:226.60,233.3 1 0
etf-insight/services/datasource/finage_provider.go:236.2,241.31 4 0
etf-insight/services/datasource/finage_provider.go:241.31,244.24 3 0
etf-insight/services/datasource/finage_provider.go:244.24,246.4 1 0
etf-insight/services/datasource/finage_provider.go:249.2,265.8 2 0
etf-insight/services/datasource/finage_provider.go:269.99,273.16 3 0
etf-insight/services/datasource/finage_provider.go:273.16,280.3 1 0
etf-insight/services/datasource/finage_provider.go:282.2,286.16 4 0
etf-insight/services/datasource/finage_provider.go:286.16,293.3 1 0
etf-insight/services/datasource/finage_provider.go:294.2,296.38 2 0
etf-insight/services/datasource/finage_provider.go:296.38,305.3 2 0
etf-insight/services/datasource/finage_provider.go:307.2,308.16 2 0
etf-insight/services/datasource/finage_provider.go:308.16,315.3 1 0
etf-insight/services/datasource/finage_provider.go:317.2,318.53 2 0
etf-insight/services/datasource/finage_provider.go:318.53,325.3 1 0
etf-insight/services/datasource/finage_provider.go:327.2,327.50 1 0
etf-insight/services/datasource/finage_provider.go:330.97,331.23 1 0
etf-insight/services/datasource/finage_provider.go:331.23,337.3 1 0
etf-insight/services/datasource/finage_provider.go:339.2,346.32 3 0
etf-insight/services/datasource/finage_provider.go:346.32,348.3 1 0
etf-insight/services/datasource/finage_provider.go:350.2,353.35 3 0
etf-insight/services/datasource/finage_provider.go:353.35,355.13 2 0
etf-insight/services/datasource/finage_provider.go:355.13,357.35 2 0
etf-insight/services/datasource/finage_provider.go:357.35,359.19 2 0
etf-insight/services/datasource/finage_provider.go:359.19,361.14 2 0
etf-insight/services/datasource/finage_provider.go:363.5,365.16 3 0
etf-insight/services/datasource/finage_provider.go:370.2,370.33 1 0
etf-insight/services/datasource/finage_provider.go:370.33,372.3 1 0
etf-insight/services/datasource/finage_provider.go:373.2,379.29 5 0
etf-insight/services/datasource/finage_provider.go:379.29,381.3 1 0
etf-insight/services/datasource/finage_provider.go:383.2,383.23 1 0
etf-insight/services/datasource/finage_provider.go:383.23,389.3 1 0
etf-insight/services/datasource/finage_provider.go:391.2,391.21 1 0
etf-insight/services/datasource/finage_provider.go:397.91,401.38 2 0
etf-insight/services/datasource/finage_provider.go:401.38,403.3 1 0
etf-insight/services/datasource/finage_provider.go:403.8,403.27 1 0
etf-insight/services/datasource/finage_provider.go:403.27,405.3 1 0
etf-insight/services/datasource/finage_provider.go:405.8,405.27 1 0
etf-insight/services/datasource/finage_provider.go:405.27,407.3 1 0
etf-insight/services/datasource/finage_provider.go:409.2,423.3 1 0
etf-insight/services/datasource/finage_provider.go:428.120,435.2 1 0
etf-insight/services/datasource/finage_provider.go:437.58,441.2 3 0
etf-insight/services/datasource/finnhub_provider.go:48.67,56.21 2 0
etf-insight/services/datasource/finnhub_provider.go:56.21,57.29 1 0
etf-insight/services/datasource/finnhub_provider.go:57.29,59.4 1 0
etf-insight/services/datasource/finnhub_provider.go:60.3,60.28 1 0
etf-insight/services/datasource/finnhub_provider.go:60.28,62.4 1 0
etf-insight/services/datasource/finnhub_provider.go:63.3,63.30 1 0
etf-insight/services/datasource/finnhub_provider.go:63.30,65.4 1 0
etf-insight/services/datasource/finnhub_provider.go:66.3,66.31 1 0
etf-insight/services/datasource/finnhub_provider.go:66.31,68.4 1 0
etf-insight/services/datasource/finnhub_provider.go:72.2,73.24 2 0
etf-insight/services/datasource/finnhub_provider.go:73.24,74.60 1 0
etf-insight/services/datasource/finnhub_provider.go:74.60,76.4 1 0
etf-insight/services/datasource/finnhub_provider.go:79.2,90.3 2 0
etf-insight/services/datasource/finnhub_provider.go:94.44,96.2 1 0
etf-insight/services/datasource/finnhub_provider.go:99.65,103.36 3 0
etf-insight/services/datasource/finnhub_provider.go:103.36,105.3 1 0
etf-insight/services/datasource/finnhub_provider.go:108.2,109.19 2 0
etf-insight/services/datasource/finnhub_provider.go:113.46,115.2 1 0
etf-insight/services/datasource/finnhub_provider.go:118.92,119.18 1 0
etf-insight/services/datasource/finnhub_provider.go:119.18,125.3 1 0
etf-insight/services/datasource/finnhub_provider.go:128.2,128.9 1 0
etf-insight/services/datasource/finnhub_provider.go:129.35,130.16 1 0
etf-insight/services/datasource/finnhub_provider.go:130.16,130.35 1 0
etf-insight/services/datasource/finnhub_provider.go:131.20,137.4 1 0
etf-insight/services/datasource/finnhub_provider.go:140.2,143.16 3 0
etf-insight/services/datasource/finnhub_provider.go:143.16,150.3 1 0
etf-insight/services/datasource/finnhub_provider.go:152.2,156.16 4 0
etf-insight/services/datasource/finnhub_provider.go:156.16,163.3 1 0
etf-insight/services/datasource/finnhub_provider.go:164.2,166.38 2 0
etf-insight/services/datasource/finnhub_provider.go:166.38,175.3 2 0
etf-insight/services/datasource/finnhub_provider.go:177.2,178.16 2 0
etf-insight/services/datasource/finnhub_provider.go:178.16,185.3 1 0
etf-insight/services/datasource/finnhub_provider.go:187.2,188.53 2 0
etf-insight/services/datasource/finnhub_provider.go:188.53,195.3 1 0
etf-insight/services/datasource/finnhub_provider.go:198.2,200.50 2 0
etf-insight/services/datasource/finnhub_provider.go:204.98,205.23 1 0
etf-insight/services/datasource/finnhub_provider.go:205.23,211.3 1 0
etf-insight/services/datasource/finnhub_provider.go:213.2,221.32 3 0
etf-insight/services/datasource/finnhub_provider.go:221.32,223.3 1 0
etf-insight/services/datasource/finnhub_provider.go:225.2,229.35 3 0
etf-insight/services/datasource/finnhub_provider.go:229.35,231.13 2 0
etf-insight/services/datasource/finnhub_provider.go:231.13,233.35 2 0
etf-insight/services/datasource/finnhub_provider.go:233.35,235.19 2 0
[...]
etf-insight/services/scenario_analysis.go:255.2,261.3 1 1
etf-insight/services/scenario_analysis.go:268.23,277.18 2 1
etf-insight/services/scenario_analysis.go:278.19,282.54 4 1
etf-insight/services/scenario_analysis.go:283.18,287.54 4 1
etf-insight/services/scenario_analysis.go:290.2,290.17 1 1
etf-insight/services/scenario_analysis.go:300.19,314.18 3 1
etf-insight/services/scenario_analysis.go:315.15,317.68 2 1
etf-insight/services/scenario_analysis.go:318.19,320.68 2 1
etf-insight/services/scenario_analysis.go:321.18,323.68 2 1
etf-insight/services/scenario_analysis.go:327.2,331.44 4 1
etf-insight/services/scenario_analysis.go:331.44,340.3 3 1
etf-insight/services/scenario_analysis.go:343.2,359.41 11 1
etf-insight/services/scenario_analysis.go:359.41,360.35 1 1
etf-insight/services/scenario_analysis.go:360.35,362.4 1 1
etf-insight/services/scenario_analysis.go:363.3,363.36 1 1
etf-insight/services/scenario_analysis.go:363.36,365.4 1 1
etf-insight/services/scenario_analysis.go:368.2,379.3 1 1
etf-insight/services/scenario_analysis.go:396.36,413.49 10 1
etf-insight/services/scenario_analysis.go:413.49,418.58 3 1
etf-insight/services/scenario_analysis.go:418.58,438.4 8 1
etf-insight/services/scenario_analysis.go:441.3,460.4 5 1
etf-insight/services/scenario_analysis.go:463.2,463.34 1 1
etf-insight/services/scenario_analysis.go:472.36,493.49 11 0
etf-insight/services/scenario_analysis.go:493.49,498.50 3 0
etf-insight/services/scenario_analysis.go:498.50,509.29 6 0
etf-insight/services/scenario_analysis.go:509.29,512.5 1 0
etf-insight/services/scenario_analysis.go:513.4,518.32 3 0
etf-insight/services/scenario_analysis.go:522.3,541.4 5 0
etf-insight/services/scenario_analysis.go:544.2,544.34 1 0
etf-insight/services/scenario_analysis.go:548.78,552.2 3 1
etf-insight/services/scenario_analysis.go:555.110,560.15 3 1
etf-insight/services/scenario_analysis.go:560.15,562.3 1 0
etf-insight/services/scenario_analysis.go:565.2,567.49 3 1
etf-insight/services/scenario_analysis.go:567.49,570.3 2 1
etf-insight/services/scenario_analysis.go:572.2,572.16 1 1
etf-insight/services/scenario_analysis.go:572.16,574.3 1 0
etf-insight/services/scenario_analysis.go:576.2,576.29 1 1
etf-insight/services/scenario_analysis.go:582.22,590.42 5 1
etf-insight/services/scenario_analysis.go:590.42,591.36 1 1
etf-insight/services/scenario_analysis.go:591.36,594.4 2 1
etf-insight/services/scenario_analysis.go:595.3,595.37 1 1
etf-insight/services/scenario_analysis.go:595.37,598.4 2 1
etf-insight/services/scenario_analysis.go:599.3,599.50 1 1
etf-insight/services/scenario_analysis.go:599.50,602.4 2 1
etf-insight/services/scenario_analysis.go:605.2,608.19 3 1
etf-insight/services/technical_indicators.go:16.52,18.2 1 1
etf-insight/services/technical_indicators.go:30.101,31.28 1 1
etf-insight/services/technical_indicators.go:31.28,33.3 1 1
etf-insight/services/technical_indicators.go:36.2,39.35 3 1
etf-insight/services/technical_indicators.go:39.35,41.39 2 1
etf-insight/services/technical_indicators.go:41.39,44.4 2 1
etf-insight/services/technical_indicators.go:44.9,47.4 2 1
etf-insight/services/technical_indicators.go:51.2,55.39 3 1
etf-insight/services/technical_indicators.go:55.39,58.3 2 1
etf-insight/services/technical_indicators.go:61.2,61.33 1 1
etf-insight/services/technical_indicators.go:61.33,67.3 1 1
etf-insight/services/technical_indicators.go:69.2,76.8 3 1
etf-insight/services/technical_indicators.go:91.133,92.43 1 1
etf-insight/services/technical_indicators.go:92.43,94.3 1 1
etf-insight/services/technical_indicators.go:97.2,102.27 4 1
etf-insight/services/technical_indicators.go:102.27,104.3 1 1
etf-insight/services/technical_indicators.go:107.2,112.30 4 1
etf-insight/services/technical_indicators.go:112.30,114.3 1 1
etf-insight/services/technical_indicators.go:117.2,132.8 6 1
etf-insight/services/technical_indicators.go:147.139,148.26 1 1
etf-insight/services/technical_indicators.go:148.26,150.3 1 1
etf-insight/services/technical_indicators.go:153.2,177.8 10 1
etf-insight/services/technical_indicators.go:187.125,189.28 2 1
etf-insight/services/technical_indicators.go:189.28,190.20 1 1
etf-insight/services/technical_indicators.go:190.20,192.4 1 1
etf-insight/services/technical_indicators.go:195.2,195.29 1 1
etf-insight/services/technical_indicators.go:195.29,197.3 1 1
etf-insight/services/technical_indicators.go:199.2,204.33 2 1
etf-insight/services/technical_indicators.go:204.33,212.3 4 1
etf-insight/services/technical_indicators.go:214.2,214.20 1 1
etf-insight/services/technical_indicators.go:219.65,220.22 1 1
etf-insight/services/technical_indicators.go:220.22,222.3 1 1
etf-insight/services/technical_indicators.go:223.2,224.27 2 1
etf-insight/services/technical_indicators.go:224.27,226.3 1 1
etf-insight/services/technical_indicators.go:227.2,227.56 1 1
etf-insight/services/technical_indicators.go:230.61,232.2 1 1
etf-insight/services/technical_indicators.go:234.75,235.26 1 1
etf-insight/services/technical_indicators.go:235.26,237.3 1 0
etf-insight/services/technical_indicators.go:239.2,246.40 4 1
etf-insight/services/technical_indicators.go:246.40,248.3 1 1
etf-insight/services/technical_indicators.go:250.2,250.23 1 1
etf-insight/services/technical_indicators.go:253.88,254.22 1 1
etf-insight/services/technical_indicators.go:254.22,256.3 1 0
etf-insight/services/technical_indicators.go:258.2,259.31 2 1
etf-insight/services/technical_indicators.go:259.31,262.3 2 1
etf-insight/services/technical_indicators.go:264.2,264.67 1 1
etf-insight/services/yahoo_finance.go:24.50,30.20 3 0
etf-insight/services/yahoo_finance.go:30.20,32.3 1 0
etf-insight/services/yahoo_finance.go:33.2,33.20 1 0
etf-insight/services/yahoo_finance.go:33.20,35.3 1 0
etf-insight/services/yahoo_finance.go:36.2,36.20 1 0
etf-insight/services/yahoo_finance.go:36.20,38.3 1 0
etf-insight/services/yahoo_finance.go:41.2,41.20 1 0
etf-insight/services/yahoo_finance.go:41.20,43.17 2 0
etf-insight/services/yahoo_finance.go:43.17,46.4 2 0
etf-insight/services/yahoo_finance.go:49.2,56.3 1 0
etf-insight/services/yahoo_finance.go:158.79,159.23 1 0
etf-insight/services/yahoo_finance.go:159.23,161.3 1 0
etf-insight/services/yahoo_finance.go:163.2,169.16 5 0
etf-insight/services/yahoo_finance.go:169.16,171.3 1 0
etf-insight/services/yahoo_finance.go:172.2,175.16 3 0
etf-insight/services/yahoo_finance.go:175.16,177.3 1 0
etf-insight/services/yahoo_finance.go:179.2,180.57 2 0
etf-insight/services/yahoo_finance.go:180.57,182.3 1 0
etf-insight/services/yahoo_finance.go:184.2,184.42 1 0
etf-insight/services/yahoo_finance.go:184.42,186.3 1 0
etf-insight/services/yahoo_finance.go:188.2,189.56 2 0
etf-insight/services/yahoo_finance.go:189.56,192.31 3 0
etf-insight/services/yahoo_finance.go:192.31,194.4 1 0
etf-insight/services/yahoo_finance.go:196.3,197.17 2 0
etf-insight/services/yahoo_finance.go:197.17,199.4 1 0
etf-insight/services/yahoo_finance.go:201.3,221.5 1 0
etf-insight/services/yahoo_finance.go:224.2,224.20 1 0
etf-insight/services/yahoo_finance.go:228.74,230.16 2 0
etf-insight/services/yahoo_finance.go:230.16,232.3 1 0
etf-insight/services/yahoo_finance.go:234.2,234.22 1 0
etf-insight/services/yahoo_finance.go:234.22,236.3 1 0
etf-insight/services/yahoo_finance.go:238.2,238.24 1 0
etf-insight/services/yahoo_finance.go:242.122,247.16 3 0
etf-insight/services/yahoo_finance.go:248.12,249.36 1 0
etf-insight/services/yahoo_finance.go:250.12,251.36 1 0
etf-insight/services/yahoo_finance.go:252.13,253.36 1 0
etf-insight/services/yahoo_finance.go:254.13,255.36 1 0
etf-insight/services/yahoo_finance.go:256.13,257.36 1 0
etf-insight/services/yahoo_finance.go:258.12,259.36 1 0
etf-insight/services/yahoo_finance.go:260.12,261.36 1 0
etf-insight/services/yahoo_finance.go:262.12,263.36 1 0
etf-insight/services/yahoo_finance.go:264.13,265.37 1 0
etf-insight/services/yahoo_finance.go:266.13,267.70 1 0
etf-insight/services/yahoo_finance.go:268.13,269.37 1 0
etf-insight/services/yahoo_finance.go:270.10,271.36 1 0
etf-insight/services/yahoo_finance.go:275.2,275.20 1 0
etf-insight/services/yahoo_finance.go:275.20,277.3 1 0
etf-insight/services/yahoo_finance.go:279.2,288.16 3 0
etf-insight/services/yahoo_finance.go:288.16,290.3 1 0
etf-insight/services/yahoo_finance.go:291.2,294.16 3 0
etf-insight/services/yahoo_finance.go:294.16,296.3 1 0
etf-insight/services/yahoo_finance.go:298.2,299.56 2 0
etf-insight/services/yahoo_finance.go:299.56,301.3 1 0
etf-insight/services/yahoo_finance.go:303.2,303.33 1 0
etf-insight/services/yahoo_finance.go:303.33,305.3 1 0
etf-insight/services/yahoo_finance.go:307.2,307.37 1 0
etf-insight/services/yahoo_finance.go:307.37,309.3 1 0
etf-insight/services/yahoo_finance.go:311.2,316.32 5 0
etf-insight/services/yahoo_finance.go:316.32,317.125 1 0
etf-insight/services/yahoo_finance.go:317.125,318.12 1 0
etf-insight/services/yahoo_finance.go:322.3,322.48 1 0
etf-insight/services/yahoo_finance.go:322.48,323.12 1 0
etf-insight/services/yahoo_finance.go:326.3,333.5 1 0
etf-insight/services/yahoo_finance.go:336.2,336.20 1 0
etf-insight/services/yahoo_finance.go:340.78,343.15 2 0
etf-insight/services/yahoo_finance.go:343.15,343.34 1 0
etf-insight/services/yahoo_finance.go:345.2,346.16 2 0
etf-insight/services/yahoo_finance.go:346.16,348.3 1 0
etf-insight/services/yahoo_finance.go:351.2,364.16 13 0
etf-insight/services/yahoo_finance.go:364.16,366.3 1 0
etf-insight/services/yahoo_finance.go:368.2,368.38 1 0
etf-insight/services/yahoo_finance.go:368.38,372.3 3 0
etf-insight/services/yahoo_finance.go:375.2,377.18 2 0
etf-insight/services/yahoo_finance.go:381.95,383.34 2 0
etf-insight/services/yahoo_finance.go:383.34,385.17 2 0
etf-insight/services/yahoo_finance.go:385.17,387.4 1 0
etf-insight/services/yahoo_finance.go:388.3,390.47 3 0
etf-insight/services/yahoo_finance.go:392.2,392.77 1 0
etf-insight/services/yahoo_finance.go:396.143,398.34 2 0
etf-insight/services/yahoo_finance.go:398.34,400.17 2 0
etf-insight/services/yahoo_finance.go:400.17,402.4 1 0
etf-insight/services/yahoo_finance.go:403.3,405.47 3 0
etf-insight/services/yahoo_finance.go:407.2,407.77 1 0
etf-insight/services/yahoo_finance.go:411.41,412.16 1 0
etf-insight/services/yahoo_finance.go:413.12,414.11 1 0
etf-insight/services/yahoo_finance.go:415.12,416.11 1 0
etf-insight/services/yahoo_finance.go:417.13,418.12 1 0
etf-insight/services/yahoo_finance.go:419.13,420.12 1 0
etf-insight/services/yahoo_finance.go:421.13,422.13 1 0
etf-insight/services/yahoo_finance.go:423.12,424.13 1 0
etf-insight/services/yahoo_finance.go:425.12,426.13 1 0
etf-insight/services/yahoo_finance.go:427.12,428.14 1 0
etf-insight/services/yahoo_finance.go:429.13,430.14 1 0
etf-insight/services/yahoo_finance.go:431.10,432.13 1 0
etf-insight/services/portfolio/penetration.go:60.79,62.2 1 1
etf-insight/services/portfolio/penetration.go:66.170,67.24 1 1
etf-insight/services/portfolio/penetration.go:67.24,69.3 1 1
etf-insight/services/portfolio/penetration.go:72.2,73.29 2 1
etf-insight/services/portfolio/penetration.go:73.29,75.3 1 1
etf-insight/services/portfolio/penetration.go:77.2,77.102 1 1
etf-insight/services/portfolio/penetration.go:77.102,79.3 1 0
etf-insight/services/portfolio/penetration.go:82.2,85.44 3 1
etf-insight/services/portfolio/penetration.go:85.44,88.132 2 1
etf-insight/services/portfolio/penetration.go:88.132,90.12 2 0
etf-insight/services/portfolio/penetration.go:94.3,96.21 3 1
etf-insight/services/portfolio/penetration.go:96.21,98.4 1 1
etf-insight/services/portfolio/penetration.go:98.9,102.4 1 0
etf-insight/services/portfolio/penetration.go:104.3,104.56 1 1
etf-insight/services/portfolio/penetration.go:104.56,106.12 2 0
etf-insight/services/portfolio/penetration.go:109.3,112.42 2 1
etf-insight/services/portfolio/penetration.go:112.42,116.68 2 1
etf-insight/services/portfolio/penetration.go:116.68,120.5 2 1
etf-insight/services/portfolio/penetration.go:120.10,126.101 4 1
etf-insight/services/portfolio/penetration.go:126.101,129.22 3 1
etf-insight/services/portfolio/penetration.go:129.22,131.7 1 0
etf-insight/services/portfolio/penetration.go:132.6,132.23 1 1
etf-insight/services/portfolio/penetration.go:132.23,134.7 1 0
etf-insight/services/portfolio/penetration.go:137.5,144.6 1 1
etf-insight/services/portfolio/penetration.go:150.2,151.35 2 1
etf-insight/services/portfolio/penetration.go:151.35,153.3 1 1
etf-insight/services/portfolio/penetration.go:156.2,156.45 1 1
etf-insight/services/portfolio/penetration.go:156.45,157.48 1 1
etf-insight/services/portfolio/penetration.go:157.48,158.69 1 1
etf-insight/services/portfolio/penetration.go:158.69,160.5 1 1
etf-insight/services/portfolio/penetration.go:165.2,166.36 2 1
etf-insight/services/portfolio/penetration.go:166.36,168.3 1 1
etf-insight/services/portfolio/penetration.go:171.2,172.36 2 1
etf-insight/services/portfolio/penetration.go:172.36,174.3 1 1
etf-insight/services/portfolio/penetration.go:177.2,181.32 3 1
etf-insight/services/portfolio/penetration.go:181.32,183.3 1 1
etf-insight/services/portfolio/penetration.go:184.2,185.28 2 1
etf-insight/services/portfolio/penetration.go:185.28,187.3 1 1
etf-insight/services/portfolio/penetration.go:189.2,207.20 3 1
etf-insight/services/portfolio/penetration.go:211.114,216.23 3 1
etf-insight/services/portfolio/penetration.go:216.23,218.3 1 1
etf-insight/services/portfolio/penetration.go:219.2,219.25 1 1
etf-insight/services/portfolio/penetration.go:219.25,221.3 1 1
etf-insight/services/portfolio/penetration.go:224.2,225.23 2 1
etf-insight/services/portfolio/penetration.go:225.23,227.3 1 1
etf-insight/services/portfolio/penetration.go:228.2,228.25 1 1
etf-insight/services/portfolio/penetration.go:228.25,230.3 1 1
etf-insight/services/portfolio/penetration.go:234.2,234.29 1 1
etf-insight/services/portfolio/penetration.go:234.29,237.3 2 1
etf-insight/services/portfolio/penetration.go:240.2,241.47 2 1
etf-insight/services/portfolio/penetration.go:241.47,243.3 1 1
etf-insight/services/portfolio/penetration.go:245.2,250.3 1 1
etf-insight/services/portfolio/penetration.go:254.167,256.16 2 1
etf-insight/services/portfolio/penetration.go:256.16,258.3 1 0
etf-insight/services/portfolio/penetration.go:260.2,261.16 2 1
etf-insight/services/portfolio/penetration.go:261.16,263.3 1 0
etf-insight/services/portfolio/penetration.go:266.2,268.47 3 1
etf-insight/services/portfolio/penetration.go:268.47,270.3 1 1
etf-insight/services/portfolio/penetration.go:271.2,271.47 1 1
etf-insight/services/portfolio/penetration.go:271.47,273.3 1 1
etf-insight/services/portfolio/penetration.go:274.2,274.33 1 1
etf-insight/services/portfolio/penetration.go:274.33,278.3 3 1
etf-insight/services/portfolio/penetration.go:281.2,283.40 3 1
etf-insight/services/portfolio/penetration.go:283.40,285.3 1 1
etf-insight/services/portfolio/penetration.go:286.2,286.40 1 1
etf-insight/services/portfolio/penetration.go:286.40,287.21 1 1
etf-insight/services/portfolio/penetration.go:287.21,289.4 1 1
etf-insight/services/portfolio/penetration.go:292.2,299.8 1 1
etf-insight/services/portfolio/penetration.go:313.163,315.16 2 1
etf-insight/services/portfolio/penetration.go:315.16,317.3 1 0
etf-insight/services/portfolio/penetration.go:319.2,320.13 2 1
etf-insight/services/portfolio/penetration.go:320.13,322.3 1 1
etf-insight/services/portfolio/penetration.go:324.2,324.22 1 1
etf-insight/services/portfolio/penetration.go:328.168,330.16 2 0
etf-insight/services/portfolio/penetration.go:330.16,332.3 1 0
etf-insight/services/portfolio/penetration.go:334.2,335.13 2 0
etf-insight/services/portfolio/penetration.go:335.13,337.3 1 0
etf-insight/services/portfolio/penetration.go:339.2,339.22 1 0
etf-insight/utils/logger.go:15.31,16.23 1 1
etf-insight/utils/logger.go:16.23,18.16 2 1
etf-insight/utils/logger.go:19.16,20.30 1 1
etf-insight/utils/logger.go:21.15,22.29 1 0
etf-insight/utils/logger.go:23.16,24.30 1 0
etf-insight/utils/logger.go:25.11,26.29 1 0
etf-insight/utils/logger.go:29.3,31.6 1 1
etf-insight/utils/logger.go:35.31,38.19 3 1
etf-insight/utils/logger.go:38.19,40.3 1 0
etf-insight/utils/logger.go:41.2,41.15 1 1
etf-insight/utils/logger.go:44.36,46.2 1 1
etf-insight/utils/logger.go:48.37,50.2 1 1
etf-insight/utils/logger.go:52.36,54.2 1 1
etf-insight/utils/logger.go:56.48,57.16 1 1
etf-insight/utils/logger.go:57.16,59.3 1 0
etf-insight/utils/logger.go:60.2,60.33 1 1
etf-insight/utils/logger.go:63.48,66.2 2 0
etf-insight/utils/logger.go:68.40,70.2 1 1
etf-insight/utils/returns.go:11.78,12.22 1 0
etf-insight/utils/returns.go:12.22,14.3 1 0
etf-insight/utils/returns.go:18.2,22.89 3 0
etf-insight/utils/returns.go:22.89,24.60 1 0
etf-insight/utils/returns.go:24.60,26.4 1 0
etf-insight/utils/returns.go:29.2,30.39 2 0
etf-insight/utils/returns.go:30.39,33.46 3 0
etf-insight/utils/returns.go:33.46,36.4 2 0
etf-insight/utils/returns.go:39.2,39.16 1 0
etf-insight/utils/returns.go:44.77,45.21 1 0
etf-insight/utils/returns.go:45.21,47.3 1 0
etf-insight/utils/returns.go:49.2,50.35 2 0
etf-insight/utils/returns.go:50.35,53.46 3 0
etf-insight/utils/returns.go:53.46,56.4 2 0
etf-insight/utils/returns.go:59.2,59.16 1 0
etf-insight/utils/statistics.go:11.62,12.22 1 0
etf-insight/utils/statistics.go:12.22,14.3 1 0
etf-insight/utils/statistics.go:16.2,17.27 2 0
etf-insight/utils/statistics.go:17.27,19.3 1 0
etf-insight/utils/statistics.go:20.2,20.56 1 0
etf-insight/utils/statistics.go:24.88,25.21 1 0
etf-insight/utils/statistics.go:25.21,27.3 1 0
etf-insight/utils/statistics.go:29.2,30.27 2 0
etf-insight/utils/statistics.go:30.27,33.3 2 0
etf-insight/utils/statistics.go:34.2,34.65 1 0
etf-insight/utils/statistics.go:38.98,39.22 1 0
etf-insight/utils/statistics.go:39.22,41.3 1 0
etf-insight/utils/statistics.go:43.2,44.27 2 0
etf-insight/utils/statistics.go:44.27,47.3 2 0
etf-insight/utils/statistics.go:48.2,48.61 1 0
etf-insight/utils/statistics.go:52.86,54.23 2 0
etf-insight/utils/statistics.go:54.23,56.3 1 0
etf-insight/utils/statistics.go:57.2,57.67 1 0
etf-insight/utils/statistics.go:61.96,63.23 2 0
etf-insight/utils/statistics.go:63.23,65.3 1 0
etf-insight/utils/statistics.go:66.2,66.67 1 0
etf-insight/utils/statistics.go:70.78,72.16 2 0
etf-insight/utils/statistics.go:72.16,74.3 1 0
etf-insight/utils/statistics.go:76.2,80.30 4 0
etf-insight/utils/statistics.go:80.30,84.3 3 0
etf-insight/utils/statistics.go:85.2,85.55 1 0
etf-insight/utils/statistics.go:89.45,90.41 1 0
etf-insight/utils/statistics.go:90.41,92.3 1 0
etf-insight/utils/statistics.go:96.49,97.41 1 0
etf-insight/utils/statistics.go:97.41,99.3 1 0
etf-insight/utils/statistics.go:103.68,104.23 1 0
etf-insight/utils/statistics.go:104.23,106.3 1 0
etf-insight/utils/statistics.go:108.2,109.28 2 0
etf-insight/utils/statistics.go:109.28,111.3 1 0
etf-insight/utils/statistics.go:113.2,113.20 1 0
etf-insight/utils/statistics.go:113.20,117.25 3 0
etf-insight/utils/statistics.go:117.25,119.4 1 0
etf-insight/utils/statistics.go:120.3,120.16 1 0
etf-insight/utils/statistics.go:123.2,124.28 2 0
etf-insight/utils/statistics.go:124.28,126.3 1 0
etf-insight/utils/statistics.go:127.2,127.15 1 0
etf-insight/utils/statistics.go:131.88,132.22 1 0
etf-insight/utils/statistics.go:132.22,134.3 1 0
etf-insight/utils/statistics.go:135.2,135.21 1 0
etf-insight/utils/statistics.go:135.21,137.3 1 0
etf-insight/utils/statistics.go:138.2,138.21 1 0
etf-insight/utils/statistics.go:138.21,140.3 1 0
etf-insight/utils/statistics.go:143.2,151.20 7 0
etf-insight/utils/statistics.go:151.20,153.3 1 0
etf-insight/utils/statistics.go:155.2,156.72 2 0
etf-insight/utils/statistics.go:160.96,161.41 1 0
etf-insight/utils/statistics.go:161.41,163.3 1 0
etf-insight/utils/statistics.go:165.2,166.27 2 0
etf-insight/utils/statistics.go:166.27,169.3 2 0
etf-insight/utils/statistics.go:170.2,173.36 3 0
etf-insight/utils/statistics.go:177.96,178.41 1 0
etf-insight/utils/statistics.go:178.41,180.3 1 0
etf-insight/utils/statistics.go:182.2,183.27 2 0
etf-insight/utils/statistics.go:183.27,186.3 2 0
etf-insight/utils/statistics.go:187.2,190.76 3 0
