mode: set
etf-insight/utils/logger.go:10.31,12.15 2 1
etf-insight/utils/logger.go:13.15,14.29 1 1
etf-insight/utils/logger.go:15.14,16.28 1 1
etf-insight/utils/logger.go:17.15,18.29 1 1
etf-insight/utils/logger.go:19.10,20.28 1 1
etf-insight/utils/logger.go:23.2,25.5 1 1
etf-insight/utils/logger.go:28.36,30.2 1 1
etf-insight/utils/logger.go:32.37,34.2 1 1
etf-insight/utils/logger.go:36.36,38.2 1 1
etf-insight/utils/logger.go:40.48,41.16 1 1
etf-insight/utils/logger.go:41.16,43.3 1 0
etf-insight/utils/logger.go:44.2,44.28 1 1
etf-insight/utils/logger.go:47.48,50.2 2 0
etf-insight/utils/logger.go:52.40,54.2 1 1
etf-insight/models/a_share_dividend_etf.go:97.45,99.2 1 1
etf-insight/models/a_share_dividend_etf.go:101.46,103.2 1 1
etf-insight/models/a_share_dividend_etf.go:105.50,107.2 1 1
etf-insight/models/audit_log.go:25.36,27.2 1 0
etf-insight/models/db.go:20.31,25.63 3 1
etf-insight/models/db.go:25.63,27.16 1 1
etf-insight/models/db.go:27.16,29.4 1 0
etf-insight/models/db.go:30.3,31.31 2 1
etf-insight/models/db.go:32.8,36.3 2 0
etf-insight/models/db.go:38.2,41.16 2 1
etf-insight/models/db.go:41.16,43.3 1 0
etf-insight/models/db.go:45.2,46.16 2 1
etf-insight/models/db.go:46.16,48.3 1 0
etf-insight/models/db.go:50.2,54.22 4 1
etf-insight/models/db.go:58.26,69.2 1 1
etf-insight/models/db.go:72.30,106.34 2 1
etf-insight/models/db.go:106.34,108.45 2 1
etf-insight/models/db.go:108.45,109.48 1 1
etf-insight/models/db.go:109.48,111.5 1 0
etf-insight/models/db.go:115.2,115.12 1 1
etf-insight/models/db.go:119.22,120.15 1 0
etf-insight/models/db.go:120.15,122.17 2 0
etf-insight/models/db.go:122.17,124.4 1 0
etf-insight/models/db.go:125.3,125.23 1 0
etf-insight/models/db.go:127.2,127.12 1 0
etf-insight/models/db.go:131.23,133.2 1 0
etf-insight/models/db.go:136.22,140.2 2 0
etf-insight/models/exchange_rate.go:31.40,33.2 1 1
etf-insight/models/exchange_rate.go:58.47,60.2 1 0
etf-insight/models/exchange_rate.go:78.50,80.2 1 0
etf-insight/models/exchange_rate.go:96.40,98.2 1 0
etf-insight/models/exchange_rate.go:101.37,108.2 1 0
etf-insight/models/exchange_rate.go:111.39,122.36 2 0
etf-insight/models/exchange_rate.go:122.36,124.45 2 0
etf-insight/models/exchange_rate.go:124.45,125.49 1 0
etf-insight/models/exchange_rate.go:125.49,127.5 1 0
etf-insight/models/exchange_rate.go:130.2,130.12 1 0
etf-insight/models/models.go:80.43,82.2 1 1
etf-insight/models/pagination.go:12.43,13.17 1 1
etf-insight/models/pagination.go:13.17,15.3 1 1
etf-insight/models/pagination.go:16.2,16.21 1 1
etf-insight/models/pagination.go:16.21,18.3 1 0
etf-insight/models/pagination.go:19.2,19.22 1 1
etf-insight/models/pagination.go:19.22,21.3 1 0
etf-insight/models/pagination.go:22.2,22.34 1 1
etf-insight/models/pagination.go:25.42,26.21 1 1
etf-insight/models/pagination.go:26.21,28.3 1 1
etf-insight/models/pagination.go:29.2,29.22 1 1
etf-insight/models/pagination.go:29.22,31.3 1 1
etf-insight/models/pagination.go:32.2,32.19 1 1
etf-insight/models/pagination.go:50.97,64.2 2 1
etf-insight/config/config.go:69.42,70.33 1 0
etf-insight/config/config.go:70.33,72.3 1 0
etf-insight/config/config.go:73.2,74.16 2 0
etf-insight/config/config.go:74.16,76.3 1 0
etf-insight/config/config.go:77.2,78.15 2 0
etf-insight/config/config.go:78.15,80.3 1 0
etf-insight/config/config.go:81.2,82.16 2 0
etf-insight/config/config.go:82.16,84.3 1 0
etf-insight/config/config.go:85.2,86.19 2 0
etf-insight/config/config.go:86.19,88.3 1 0
etf-insight/config/config.go:89.2,90.51 1 0
etf-insight/config/config.go:132.30,183.2 1 1
etf-insight/config/config.go:186.47,189.16 2 1
etf-insight/config/config.go:189.16,191.3 1 1
etf-insight/config/config.go:193.2,194.16 2 1
etf-insight/config/config.go:194.16,195.25 1 1
etf-insight/config/config.go:195.25,197.4 1 1
etf-insight/config/config.go:198.3,198.18 1 0
etf-insight/config/config.go:201.2,201.50 1 0
etf-insight/config/config.go:201.50,203.3 1 0
etf-insight/config/config.go:205.2,205.17 1 0
etf-insight/config/config.go:209.46,210.42 1 1
etf-insight/config/config.go:210.42,212.3 1 1
etf-insight/config/config.go:213.2,213.21 1 1
etf-insight/config/config.go:216.52,217.42 1 1
etf-insight/config/config.go:217.42,218.53 1 1
etf-insight/config/config.go:218.53,220.4 1 1
etf-insight/config/config.go:222.2,222.21 1 1
etf-insight/services/exchange_rate/datasource/currencyapi.go:48.65,79.2 3 0
etf-insight/services/exchange_rate/datasource/currencyapi.go:82.48,84.2 1 0
etf-insight/services/exchange_rate/datasource/currencyapi.go:87.56,89.2 1 0
etf-insight/services/exchange_rate/datasource/currencyapi.go:92.118,97.80 3 0
etf-insight/services/exchange_rate/datasource/currencyapi.go:97.80,104.3 2 0
etf-insight/services/exchange_rate/datasource/currencyapi.go:107.2,107.32 1 0
etf-insight/services/exchange_rate/datasource/currencyapi.go:107.32,110.3 2 0
etf-insight/services/exchange_rate/datasource/currencyapi.go:113.2,114.16 2 0
etf-insight/services/exchange_rate/datasource/currencyapi.go:114.16,117.3 2 0
etf-insight/services/exchange_rate/datasource/currencyapi.go:120.2,120.45 1 0
etf-insight/services/exchange_rate/datasource/currencyapi.go:120.45,123.3 2 0
etf-insight/services/exchange_rate/datasource/currencyapi.go:126.2,126.50 1 0
etf-insight/services/exchange_rate/datasource/currencyapi.go:126.50,130.33 3 0
etf-insight/services/exchange_rate/datasource/currencyapi.go:130.33,134.4 3 0
etf-insight/services/exchange_rate/datasource/currencyapi.go:137.2,142.3 2 0
etf-insight/services/exchange_rate/datasource/currencyapi.go:146.108,151.25 3 0
etf-insight/services/exchange_rate/datasource/currencyapi.go:151.25,159.3 2 0
etf-insight/services/exchange_rate/datasource/currencyapi.go:162.2,162.20 1 0
etf-insight/services/exchange_rate/datasource/currencyapi.go:162.20,170.3 2 0
etf-insight/services/exchange_rate/datasource/currencyapi.go:173.2,177.16 3 0
etf-insight/services/exchange_rate/datasource/currencyapi.go:177.16,185.3 2 0
etf-insight/services/exchange_rate/datasource/currencyapi.go:187.2,191.16 4 0
etf-insight/services/exchange_rate/datasource/currencyapi.go:191.16,199.3 2 0
etf-insight/services/exchange_rate/datasource/currencyapi.go:200.2,204.16 3 0
etf-insight/services/exchange_rate/datasource/currencyapi.go:204.16,212.3 2 0
etf-insight/services/exchange_rate/datasource/currencyapi.go:215.2,215.38 1 0
etf-insight/services/exchange_rate/datasource/currencyapi.go:215.38,231.3 3 0
etf-insight/services/exchange_rate/datasource/currencyapi.go:234.2,235.55 2 0
etf-insight/services/exchange_rate/datasource/currencyapi.go:235.55,243.3 2 0
etf-insight/services/exchange_rate/datasource/currencyapi.go:246.2,246.19 1 0
etf-insight/services/exchange_rate/datasource/currencyapi.go:246.19,258.3 2 0
etf-insight/services/exchange_rate/datasource/currencyapi.go:261.2,262.51 2 0
etf-insight/services/exchange_rate/datasource/currencyapi.go:262.51,264.3 1 0
etf-insight/services/exchange_rate/datasource/currencyapi.go:267.2,288.8 6 0
etf-insight/services/exchange_rate/datasource/currencyapi.go:292.69,294.20 1 0
etf-insight/services/exchange_rate/datasource/currencyapi.go:294.20,296.3 1 0
etf-insight/services/exchange_rate/datasource/currencyapi.go:299.2,299.53 1 0
etf-insight/services/exchange_rate/datasource/currencyapi.go:299.53,301.44 1 0
etf-insight/services/exchange_rate/datasource/currencyapi.go:301.44,303.4 1 0
etf-insight/services/exchange_rate/datasource/currencyapi.go:307.2,308.19 2 0
etf-insight/services/exchange_rate/datasource/currencyapi.go:312.50,314.2 1 0
etf-insight/services/exchange_rate/datasource/currencyapi.go:317.63,319.23 2 0
etf-insight/services/exchange_rate/datasource/currencyapi.go:319.23,321.3 1 0
etf-insight/services/exchange_rate/datasource/currencyapi.go:322.2,322.67 1 0
etf-insight/services/exchange_rate/datasource/currencyapi.go:326.56,328.16 2 0
etf-insight/services/exchange_rate/datasource/currencyapi.go:328.16,330.3 1 0
etf-insight/services/exchange_rate/datasource/currencyapi.go:331.2,332.42 2 0
etf-insight/services/exchange_rate/datasource/currencyapi.go:336.50,338.23 1 0
etf-insight/services/exchange_rate/datasource/currencyapi.go:338.23,340.3 1 0
etf-insight/services/exchange_rate/datasource/currencyapi.go:341.2,341.15 1 0
etf-insight/services/exchange_rate/datasource/currencyapi.go:345.65,347.2 1 0
etf-insight/services/exchange_rate/datasource/currencyapi.go:350.72,351.20 1 0
etf-insight/services/exchange_rate/datasource/currencyapi.go:351.20,353.3 1 0
etf-insight/services/exchange_rate/datasource/currencyapi.go:356.2,357.16 2 0
etf-insight/services/exchange_rate/datasource/currencyapi.go:357.16,360.3 2 0
etf-insight/services/exchange_rate/datasource/currencyapi.go:362.2,367.23 2 0
etf-insight/services/exchange_rate/datasource/currencyapi.go:371.53,375.45 2 0
etf-insight/services/exchange_rate/datasource/currencyapi.go:375.45,380.3 2 0
etf-insight/services/exchange_rate/datasource/currencyapi.go:381.2,381.13 1 0
etf-insight/services/exchange_rate/datasource/currencyapi.go:385.73,389.50 2 0
etf-insight/services/exchange_rate/datasource/currencyapi.go:389.50,390.28 1 0
etf-insight/services/exchange_rate/datasource/currencyapi.go:390.28,392.4 1 0
etf-insight/services/exchange_rate/datasource/currencyapi.go:397.2,397.24 1 0
etf-insight/services/exchange_rate/datasource/currencyapi.go:397.24,399.3 1 0
etf-insight/services/exchange_rate/datasource/currencyapi.go:402.2,402.29 1 0
etf-insight/services/exchange_rate/datasource/currencyapi.go:402.29,403.58 1 0
etf-insight/services/exchange_rate/datasource/currencyapi.go:403.58,405.4 1 0
etf-insight/services/exchange_rate/datasource/currencyapi.go:408.2,408.13 1 0
etf-insight/services/exchange_rate/datasource/currencyapi.go:412.77,415.29 2 0
etf-insight/services/exchange_rate/datasource/currencyapi.go:415.29,416.27 1 0
etf-insight/services/exchange_rate/datasource/currencyapi.go:416.27,418.4 1 0
etf-insight/services/exchange_rate/datasource/currencyapi.go:418.9,420.4 1 0
etf-insight/services/exchange_rate/datasource/currencyapi.go:422.2,422.19 1 0
etf-insight/services/exchange_rate/datasource/currencyapi.go:426.66,433.15 5 0
etf-insight/services/exchange_rate/datasource/currencyapi.go:433.15,436.3 2 0
etf-insight/services/exchange_rate/datasource/currencyapi.go:436.8,438.3 1 0
etf-insight/services/exchange_rate/datasource/errors.go:63.40,64.20 1 1
etf-insight/services/exchange_rate/datasource/errors.go:64.20,66.3 1 1
etf-insight/services/exchange_rate/datasource/errors.go:67.2,67.50 1 0
etf-insight/services/exchange_rate/datasource/errors.go:71.40,73.2 1 1
etf-insight/services/exchange_rate/datasource/errors.go:76.67,84.2 1 1
etf-insight/services/exchange_rate/datasource/errors.go:87.38,90.2 2 1
etf-insight/services/exchange_rate/datasource/errors.go:93.37,94.40 1 1
etf-insight/services/exchange_rate/datasource/errors.go:94.40,96.3 1 1
etf-insight/services/exchange_rate/datasource/errors.go:97.2,97.24 1 0
etf-insight/services/exchange_rate/datasource/errors.go:101.39,103.14 2 1
etf-insight/services/exchange_rate/datasource/errors.go:104.68,105.14 1 1
etf-insight/services/exchange_rate/datasource/errors.go:106.10,107.15 1 1
etf-insight/services/exchange_rate/datasource/errors.go:112.35,114.14 2 1
etf-insight/services/exchange_rate/datasource/errors.go:115.51,116.14 1 1
etf-insight/services/exchange_rate/datasource/errors.go:117.10,118.15 1 1
etf-insight/services/exchange_rate/datasource/factory.go:19.82,25.37 3 0
etf-insight/services/exchange_rate/datasource/factory.go:25.37,29.3 2 0
etf-insight/services/exchange_rate/datasource/factory.go:29.8,33.3 2 0
etf-insight/services/exchange_rate/datasource/factory.go:36.2,39.37 2 0
etf-insight/services/exchange_rate/datasource/factory.go:39.37,43.3 3 0
etf-insight/services/exchange_rate/datasource/factory.go:46.2,46.33 1 0
etf-insight/services/exchange_rate/datasource/factory.go:46.33,51.3 3 0
etf-insight/services/exchange_rate/datasource/factory.go:51.8,53.3 1 0
etf-insight/services/exchange_rate/datasource/factory.go:56.2,56.72 1 0
etf-insight/services/exchange_rate/datasource/factory.go:56.72,60.3 3 0
etf-insight/services/exchange_rate/datasource/factory.go:63.2,74.21 6 0
etf-insight/services/exchange_rate/datasource/factory.go:78.71,84.20 4 0
etf-insight/services/exchange_rate/datasource/factory.go:84.20,89.3 2 0
etf-insight/services/exchange_rate/datasource/factory.go:92.2,92.54 1 0
etf-insight/services/exchange_rate/datasource/factory.go:92.54,97.3 2 0
etf-insight/services/exchange_rate/datasource/factory.go:99.2,99.16 1 0
etf-insight/services/exchange_rate/datasource/factory.go:103.75,109.20 4 0
etf-insight/services/exchange_rate/datasource/factory.go:109.20,118.3 1 0
etf-insight/services/exchange_rate/datasource/factory.go:121.2,122.54 2 0
etf-insight/services/exchange_rate/datasource/factory.go:122.54,131.3 1 0
etf-insight/services/exchange_rate/datasource/factory.go:132.2,141.15 5 0
etf-insight/services/exchange_rate/datasource/fallback.go:38.46,81.2 5 1
etf-insight/services/exchange_rate/datasource/fallback.go:84.46,86.41 2 1
etf-insight/services/exchange_rate/datasource/fallback.go:86.41,93.3 1 1
etf-insight/services/exchange_rate/datasource/fallback.go:97.45,99.2 1 1
etf-insight/services/exchange_rate/datasource/fallback.go:102.53,104.2 1 1
etf-insight/services/exchange_rate/datasource/fallback.go:107.115,113.32 4 1
etf-insight/services/exchange_rate/datasource/fallback.go:113.32,116.3 2 1
etf-insight/services/exchange_rate/datasource/fallback.go:119.2,120.11 2 1
etf-insight/services/exchange_rate/datasource/fallback.go:120.11,123.3 2 1
etf-insight/services/exchange_rate/datasource/fallback.go:126.2,127.11 2 1
etf-insight/services/exchange_rate/datasource/fallback.go:127.11,131.3 3 0
etf-insight/services/exchange_rate/datasource/fallback.go:134.2,134.50 1 1
etf-insight/services/exchange_rate/datasource/fallback.go:134.50,137.23 3 1
etf-insight/services/exchange_rate/datasource/fallback.go:137.23,142.4 4 0
etf-insight/services/exchange_rate/datasource/fallback.go:145.2,150.3 2 1
etf-insight/services/exchange_rate/datasource/fallback.go:154.105,161.47 5 1
etf-insight/services/exchange_rate/datasource/fallback.go:161.47,162.29 1 1
etf-insight/services/exchange_rate/datasource/fallback.go:162.29,163.12 1 1
etf-insight/services/exchange_rate/datasource/fallback.go:165.3,166.17 2 1
etf-insight/services/exchange_rate/datasource/fallback.go:166.17,168.4 1 1
etf-insight/services/exchange_rate/datasource/fallback.go:171.2,179.8 2 1
etf-insight/services/exchange_rate/datasource/fallback.go:183.66,185.2 1 1
etf-insight/services/exchange_rate/datasource/fallback.go:188.47,190.2 1 0
etf-insight/services/exchange_rate/datasource/fallback.go:193.60,195.2 1 0
etf-insight/services/exchange_rate/datasource/fallback.go:198.53,200.16 2 0
etf-insight/services/exchange_rate/datasource/fallback.go:200.16,202.3 1 0
etf-insight/services/exchange_rate/datasource/fallback.go:203.2,203.56 1 0
etf-insight/services/exchange_rate/datasource/fallback.go:207.47,209.2 1 0
etf-insight/services/exchange_rate/datasource/fallback.go:212.62,214.2 1 0
etf-insight/services/exchange_rate/datasource/fallback.go:217.69,219.2 1 1
etf-insight/services/exchange_rate/datasource/fallback.go:222.110,228.2 2 1
etf-insight/services/exchange_rate/datasource/fallback.go:231.115,233.34 2 1
etf-insight/services/exchange_rate/datasource/fallback.go:233.34,236.3 2 1
etf-insight/services/exchange_rate/datasource/fallback.go:237.2,240.20 1 1
etf-insight/services/exchange_rate/datasource/fallback.go:244.67,249.50 4 1
etf-insight/services/exchange_rate/datasource/fallback.go:249.50,251.44 2 1
etf-insight/services/exchange_rate/datasource/fallback.go:251.44,252.35 1 1
etf-insight/services/exchange_rate/datasource/fallback.go:252.35,254.5 1 0
etf-insight/services/exchange_rate/datasource/fallback.go:256.3,256.14 1 1
etf-insight/services/exchange_rate/datasource/fallback.go:259.2,264.3 1 1
etf-insight/services/exchange_rate/datasource/fallback.go:268.52,272.50 3 0
etf-insight/services/exchange_rate/datasource/fallback.go:272.50,273.44 1 0
etf-insight/services/exchange_rate/datasource/fallback.go:273.44,274.35 1 0
etf-insight/services/exchange_rate/datasource/fallback.go:274.35,277.5 2 0
etf-insight/services/exchange_rate/datasource/fallback.go:279.3,279.14 1 0
etf-insight/services/exchange_rate/datasource/fallback.go:282.2,282.17 1 0
etf-insight/services/exchange_rate/datasource/fallback.go:282.17,284.3 1 0
etf-insight/services/exchange_rate/datasource/fallback.go:285.2,285.16 1 0
etf-insight/services/exchange_rate/datasource/fallback.go:290.92,299.2 3 1
etf-insight/services/exchange_rate/datasource/fallback.go:301.82,303.38 2 1
etf-insight/services/exchange_rate/datasource/fallback.go:303.38,304.42 1 1
etf-insight/services/exchange_rate/datasource/fallback.go:304.42,305.77 1 1
etf-insight/services/exchange_rate/datasource/fallback.go:305.77,308.5 1 1
etf-insight/services/exchange_rate/datasource/fallback.go:311.2,311.28 1 1
etf-insight/services/exchange_rate/datasource/fallback.go:314.84,316.41 2 1
etf-insight/services/exchange_rate/datasource/fallback.go:316.41,318.3 1 0
etf-insight/services/exchange_rate/datasource/fallback.go:319.2,319.28 1 1
etf-insight/services/exchange_rate/datasource/fallback.go:322.91,323.52 1 1
etf-insight/services/exchange_rate/datasource/fallback.go:323.52,325.3 1 0
etf-insight/services/exchange_rate/datasource/fallback.go:326.2,326.35 1 1
etf-insight/services/exchange_rate/datasource/fallback.go:329.70,331.42 2 0
etf-insight/services/exchange_rate/datasource/fallback.go:331.42,332.20 1 0
etf-insight/services/exchange_rate/datasource/fallback.go:332.20,334.4 1 0
etf-insight/services/exchange_rate/datasource/fallback.go:336.2,336.14 1 0
etf-insight/services/exchange_rate/datasource/fallback.go:340.48,342.29 2 1
etf-insight/services/exchange_rate/datasource/fallback.go:342.29,343.27 1 1
etf-insight/services/exchange_rate/datasource/fallback.go:343.27,345.4 1 0
etf-insight/services/exchange_rate/datasource/fallback.go:345.9,347.4 1 1
etf-insight/services/exchange_rate/datasource/fallback.go:349.2,349.23 1 1
etf-insight/services/exchange_rate/datasource/frankfurter.go:42.45,51.2 1 1
etf-insight/services/exchange_rate/datasource/frankfurter.go:54.52,75.2 3 1
etf-insight/services/exchange_rate/datasource/frankfurter.go:78.48,80.2 1 1
etf-insight/services/exchange_rate/datasource/frankfurter.go:83.56,85.2 1 0
etf-insight/services/exchange_rate/datasource/frankfurter.go:88.118,93.80 3 0
etf-insight/services/exchange_rate/datasource/frankfurter.go:93.80,100.3 2 0
etf-insight/services/exchange_rate/datasource/frankfurter.go:103.2,103.32 1 0
etf-insight/services/exchange_rate/datasource/frankfurter.go:103.32,106.3 2 0
etf-insight/services/exchange_rate/datasource/frankfurter.go:109.2,110.16 2 0
etf-insight/services/exchange_rate/datasource/frankfurter.go:110.16,113.3 2 0
etf-insight/services/exchange_rate/datasource/frankfurter.go:116.2,116.45 1 0
etf-insight/services/exchange_rate/datasource/frankfurter.go:116.45,119.3 2 0
etf-insight/services/exchange_rate/datasource/frankfurter.go:122.2,122.50 1 0
etf-insight/services/exchange_rate/datasource/frankfurter.go:122.50,126.33 3 0
etf-insight/services/exchange_rate/datasource/frankfurter.go:126.33,130.4 3 0
etf-insight/services/exchange_rate/datasource/frankfurter.go:133.2,138.3 2 0
etf-insight/services/exchange_rate/datasource/frankfurter.go:142.108,147.25 3 0
etf-insight/services/exchange_rate/datasource/frankfurter.go:147.25,155.3 2 0
etf-insight/services/exchange_rate/datasource/frankfurter.go:158.2,162.16 3 0
etf-insight/services/exchange_rate/datasource/frankfurter.go:162.16,170.3 2 0
etf-insight/services/exchange_rate/datasource/frankfurter.go:172.2,176.16 4 0
etf-insight/services/exchange_rate/datasource/frankfurter.go:176.16,184.3 2 0
etf-insight/services/exchange_rate/datasource/frankfurter.go:185.2,189.16 3 0
etf-insight/services/exchange_rate/datasource/frankfurter.go:189.16,197.3 2 0
etf-insight/services/exchange_rate/datasource/frankfurter.go:200.2,200.38 1 0
etf-insight/services/exchange_rate/datasource/frankfurter.go:200.38,208.91 4 0
etf-insight/services/exchange_rate/datasource/frankfurter.go:208.91,219.4 1 0
etf-insight/services/exchange_rate/datasource/frankfurter.go:221.3,230.5 1 0
etf-insight/services/exchange_rate/datasource/frankfurter.go:234.2,235.55 2 0
etf-insight/services/exchange_rate/datasource/frankfurter.go:235.55,243.3 2 0
etf-insight/services/exchange_rate/datasource/frankfurter.go:246.2,247.44 2 0
etf-insight/services/exchange_rate/datasource/frankfurter.go:247.44,249.3 1 0
etf-insight/services/exchange_rate/datasource/frankfurter.go:252.2,273.8 6 0
etf-insight/services/exchange_rate/datasource/frankfurter.go:277.69,282.53 1 0
etf-insight/services/exchange_rate/datasource/frankfurter.go:282.53,284.44 1 0
etf-insight/services/exchange_rate/datasource/frankfurter.go:284.44,286.4 1 0
etf-insight/services/exchange_rate/datasource/frankfurter.go:290.2,291.19 2 0
etf-insight/services/exchange_rate/datasource/frankfurter.go:295.50,297.2 1 0
etf-insight/services/exchange_rate/datasource/frankfurter.go:300.63,302.23 2 0
etf-insight/services/exchange_rate/datasource/frankfurter.go:302.23,304.3 1 0
etf-insight/services/exchange_rate/datasource/frankfurter.go:305.2,305.67 1 0
etf-insight/services/exchange_rate/datasource/frankfurter.go:309.56,311.16 2 0
etf-insight/services/exchange_rate/datasource/frankfurter.go:311.16,313.3 1 0
etf-insight/services/exchange_rate/datasource/frankfurter.go:314.2,315.42 2 0
etf-insight/services/exchange_rate/datasource/frankfurter.go:319.50,322.2 1 0
etf-insight/services/exchange_rate/datasource/frankfurter.go:325.65,327.2 1 0
etf-insight/services/exchange_rate/datasource/frankfurter.go:330.72,333.2 1 0
etf-insight/services/exchange_rate/datasource/frankfurter.go:336.53,342.53 2 0
etf-insight/services/exchange_rate/datasource/frankfurter.go:342.53,343.41 1 0
etf-insight/services/exchange_rate/datasource/frankfurter.go:343.41,345.41 1 0
etf-insight/services/exchange_rate/datasource/frankfurter.go:345.41,350.5 2 0
etf-insight/services/exchange_rate/datasource/frankfurter.go:353.2,353.13 1 0
etf-insight/services/exchange_rate/datasource/frankfurter.go:357.73,361.50 2 0
etf-insight/services/exchange_rate/datasource/frankfurter.go:361.50,362.28 1 0
etf-insight/services/exchange_rate/datasource/frankfurter.go:362.28,364.4 1 0
etf-insight/services/exchange_rate/datasource/frankfurter.go:368.2,374.34 2 0
etf-insight/services/exchange_rate/datasource/frankfurter.go:378.77,381.29 2 0
etf-insight/services/exchange_rate/datasource/frankfurter.go:381.29,382.27 1 0
etf-insight/services/exchange_rate/datasource/frankfurter.go:382.27,384.4 1 0
etf-insight/services/exchange_rate/datasource/frankfurter.go:384.9,386.4 1 0
etf-insight/services/exchange_rate/datasource/frankfurter.go:388.2,388.19 1 0
etf-insight/services/exchange_rate/datasource/frankfurter.go:392.66,399.15 5 0
etf-insight/services/exchange_rate/datasource/frankfurter.go:399.15,402.3 2 0
etf-insight/services/exchange_rate/datasource/frankfurter.go:402.8,404.3 1 0
etf-insight/services/exchange_rate/datasource/healthcheck.go:38.116,47.2 1 1
etf-insight/services/exchange_rate/datasource/healthcheck.go:50.53,54.54 3 1
etf-insight/services/exchange_rate/datasource/healthcheck.go:54.54,62.3 2 1
etf-insight/services/exchange_rate/datasource/healthcheck.go:66.80,72.2 2 0
etf-insight/services/exchange_rate/datasource/healthcheck.go:75.32,78.2 2 0
etf-insight/services/exchange_rate/datasource/healthcheck.go:81.58,86.13 4 1
etf-insight/services/exchange_rate/datasource/healthcheck.go:86.13,95.3 2 0
etf-insight/services/exchange_rate/datasource/healthcheck.go:97.2,106.32 8 1
etf-insight/services/exchange_rate/datasource/healthcheck.go:106.32,108.3 1 0
etf-insight/services/exchange_rate/datasource/healthcheck.go:108.8,110.3 1 1
etf-insight/services/exchange_rate/datasource/healthcheck.go:113.2,113.70 1 1
etf-insight/services/exchange_rate/datasource/healthcheck.go:113.70,118.3 2 0
etf-insight/services/exchange_rate/datasource/healthcheck.go:122.58,127.13 4 1
etf-insight/services/exchange_rate/datasource/healthcheck.go:127.13,136.3 2 0
etf-insight/services/exchange_rate/datasource/healthcheck.go:138.2,146.32 7 1
etf-insight/services/exchange_rate/datasource/healthcheck.go:146.32,148.3 1 0
etf-insight/services/exchange_rate/datasource/healthcheck.go:148.8,150.3 1 1
etf-insight/services/exchange_rate/datasource/healthcheck.go:153.2,153.69 1 1
etf-insight/services/exchange_rate/datasource/healthcheck.go:153.69,158.3 2 1
etf-insight/services/exchange_rate/datasource/healthcheck.go:162.68,167.2 3 1
etf-insight/services/exchange_rate/datasource/healthcheck.go:170.65,176.43 4 0
etf-insight/services/exchange_rate/datasource/healthcheck.go:176.43,179.3 2 0
etf-insight/services/exchange_rate/datasource/healthcheck.go:180.2,180.15 1 0
etf-insight/services/exchange_rate/datasource/healthcheck.go:184.90,190.6 4 0
etf-insight/services/exchange_rate/datasource/healthcheck.go:190.6,191.10 1 0
etf-insight/services/exchange_rate/datasource/healthcheck.go:192.19,193.39 1 0
etf-insight/services/exchange_rate/datasource/healthcheck.go:194.21,196.10 2 0
etf-insight/services/exchange_rate/datasource/healthcheck.go:197.21,199.10 2 0
etf-insight/services/exchange_rate/datasource/healthcheck.go:205.94,208.41 3 0
etf-insight/services/exchange_rate/datasource/healthcheck.go:208.41,210.3 1 0
etf-insight/services/exchange_rate/datasource/healthcheck.go:211.2,213.37 2 0
etf-insight/services/exchange_rate/datasource/healthcheck.go:213.37,214.10 1 0
etf-insight/services/exchange_rate/datasource/healthcheck.go:215.21,216.10 1 0
etf-insight/services/exchange_rate/datasource/healthcheck.go:217.11,218.40 1 0
etf-insight/services/exchange_rate/datasource/healthcheck.go:223.2,223.78 1 0
etf-insight/services/exchange_rate/datasource/healthcheck.go:227.83,235.2 2 0
etf-insight/services/exchange_rate/datasource/healthcheck.go:238.67,243.13 4 0
etf-insight/services/exchange_rate/datasource/healthcheck.go:243.13,245.3 1 0
etf-insight/services/exchange_rate/datasource/healthcheck.go:246.2,246.27 1 0
etf-insight/services/exchange_rate/datasource/healthcheck.go:250.71,258.43 6 1
etf-insight/services/exchange_rate/datasource/healthcheck.go:258.43,259.25 1 1
etf-insight/services/exchange_rate/datasource/healthcheck.go:259.25,261.4 1 0
etf-insight/services/exchange_rate/datasource/healthcheck.go:263.3,272.4 1 1
etf-insight/services/exchange_rate/datasource/healthcheck.go:275.2,284.14 2 1
etf-insight/services/exchange_rate/datasource/manager.go:27.105,48.2 4 1
etf-insight/services/exchange_rate/datasource/manager.go:51.69,55.2 3 1
etf-insight/services/exchange_rate/datasource/manager.go:58.69,62.2 3 1
etf-insight/services/exchange_rate/datasource/manager.go:65.71,69.2 3 1
etf-insight/services/exchange_rate/datasource/manager.go:72.116,80.16 5 1
etf-insight/services/exchange_rate/datasource/manager.go:80.16,84.3 2 1
etf-insight/services/exchange_rate/datasource/manager.go:87.2,93.52 2 1
etf-insight/services/exchange_rate/datasource/manager.go:93.52,96.3 1 0
etf-insight/services/exchange_rate/datasource/manager.go:99.2,99.57 1 1
etf-insight/services/exchange_rate/datasource/manager.go:103.106,111.34 5 0
etf-insight/services/exchange_rate/datasource/manager.go:111.34,115.3 2 0
etf-insight/services/exchange_rate/datasource/manager.go:118.2,124.52 2 0
etf-insight/services/exchange_rate/datasource/manager.go:124.52,131.3 1 0
etf-insight/services/exchange_rate/datasource/manager.go:134.2,134.46 1 0
etf-insight/services/exchange_rate/datasource/manager.go:138.93,154.58 8 1
etf-insight/services/exchange_rate/datasource/manager.go:154.58,160.3 3 0
etf-insight/services/exchange_rate/datasource/manager.go:160.8,162.36 1 1
etf-insight/services/exchange_rate/datasource/manager.go:162.36,163.54 1 1
etf-insight/services/exchange_rate/datasource/manager.go:163.54,170.10 4 1
etf-insight/services/exchange_rate/datasource/manager.go:175.2,175.24 1 1
etf-insight/services/exchange_rate/datasource/manager.go:175.24,187.3 2 0
etf-insight/services/exchange_rate/datasource/manager.go:190.2,200.12 4 1
etf-insight/services/exchange_rate/datasource/manager.go:204.72,208.28 3 1
etf-insight/services/exchange_rate/datasource/manager.go:208.28,211.3 1 1
etf-insight/services/exchange_rate/datasource/manager.go:213.2,213.33 1 0
etf-insight/services/exchange_rate/datasource/manager.go:213.33,216.3 1 0
etf-insight/services/exchange_rate/datasource/manager.go:219.2,226.13 4 0
etf-insight/services/exchange_rate/datasource/manager.go:230.72,238.26 5 0
etf-insight/services/exchange_rate/datasource/manager.go:238.26,240.3 1 0
etf-insight/services/exchange_rate/datasource/manager.go:243.2,243.35 1 0
etf-insight/services/exchange_rate/datasource/manager.go:243.35,245.26 2 0
etf-insight/services/exchange_rate/datasource/manager.go:245.26,247.4 1 0
etf-insight/services/exchange_rate/datasource/manager.go:251.2,252.26 2 0
etf-insight/services/exchange_rate/datasource/manager.go:252.26,254.3 1 0
etf-insight/services/exchange_rate/datasource/manager.go:257.2,265.15 2 0
etf-insight/services/exchange_rate/datasource/manager.go:269.67,271.2 1 0
etf-insight/services/exchange_rate/datasource/manager.go:274.47,276.2 1 0
etf-insight/services/exchange_rate/datasource/manager.go:279.71,290.2 3 1
etf-insight/services/exchange_rate/datasource/manager.go:293.54,297.35 2 1
etf-insight/services/exchange_rate/datasource/manager.go:297.35,299.3 1 1
etf-insight/services/exchange_rate/datasource/openexchange.go:47.67,73.2 3 0
etf-insight/services/exchange_rate/datasource/openexchange.go:76.49,78.2 1 0
etf-insight/services/exchange_rate/datasource/openexchange.go:81.57,83.2 1 0
etf-insight/services/exchange_rate/datasource/openexchange.go:86.119,91.80 3 0
etf-insight/services/exchange_rate/datasource/openexchange.go:91.80,98.3 2 0
etf-insight/services/exchange_rate/datasource/openexchange.go:101.2,101.32 1 0
etf-insight/services/exchange_rate/datasource/openexchange.go:101.32,104.3 2 0
etf-insight/services/exchange_rate/datasource/openexchange.go:107.2,108.16 2 0
etf-insight/services/exchange_rate/datasource/openexchange.go:108.16,111.3 2 0
etf-insight/services/exchange_rate/datasource/openexchange.go:114.2,114.45 1 0
etf-insight/services/exchange_rate/datasource/openexchange.go:114.45,117.3 2 0
etf-insight/services/exchange_rate/datasource/openexchange.go:120.2,120.50 1 0
etf-insight/services/exchange_rate/datasource/openexchange.go:120.50,124.33 3 0
etf-insight/services/exchange_rate/datasource/openexchange.go:124.33,128.4 3 0
etf-insight/services/exchange_rate/datasource/openexchange.go:131.2,136.3 2 0
etf-insight/services/exchange_rate/datasource/openexchange.go:140.109,145.25 3 0
etf-insight/services/exchange_rate/datasource/openexchange.go:145.25,153.3 2 0
etf-insight/services/exchange_rate/datasource/openexchange.go:156.2,156.20 1 0
etf-insight/services/exchange_rate/datasource/openexchange.go:156.20,164.3 2 0
etf-insight/services/exchange_rate/datasource/openexchange.go:167.2,171.16 3 0
etf-insight/services/exchange_rate/datasource/openexchange.go:171.16,179.3 2 0
etf-insight/services/exchange_rate/datasource/openexchange.go:181.2,185.16 4 0
etf-insight/services/exchange_rate/datasource/openexchange.go:185.16,193.3 2 0
etf-insight/services/exchange_rate/datasource/openexchange.go:194.2,198.16 3 0
etf-insight/services/exchange_rate/datasource/openexchange.go:198.16,206.3 2 0
etf-insight/services/exchange_rate/datasource/openexchange.go:209.2,209.38 1 0
etf-insight/services/exchange_rate/datasource/openexchange.go:209.38,225.3 3 0
etf-insight/services/exchange_rate/datasource/openexchange.go:228.2,229.55 2 0
etf-insight/services/exchange_rate/datasource/openexchange.go:229.55,237.3 2 0
etf-insight/services/exchange_rate/datasource/openexchange.go:240.2,240.19 1 0
etf-insight/services/exchange_rate/datasource/openexchange.go:240.19,252.3 2 0
etf-insight/services/exchange_rate/datasource/openexchange.go:255.2,256.44 2 0
etf-insight/services/exchange_rate/datasource/openexchange.go:256.44,258.3 1 0
etf-insight/services/exchange_rate/datasource/openexchange.go:261.2,281.8 6 0
etf-insight/services/exchange_rate/datasource/openexchange.go:285.70,287.20 1 0
etf-insight/services/exchange_rate/datasource/openexchange.go:287.20,289.3 1 0
etf-insight/services/exchange_rate/datasource/openexchange.go:292.2,292.53 1 0
etf-insight/services/exchange_rate/datasource/openexchange.go:292.53,294.43 1 0
etf-insight/services/exchange_rate/datasource/openexchange.go:294.43,296.4 1 0
etf-insight/services/exchange_rate/datasource/openexchange.go:300.2,301.19 2 0
etf-insight/services/exchange_rate/datasource/openexchange.go:305.51,307.2 1 0
etf-insight/services/exchange_rate/datasource/openexchange.go:310.64,312.23 2 0
etf-insight/services/exchange_rate/datasource/openexchange.go:312.23,314.3 1 0
etf-insight/services/exchange_rate/datasource/openexchange.go:315.2,315.67 1 0
etf-insight/services/exchange_rate/datasource/openexchange.go:319.57,321.16 2 0
etf-insight/services/exchange_rate/datasource/openexchange.go:321.16,323.3 1 0
etf-insight/services/exchange_rate/datasource/openexchange.go:324.2,325.42 2 0
etf-insight/services/exchange_rate/datasource/openexchange.go:329.51,331.23 1 0
etf-insight/services/exchange_rate/datasource/openexchange.go:331.23,333.3 1 0
etf-insight/services/exchange_rate/datasource/openexchange.go:334.2,334.15 1 0
etf-insight/services/exchange_rate/datasource/openexchange.go:338.66,340.2 1 0
etf-insight/services/exchange_rate/datasource/openexchange.go:343.73,344.20 1 0
etf-insight/services/exchange_rate/datasource/openexchange.go:344.20,346.3 1 0
etf-insight/services/exchange_rate/datasource/openexchange.go:349.2,350.16 2 0
etf-insight/services/exchange_rate/datasource/openexchange.go:350.16,353.3 2 0
etf-insight/services/exchange_rate/datasource/openexchange.go:355.2,359.23 2 0
etf-insight/services/exchange_rate/datasource/openexchange.go:363.54,367.42 2 0
etf-insight/services/exchange_rate/datasource/openexchange.go:367.42,369.3 1 0
etf-insight/services/exchange_rate/datasource/openexchange.go:370.2,370.13 1 0
etf-insight/services/exchange_rate/datasource/openexchange.go:374.74,378.50 2 0
etf-insight/services/exchange_rate/datasource/openexchange.go:378.50,379.28 1 0
etf-insight/services/exchange_rate/datasource/openexchange.go:379.28,381.4 1 0
etf-insight/services/exchange_rate/datasource/openexchange.go:385.2,390.34 2 0
etf-insight/services/exchange_rate/datasource/openexchange.go:394.78,397.29 2 0
etf-insight/services/exchange_rate/datasource/openexchange.go:397.29,398.27 1 0
etf-insight/services/exchange_rate/datasource/openexchange.go:398.27,400.4 1 0
etf-insight/services/exchange_rate/datasource/openexchange.go:400.9,402.4 1 0
etf-insight/services/exchange_rate/datasource/openexchange.go:404.2,404.19 1 0
etf-insight/services/exchange_rate/datasource/openexchange.go:408.67,415.15 5 0
etf-insight/services/exchange_rate/datasource/openexchange.go:415.15,418.3 2 0
etf-insight/services/exchange_rate/datasource/openexchange.go:418.8,420.3 1 0
etf-insight/services/exchange_rate/datasource/provider.go:80.44,84.2 1 1
etf-insight/services/exchange_rate/datasource/provider.go:87.78,89.2 1 1
etf-insight/services/exchange_rate/datasource/provider.go:92.71,95.2 2 1
etf-insight/services/exchange_rate/datasource/provider.go:99.97,103.34 2 0
etf-insight/services/exchange_rate/datasource/provider.go:103.34,104.73 1 0
etf-insight/services/exchange_rate/datasource/provider.go:104.73,106.4 1 0
etf-insight/services/exchange_rate/datasource/provider.go:109.2,109.36 1 0
etf-insight/services/exchange_rate/datasource/provider.go:113.52,115.32 2 1
etf-insight/services/exchange_rate/datasource/provider.go:115.32,117.3 1 1
etf-insight/services/exchange_rate/datasource/provider.go:118.2,118.14 1 1
etf-insight/middleware/audit.go:21.54,24.2 2 0
etf-insight/middleware/audit.go:26.36,27.30 1 0
etf-insight/middleware/audit.go:27.30,35.28 6 0
etf-insight/middleware/audit.go:35.28,38.4 2 0
etf-insight/middleware/audit.go:40.3,58.27 8 0
etf-insight/middleware/audit.go:58.27,60.53 2 0
etf-insight/middleware/audit.go:60.53,62.43 2 0
etf-insight/middleware/audit.go:62.43,63.38 1 0
etf-insight/middleware/audit.go:63.38,65.7 1 0
etf-insight/middleware/audit.go:67.5,67.40 1 0
etf-insight/middleware/audit.go:71.3,88.77 3 0
etf-insight/middleware/audit.go:88.77,90.4 1 0
etf-insight/middleware/audit.go:92.3,92.33 1 0
etf-insight/middleware/audit.go:92.33,93.54 1 0
etf-insight/middleware/audit.go:93.54,95.5 1 0
etf-insight/middleware/audit.go:100.37,101.14 1 0
etf-insight/middleware/audit.go:101.14,103.3 1 0
etf-insight/middleware/audit.go:104.2,104.29 1 0
etf-insight/middleware/audit.go:104.29,106.3 1 0
etf-insight/middleware/audit.go:107.2,107.11 1 0
etf-insight/middleware/audit.go:110.42,111.20 1 0
etf-insight/middleware/audit.go:111.20,113.3 1 0
etf-insight/middleware/audit.go:114.2,115.21 2 0
etf-insight/middleware/audit.go:115.21,117.3 1 0
etf-insight/middleware/audit.go:118.2,118.28 1 0
etf-insight/middleware/audit.go:121.38,124.33 3 0
etf-insight/middleware/audit.go:124.33,125.21 1 0
etf-insight/middleware/audit.go:125.21,126.24 1 0
etf-insight/middleware/audit.go:126.24,129.5 2 0
etf-insight/middleware/audit.go:130.9,132.4 1 0
etf-insight/middleware/audit.go:134.2,134.22 1 0
etf-insight/middleware/audit.go:134.22,136.3 1 0
etf-insight/middleware/audit.go:137.2,137.14 1 0
etf-insight/middleware/auth.go:27.63,32.2 1 0
etf-insight/middleware/auth.go:34.87,49.2 3 0
etf-insight/middleware/auth.go:51.77,52.104 1 0
etf-insight/middleware/auth.go:52.104,54.3 1 0
etf-insight/middleware/auth.go:56.2,56.16 1 0
etf-insight/middleware/auth.go:56.16,58.3 1 0
etf-insight/middleware/auth.go:60.2,60.61 1 0
etf-insight/middleware/auth.go:60.61,62.3 1 0
etf-insight/middleware/auth.go:64.2,64.37 1 0
etf-insight/middleware/auth.go:67.57,68.30 1 0
etf-insight/middleware/auth.go:68.30,70.23 2 0
etf-insight/middleware/auth.go:70.23,78.4 3 0
etf-insight/middleware/auth.go:80.3,81.63 2 0
etf-insight/middleware/auth.go:81.63,89.4 3 0
etf-insight/middleware/auth.go:91.3,93.17 3 0
etf-insight/middleware/auth.go:93.17,102.4 4 0
etf-insight/middleware/auth.go:104.3,107.11 4 0
etf-insight/middleware/auth.go:111.57,112.30 1 0
etf-insight/middleware/auth.go:112.30,114.23 2 0
etf-insight/middleware/auth.go:114.23,117.4 2 0
etf-insight/middleware/auth.go:119.3,120.63 2 0
etf-insight/middleware/auth.go:120.63,123.4 2 0
etf-insight/middleware/auth.go:125.3,127.17 3 0
etf-insight/middleware/auth.go:127.17,130.4 2 0
etf-insight/middleware/auth.go:132.3,135.11 4 0
etf-insight/middleware/auth.go:139.71,140.30 1 0
etf-insight/middleware/auth.go:140.30,142.14 2 0
etf-insight/middleware/auth.go:142.14,150.4 3 0
etf-insight/middleware/auth.go:152.3,153.27 2 0
etf-insight/middleware/auth.go:153.27,154.17 1 0
etf-insight/middleware/auth.go:154.17,157.5 2 0
etf-insight/middleware/auth.go:160.3,165.12 2 0
etf-insight/middleware/security.go:24.67,34.2 3 1
etf-insight/middleware/security.go:36.42,37.6 1 1
etf-insight/middleware/security.go:37.6,40.34 3 1
etf-insight/middleware/security.go:40.34,41.42 1 0
etf-insight/middleware/security.go:41.42,43.5 1 0
etf-insight/middleware/security.go:45.3,45.17 1 0
etf-insight/middleware/security.go:49.46,54.13 4 1
etf-insight/middleware/security.go:54.13,60.3 2 1
etf-insight/middleware/security.go:62.2,62.40 1 1
etf-insight/middleware/security.go:62.40,66.3 3 1
etf-insight/middleware/security.go:68.2,68.25 1 1
etf-insight/middleware/security.go:68.25,70.3 1 1
etf-insight/middleware/security.go:72.2,74.13 3 1
etf-insight/middleware/security.go:79.36,80.30 1 1
etf-insight/middleware/security.go:80.30,83.25 2 1
etf-insight/middleware/security.go:83.25,89.4 3 1
etf-insight/middleware/security.go:91.3,91.11 1 1
etf-insight/middleware/security.go:95.40,96.30 1 1
etf-insight/middleware/security.go:96.30,105.53 8 1
etf-insight/middleware/security.go:105.53,109.4 3 1
etf-insight/middleware/security.go:111.3,111.11 1 1
etf-insight/middleware/security.go:115.39,116.30 1 0
etf-insight/middleware/security.go:116.30,118.3 1 0
etf-insight/middleware/validation.go:32.43,34.23 2 0
etf-insight/middleware/validation.go:34.23,36.3 1 0
etf-insight/middleware/validation.go:37.2,37.33 1 0
etf-insight/middleware/validation.go:40.60,41.30 1 0
etf-insight/middleware/validation.go:41.30,42.32 1 0
etf-insight/middleware/validation.go:42.32,45.4 2 0
etf-insight/middleware/validation.go:47.3,48.49 2 0
etf-insight/middleware/validation.go:48.49,56.4 3 0
etf-insight/middleware/validation.go:58.3,59.22 2 0
etf-insight/middleware/validation.go:59.22,68.4 3 0
etf-insight/middleware/validation.go:70.3,70.11 1 0
etf-insight/middleware/validation.go:74.89,77.29 2 0
etf-insight/middleware/validation.go:77.29,80.30 2 0
etf-insight/middleware/validation.go:80.30,81.21 1 0
etf-insight/middleware/validation.go:81.21,83.5 1 0
etf-insight/middleware/validation.go:84.4,84.12 1 0
etf-insight/middleware/validation.go:87.3,87.20 1 0
etf-insight/middleware/validation.go:88.17,89.54 1 0
etf-insight/middleware/validation.go:89.54,91.5 1 0
etf-insight/middleware/validation.go:92.33,93.54 1 0
etf-insight/middleware/validation.go:93.54,95.5 1 0
etf-insight/middleware/validation.go:96.16,97.47 1 0
etf-insight/middleware/validation.go:97.47,99.5 1 0
etf-insight/middleware/validation.go:103.2,103.15 1 0
etf-insight/middleware/validation.go:106.78,108.9 2 0
etf-insight/middleware/validation.go:108.9,110.3 1 0
etf-insight/middleware/validation.go:112.2,112.50 1 0
etf-insight/middleware/validation.go:112.50,114.3 1 0
etf-insight/middleware/validation.go:116.2,116.50 1 0
etf-insight/middleware/validation.go:116.50,118.3 1 0
etf-insight/middleware/validation.go:120.2,120.59 1 0
etf-insight/middleware/validation.go:120.59,122.3 1 0
etf-insight/middleware/validation.go:124.2,124.24 1 0
etf-insight/middleware/validation.go:124.24,126.31 2 0
etf-insight/middleware/validation.go:126.31,127.16 1 0
etf-insight/middleware/validation.go:127.16,129.10 2 0
etf-insight/middleware/validation.go:132.3,132.13 1 0
etf-insight/middleware/validation.go:132.13,134.4 1 0
etf-insight/middleware/validation.go:137.2,137.12 1 0
etf-insight/middleware/validation.go:140.78,143.27 2 0
etf-insight/middleware/validation.go:144.15,145.10 1 0
etf-insight/middleware/validation.go:146.15,147.19 1 0
etf-insight/middleware/validation.go:148.11,149.19 1 0
etf-insight/middleware/validation.go:150.13,151.19 1 0
etf-insight/middleware/validation.go:152.14,155.17 3 0
etf-insight/middleware/validation.go:155.17,157.4 1 0
etf-insight/middleware/validation.go:158.10,159.87 1 0
etf-insight/middleware/validation.go:162.2,162.37 1 0
etf-insight/middleware/validation.go:162.37,164.3 1 0
etf-insight/middleware/validation.go:166.2,166.37 1 0
etf-insight/middleware/validation.go:166.37,168.3 1 0
etf-insight/middleware/validation.go:170.2,170.12 1 0
etf-insight/middleware/validation.go:173.56,175.9 2 0
etf-insight/middleware/validation.go:175.9,177.3 1 0
etf-insight/middleware/validation.go:179.2,180.34 2 0
etf-insight/middleware/validation.go:180.34,182.3 1 0
etf-insight/middleware/validation.go:184.2,184.12 1 0
etf-insight/middleware/validation.go:187.39,188.30 1 0
etf-insight/middleware/validation.go:188.30,190.19 2 0
etf-insight/middleware/validation.go:190.19,192.40 2 0
etf-insight/middleware/validation.go:192.40,200.5 3 0
etf-insight/middleware/validation.go:202.3,202.11 1 0
etf-insight/middleware/validation.go:206.80,215.12 4 0
etf-insight/middleware/validation.go:215.12,216.7 1 0
etf-insight/middleware/validation.go:216.7,219.32 3 0
etf-insight/middleware/validation.go:219.32,220.40 1 0
etf-insight/middleware/validation.go:220.40,222.6 1 0
etf-insight/middleware/validation.go:224.4,224.15 1 0
etf-insight/middleware/validation.go:228.2,228.30 1 0
etf-insight/middleware/validation.go:228.30,233.14 4 0
etf-insight/middleware/validation.go:233.14,238.4 4 0
etf-insight/middleware/validation.go:240.3,240.38 1 0
etf-insight/middleware/validation.go:240.38,246.4 5 0
etf-insight/middleware/validation.go:248.3,251.28 3 0
etf-insight/middleware/validation.go:251.28,260.4 4 0
etf-insight/middleware/validation.go:262.3,263.11 2 0
etf-insight/middleware/validation.go:267.35,268.30 1 0
etf-insight/middleware/validation.go:268.30,270.29 2 0
etf-insight/middleware/validation.go:270.29,278.4 3 0
etf-insight/middleware/validation.go:279.3,279.11 1 0
etf-insight/cmd/generate_history/main.go:46.13,48.16 2 0
etf-insight/cmd/generate_history/main.go:48.16,49.38 1 0
etf-insight/cmd/generate_history/main.go:52.2,55.44 2 0
etf-insight/cmd/generate_history/main.go:55.44,58.3 2 0
etf-insight/cmd/generate_history/main.go:60.2,60.22 1 0
etf-insight/cmd/generate_history/main.go:63.79,73.29 6 0
etf-insight/cmd/generate_history/main.go:73.29,77.71 2 0
etf-insight/cmd/generate_history/main.go:77.71,78.12 1 0
etf-insight/cmd/generate_history/main.go:82.3,103.22 9 0
etf-insight/cmd/generate_history/main.go:106.2,106.98 1 0
etf-insight/cmd/initetf/main.go:12.13,14.56 1 0
etf-insight/cmd/initetf/main.go:14.56,17.3 2 0
etf-insight/cmd/initetf/main.go:19.2,27.53 4 0
etf-insight/cmd/initetf/main.go:31.22,53.35 3 0
etf-insight/cmd/initetf/main.go:53.35,58.26 3 0
etf-insight/cmd/initetf/main.go:58.26,72.4 2 0
etf-insight/cmd/initetf/main.go:75.3,91.84 4 0
etf-insight/cmd/initetf/main.go:96.26,120.27 3 0
etf-insight/cmd/initetf/main.go:120.27,140.3 3 0
etf-insight/cmd/test_finage/main.go:12.13,18.24 4 0
etf-insight/cmd/test_finage/main.go:18.24,21.3 2 0
etf-insight/cmd/test_finage/main.go:24.2,42.16 9 0
etf-insight/cmd/test_finage/main.go:42.16,45.3 2 0
etf-insight/cmd/test_finage/main.go:48.2,50.16 3 0
etf-insight/cmd/test_finage/main.go:50.16,53.3 2 0
etf-insight/cmd/test_finage/main.go:55.2,60.51 6 0
etf-insight/handlers/a_share_portfolio_handler.go:17.58,19.2 1 0
etf-insight/handlers/a_share_portfolio_handler.go:45.86,50.42 3 0
etf-insight/handlers/a_share_portfolio_handler.go:50.42,52.3 1 0
etf-insight/handlers/a_share_portfolio_handler.go:55.2,155.29 2 0
etf-insight/handlers/a_share_portfolio_handler.go:155.29,157.3 1 0
etf-insight/handlers/a_share_portfolio_handler.go:159.2,159.20 1 0
etf-insight/handlers/a_share_portfolio_handler.go:163.65,169.2 2 0
etf-insight/handlers/a_share_portfolio_handler.go:172.70,193.25 5 0
etf-insight/handlers/a_share_portfolio_handler.go:193.25,196.30 3 0
etf-insight/handlers/a_share_portfolio_handler.go:196.30,198.29 1 0
etf-insight/handlers/a_share_portfolio_handler.go:198.29,199.26 1 0
etf-insight/handlers/a_share_portfolio_handler.go:199.26,201.11 2 0
etf-insight/handlers/a_share_portfolio_handler.go:205.8,216.28 3 0
etf-insight/handlers/a_share_portfolio_handler.go:216.28,224.4 3 0
etf-insight/handlers/a_share_portfolio_handler.go:228.2,229.44 2 0
etf-insight/handlers/a_share_portfolio_handler.go:229.44,231.3 1 0
etf-insight/handlers/a_share_portfolio_handler.go:234.2,235.27 2 0
etf-insight/handlers/a_share_portfolio_handler.go:235.27,254.3 5 0
etf-insight/handlers/a_share_portfolio_handler.go:257.2,258.29 2 0
etf-insight/handlers/a_share_portfolio_handler.go:258.29,260.3 1 0
etf-insight/handlers/a_share_portfolio_handler.go:263.2,263.26 1 0
etf-insight/handlers/a_share_portfolio_handler.go:263.26,264.33 1 0
etf-insight/handlers/a_share_portfolio_handler.go:264.33,267.4 2 0
etf-insight/handlers/a_share_portfolio_handler.go:271.2,272.34 2 0
etf-insight/handlers/a_share_portfolio_handler.go:272.34,274.3 1 0
etf-insight/handlers/a_share_portfolio_handler.go:276.2,289.4 2 0
etf-insight/handlers/a_share_portfolio_handler.go:293.67,298.47 2 0
etf-insight/handlers/a_share_portfolio_handler.go:298.47,304.3 2 0
etf-insight/handlers/a_share_portfolio_handler.go:307.2,309.27 3 0
etf-insight/handlers/a_share_portfolio_handler.go:309.27,311.3 1 0
etf-insight/handlers/a_share_portfolio_handler.go:314.2,315.41 2 0
etf-insight/handlers/a_share_portfolio_handler.go:315.41,317.3 1 0
etf-insight/handlers/a_share_portfolio_handler.go:320.2,321.46 2 0
etf-insight/handlers/a_share_portfolio_handler.go:321.46,323.14 2 0
etf-insight/handlers/a_share_portfolio_handler.go:323.14,324.12 1 0
etf-insight/handlers/a_share_portfolio_handler.go:327.3,329.35 3 0
etf-insight/handlers/a_share_portfolio_handler.go:329.35,331.4 1 0
etf-insight/handlers/a_share_portfolio_handler.go:334.3,347.5 3 0
etf-insight/handlers/a_share_portfolio_handler.go:351.2,352.29 2 0
etf-insight/handlers/a_share_portfolio_handler.go:352.29,354.3 1 0
etf-insight/handlers/a_share_portfolio_handler.go:357.2,357.26 1 0
etf-insight/handlers/a_share_portfolio_handler.go:357.26,358.33 1 0
etf-insight/handlers/a_share_portfolio_handler.go:358.33,361.4 2 0
etf-insight/handlers/a_share_portfolio_handler.go:365.2,366.34 2 0
etf-insight/handlers/a_share_portfolio_handler.go:366.34,368.3 1 0
etf-insight/handlers/a_share_portfolio_handler.go:370.2,382.4 2 0
etf-insight/handlers/a_share_portfolio_handler.go:401.63,404.25 3 0
etf-insight/handlers/a_share_portfolio_handler.go:404.25,410.3 2 0
etf-insight/handlers/a_share_portfolio_handler.go:412.2,413.27 2 0
etf-insight/handlers/a_share_portfolio_handler.go:413.27,427.3 1 0
etf-insight/handlers/a_share_portfolio_handler.go:429.2,432.4 1 0
etf-insight/handlers/a_share_portfolio_handler.go:436.70,441.25 4 0
etf-insight/handlers/a_share_portfolio_handler.go:441.25,447.3 2 0
etf-insight/handlers/a_share_portfolio_handler.go:449.2,466.4 2 0
etf-insight/handlers/a_share_portfolio_handler.go:470.67,472.58 2 0
etf-insight/handlers/a_share_portfolio_handler.go:472.58,478.3 2 0
etf-insight/handlers/a_share_portfolio_handler.go:480.2,483.4 1 0
etf-insight/handlers/a_share_portfolio_handler.go:487.64,494.47 3 0
etf-insight/handlers/a_share_portfolio_handler.go:494.47,500.3 2 0
etf-insight/handlers/a_share_portfolio_handler.go:503.2,505.25 3 0
etf-insight/handlers/a_share_portfolio_handler.go:505.25,511.3 2 0
etf-insight/handlers/a_share_portfolio_handler.go:513.2,526.4 4 0
etf-insight/handlers/a_share_portfolio_handler.go:530.79,553.22 6 0
etf-insight/handlers/a_share_portfolio_handler.go:553.22,556.30 3 0
etf-insight/handlers/a_share_portfolio_handler.go:556.30,557.29 1 0
etf-insight/handlers/a_share_portfolio_handler.go:557.29,558.26 1 0
etf-insight/handlers/a_share_portfolio_handler.go:558.26,560.11 2 0
etf-insight/handlers/a_share_portfolio_handler.go:566.2,568.27 2 0
etf-insight/handlers/a_share_portfolio_handler.go:568.27,574.20 5 0
etf-insight/handlers/a_share_portfolio_handler.go:575.18,576.56 1 0
etf-insight/handlers/a_share_portfolio_handler.go:576.56,578.5 1 0
etf-insight/handlers/a_share_portfolio_handler.go:579.20,580.58 1 0
etf-insight/handlers/a_share_portfolio_handler.go:580.58,582.5 1 0
etf-insight/handlers/a_share_portfolio_handler.go:583.17,584.35 1 0
etf-insight/handlers/a_share_portfolio_handler.go:585.11,586.35 1 0
etf-insight/handlers/a_share_portfolio_handler.go:589.3,595.5 1 0
etf-insight/handlers/a_share_portfolio_handler.go:598.2,601.4 1 0
etf-insight/handlers/etf_config_handler.go:16.46,18.2 1 0
etf-insight/handlers/etf_config_handler.go:21.58,26.23 3 0
etf-insight/handlers/etf_config_handler.go:26.23,29.26 2 0
etf-insight/handlers/etf_config_handler.go:29.26,31.4 1 0
etf-insight/handlers/etf_config_handler.go:34.2,37.4 1 0
etf-insight/handlers/etf_config_handler.go:41.57,43.16 2 0
etf-insight/handlers/etf_config_handler.go:43.16,49.3 2 0
etf-insight/handlers/etf_config_handler.go:51.2,55.20 3 0
etf-insight/handlers/etf_config_handler.go:55.20,61.3 2 0
etf-insight/handlers/etf_config_handler.go:63.2,66.4 1 0
etf-insight/handlers/etf_config_handler.go:70.60,72.50 2 0
etf-insight/handlers/etf_config_handler.go:72.50,78.3 2 0
etf-insight/handlers/etf_config_handler.go:80.2,86.4 2 0
etf-insight/handlers/etf_config_handler.go:90.60,92.16 2 0
etf-insight/handlers/etf_config_handler.go:92.16,98.3 2 0
etf-insight/handlers/etf_config_handler.go:100.2,104.20 3 0
etf-insight/handlers/etf_config_handler.go:104.20,110.3 2 0
etf-insight/handlers/etf_config_handler.go:112.2,113.54 2 0
etf-insight/handlers/etf_config_handler.go:113.54,119.3 2 0
etf-insight/handlers/etf_config_handler.go:121.2,127.4 2 0
etf-insight/handlers/etf_config_handler.go:131.60,133.16 2 0
etf-insight/handlers/etf_config_handler.go:133.16,139.3 2 0
etf-insight/handlers/etf_config_handler.go:141.2,146.4 2 0
etf-insight/handlers/etf_config_handler.go:150.66,152.16 2 0
etf-insight/handlers/etf_config_handler.go:152.16,158.3 2 0
etf-insight/handlers/etf_config_handler.go:160.2,163.47 2 0
etf-insight/handlers/etf_config_handler.go:163.47,169.3 2 0
etf-insight/handlers/etf_config_handler.go:171.2,175.20 3 0
etf-insight/handlers/etf_config_handler.go:175.20,181.3 2 0
etf-insight/handlers/etf_config_handler.go:183.2,190.4 3 0
etf-insight/handlers/etf_config_handler.go:194.70,196.16 2 0
etf-insight/handlers/etf_config_handler.go:196.16,202.3 2 0
etf-insight/handlers/etf_config_handler.go:204.2,207.47 2 0
etf-insight/handlers/etf_config_handler.go:207.47,213.3 2 0
etf-insight/handlers/etf_config_handler.go:215.2,219.20 3 0
etf-insight/handlers/etf_config_handler.go:219.20,225.3 2 0
etf-insight/handlers/etf_config_handler.go:228.2,235.4 3 0
etf-insight/handlers/etf_config_handler.go:239.48,297.2 1 0
etf-insight/handlers/etf_handler.go:51.118,56.2 1 1
etf-insight/handlers/etf_handler.go:59.49,63.47 3 1
etf-insight/handlers/etf_handler.go:63.47,64.59 1 1
etf-insight/handlers/etf_handler.go:64.59,66.4 1 1
etf-insight/handlers/etf_handler.go:69.2,69.59 1 1
etf-insight/handlers/etf_handler.go:69.59,70.78 1 1
etf-insight/handlers/etf_handler.go:70.78,72.4 1 1
etf-insight/handlers/etf_handler.go:75.2,83.63 5 1
etf-insight/handlers/etf_handler.go:83.63,95.3 2 1
etf-insight/handlers/etf_handler.go:97.2,105.33 3 0
etf-insight/handlers/etf_handler.go:105.33,106.33 1 0
etf-insight/handlers/etf_handler.go:106.33,110.4 3 0
etf-insight/handlers/etf_handler.go:113.2,114.39 2 0
etf-insight/handlers/etf_handler.go:114.39,116.48 2 0
etf-insight/handlers/etf_handler.go:116.48,118.4 1 0
etf-insight/handlers/etf_handler.go:121.2,132.33 2 0
etf-insight/handlers/etf_handler.go:136.93,172.2 7 0
etf-insight/handlers/etf_handler.go:175.179,176.13 1 0
etf-insight/handlers/etf_handler.go:176.13,180.60 2 0
etf-insight/handlers/etf_handler.go:180.60,182.4 1 0
etf-insight/handlers/etf_handler.go:182.9,186.78 2 0
etf-insight/handlers/etf_handler.go:186.78,188.5 1 0
etf-insight/handlers/etf_handler.go:192.3,192.25 1 0
etf-insight/handlers/etf_handler.go:192.25,194.4 1 0
etf-insight/handlers/etf_handler.go:196.3,198.24 3 0
etf-insight/handlers/etf_handler.go:198.24,200.4 1 0
etf-insight/handlers/etf_handler.go:203.3,234.26 3 0
etf-insight/handlers/etf_handler.go:234.26,239.4 4 0
etf-insight/handlers/etf_handler.go:241.3,241.16 1 0
etf-insight/handlers/etf_handler.go:245.2,262.3 1 0
etf-insight/handlers/etf_handler.go:266.53,268.18 2 0
etf-insight/handlers/etf_handler.go:268.18,274.3 2 0
etf-insight/handlers/etf_handler.go:277.2,279.25 3 0
etf-insight/handlers/etf_handler.go:279.25,285.3 2 0
etf-insight/handlers/etf_handler.go:288.2,295.76 5 0
etf-insight/handlers/etf_handler.go:295.76,297.3 1 0
etf-insight/handlers/etf_handler.go:299.2,301.23 3 0
etf-insight/handlers/etf_handler.go:301.23,303.3 1 0
etf-insight/handlers/etf_handler.go:306.2,336.4 3 0
etf-insight/handlers/etf_handler.go:340.55,348.33 5 0
etf-insight/handlers/etf_handler.go:348.33,350.3 1 0
etf-insight/handlers/etf_handler.go:352.2,352.23 1 0
etf-insight/handlers/etf_handler.go:352.23,358.3 2 0
etf-insight/handlers/etf_handler.go:360.2,361.16 2 0
etf-insight/handlers/etf_handler.go:361.16,367.3 2 0
etf-insight/handlers/etf_handler.go:369.2,372.4 1 0
etf-insight/handlers/etf_handler.go:376.52,381.16 4 0
etf-insight/handlers/etf_handler.go:382.12,383.43 1 0
etf-insight/handlers/etf_handler.go:384.12,385.43 1 0
etf-insight/handlers/etf_handler.go:386.12,387.43 1 0
etf-insight/handlers/etf_handler.go:388.12,389.43 1 0
etf-insight/handlers/etf_handler.go:390.12,391.43 1 0
etf-insight/handlers/etf_handler.go:392.12,393.43 1 0
etf-insight/handlers/etf_handler.go:394.10,395.43 1 0
etf-insight/handlers/etf_handler.go:398.2,401.35 2 0
etf-insight/handlers/etf_handler.go:401.35,407.3 2 0
etf-insight/handlers/etf_handler.go:409.2,410.31 2 0
etf-insight/handlers/etf_handler.go:410.31,420.3 1 0
etf-insight/handlers/etf_handler.go:422.2,425.4 1 0
etf-insight/handlers/etf_handler.go:429.52,434.92 4 0
etf-insight/handlers/etf_handler.go:434.92,440.3 2 0
etf-insight/handlers/etf_handler.go:442.2,443.112 2 0
etf-insight/handlers/etf_handler.go:443.112,449.3 2 0
etf-insight/handlers/etf_handler.go:451.2,451.22 1 0
etf-insight/handlers/etf_handler.go:451.22,457.3 2 0
etf-insight/handlers/etf_handler.go:459.2,483.4 3 0
etf-insight/handlers/etf_handler.go:495.89,496.21 1 0
etf-insight/handlers/etf_handler.go:496.21,498.3 1 0
etf-insight/handlers/etf_handler.go:500.2,501.35 2 0
etf-insight/handlers/etf_handler.go:501.35,504.20 3 0
etf-insight/handlers/etf_handler.go:504.20,506.4 1 0
etf-insight/handlers/etf_handler.go:509.2,512.20 4 0
etf-insight/handlers/etf_handler.go:512.20,514.3 1 0
etf-insight/handlers/etf_handler.go:516.2,525.3 4 0
etf-insight/handlers/etf_handler.go:528.53,529.23 1 0
etf-insight/handlers/etf_handler.go:529.23,531.3 1 0
etf-insight/handlers/etf_handler.go:533.2,534.28 2 0
etf-insight/handlers/etf_handler.go:534.28,536.3 1 0
etf-insight/handlers/etf_handler.go:537.2,540.28 3 0
etf-insight/handlers/etf_handler.go:540.28,542.3 1 0
etf-insight/handlers/etf_handler.go:543.2,545.38 2 0
etf-insight/handlers/etf_handler.go:548.60,549.22 1 0
etf-insight/handlers/etf_handler.go:549.22,551.3 1 0
etf-insight/handlers/etf_handler.go:553.2,556.40 3 0
etf-insight/handlers/etf_handler.go:556.40,558.19 2 0
etf-insight/handlers/etf_handler.go:558.19,560.4 1 0
etf-insight/handlers/etf_handler.go:561.3,562.29 2 0
etf-insight/handlers/etf_handler.go:562.29,564.4 1 0
etf-insight/handlers/etf_handler.go:567.2,567.26 1 0
etf-insight/handlers/etf_handler.go:570.76,571.23 1 0
etf-insight/handlers/etf_handler.go:571.23,573.3 1 0
etf-insight/handlers/etf_handler.go:575.2,576.28 2 0
etf-insight/handlers/etf_handler.go:576.28,578.3 1 0
etf-insight/handlers/etf_handler.go:579.2,584.28 4 0
etf-insight/handlers/etf_handler.go:584.28,586.3 1 0
etf-insight/handlers/etf_handler.go:587.2,590.27 3 0
etf-insight/handlers/etf_handler.go:590.27,592.3 1 0
etf-insight/handlers/etf_handler.go:594.2,594.61 1 0
etf-insight/handlers/etf_handler.go:598.53,603.18 4 0
etf-insight/handlers/etf_handler.go:603.18,609.3 2 0
etf-insight/handlers/etf_handler.go:611.2,612.42 2 0
etf-insight/handlers/etf_handler.go:612.42,614.3 1 0
etf-insight/handlers/etf_handler.go:616.2,617.46 2 0
etf-insight/handlers/etf_handler.go:617.46,619.3 1 0
etf-insight/handlers/etf_handler.go:622.2,628.54 5 0
etf-insight/handlers/etf_handler.go:628.54,630.3 1 0
etf-insight/handlers/etf_handler.go:633.2,635.133 3 0
etf-insight/handlers/etf_handler.go:635.133,638.21 3 0
etf-insight/handlers/etf_handler.go:638.21,643.35 4 0
etf-insight/handlers/etf_handler.go:643.35,645.5 1 0
etf-insight/handlers/etf_handler.go:646.4,646.34 1 0
etf-insight/handlers/etf_handler.go:646.34,648.5 1 0
etf-insight/handlers/etf_handler.go:660.2,664.36 4 0
etf-insight/handlers/etf_handler.go:664.36,684.3 7 0
etf-insight/handlers/etf_handler.go:686.2,690.26 4 0
etf-insight/handlers/etf_handler.go:690.26,692.3 1 0
etf-insight/handlers/etf_handler.go:694.2,713.4 1 0
etf-insight/handlers/etf_handler.go:717.57,722.26 3 0
etf-insight/handlers/etf_handler.go:722.26,729.3 2 0
etf-insight/handlers/etf_handler.go:731.2,732.33 2 0
etf-insight/handlers/etf_handler.go:732.33,734.3 1 0
etf-insight/handlers/etf_handler.go:737.2,740.55 3 0
etf-insight/handlers/etf_handler.go:740.55,742.24 2 0
etf-insight/handlers/etf_handler.go:742.24,744.4 1 0
etf-insight/handlers/etf_handler.go:745.3,749.9 2 0
etf-insight/handlers/etf_handler.go:752.2,753.16 2 0
etf-insight/handlers/etf_handler.go:753.16,760.3 3 0
etf-insight/handlers/etf_handler.go:763.2,764.31 2 0
etf-insight/handlers/etf_handler.go:764.31,783.87 1 0
etf-insight/handlers/etf_handler.go:783.87,785.21 2 0
etf-insight/handlers/etf_handler.go:785.21,787.5 1 0
etf-insight/handlers/etf_handler.go:789.4,803.23 2 0
etf-insight/handlers/etf_handler.go:806.3,806.17 1 0
etf-insight/handlers/etf_handler.go:811.2,816.4 1 0
etf-insight/handlers/etf_handler.go:819.53,834.31 3 0
etf-insight/handlers/etf_handler.go:834.31,835.31 1 0
etf-insight/handlers/etf_handler.go:835.31,836.19 1 0
etf-insight/handlers/etf_handler.go:836.19,838.5 1 0
etf-insight/handlers/etf_handler.go:841.2,841.12 1 0
etf-insight/handlers/exchange_rate.go:21.121,26.2 1 0
etf-insight/handlers/exchange_rate.go:45.73,62.2 1 0
etf-insight/handlers/exchange_rate.go:64.64,70.24 4 0
etf-insight/handlers/exchange_rate.go:70.24,72.3 1 0
etf-insight/handlers/exchange_rate.go:74.2,75.22 2 0
etf-insight/handlers/exchange_rate.go:75.22,77.3 1 0
etf-insight/handlers/exchange_rate.go:79.2,80.22 2 0
etf-insight/handlers/exchange_rate.go:80.22,82.3 1 0
etf-insight/handlers/exchange_rate.go:84.2,84.89 1 0
etf-insight/handlers/exchange_rate.go:84.89,90.3 2 0
etf-insight/handlers/exchange_rate.go:92.2,93.23 2 0
etf-insight/handlers/exchange_rate.go:93.23,95.3 1 0
etf-insight/handlers/exchange_rate.go:97.2,101.4 1 0
etf-insight/handlers/exchange_rate.go:104.63,108.44 3 0
etf-insight/handlers/exchange_rate.go:108.44,114.3 2 0
etf-insight/handlers/exchange_rate.go:116.2,122.25 3 0
etf-insight/handlers/exchange_rate.go:122.25,128.3 2 0
etf-insight/handlers/exchange_rate.go:130.2,133.4 1 0
etf-insight/handlers/exchange_rate.go:136.59,137.12 1 0
etf-insight/handlers/exchange_rate.go:137.12,139.3 1 0
etf-insight/handlers/exchange_rate.go:141.2,144.4 1 0
etf-insight/handlers/exchange_rate.go:147.64,153.20 4 0
etf-insight/handlers/exchange_rate.go:153.20,155.3 1 0
etf-insight/handlers/exchange_rate.go:157.2,157.76 1 0
etf-insight/handlers/exchange_rate.go:157.76,163.3 2 0
etf-insight/handlers/exchange_rate.go:165.2,169.4 1 0
etf-insight/handlers/exchange_rate.go:172.63,179.47 2 0
etf-insight/handlers/exchange_rate.go:179.47,185.3 2 0
etf-insight/handlers/exchange_rate.go:187.2,199.4 3 0
etf-insight/handlers/exchange_rate.go:202.70,208.23 3 0
etf-insight/handlers/exchange_rate.go:208.23,210.3 1 0
etf-insight/handlers/exchange_rate.go:212.2,215.4 1 0
etf-insight/handlers/exchange_rate.go:218.71,221.31 3 0
etf-insight/handlers/exchange_rate.go:221.31,223.3 1 0
etf-insight/handlers/exchange_rate.go:225.2,232.23 4 0
etf-insight/handlers/exchange_rate.go:232.23,234.3 1 0
etf-insight/handlers/exchange_rate.go:236.2,240.4 1 0
etf-insight/handlers/exchange_rate.go:244.67,250.2 2 0
etf-insight/handlers/health_handler.go:24.36,30.2 1 1
etf-insight/handlers/health_handler.go:33.35,43.22 2 0
etf-insight/handlers/health_handler.go:43.22,45.17 2 0
etf-insight/handlers/health_handler.go:45.17,48.4 2 0
etf-insight/handlers/health_handler.go:48.9,50.4 1 0
etf-insight/handlers/health_handler.go:51.8,53.3 1 0
etf-insight/handlers/health_handler.go:56.2,61.40 4 0
etf-insight/handlers/health_handler.go:61.40,62.13 1 0
etf-insight/handlers/health_handler.go:62.13,64.9 2 0
etf-insight/handlers/health_handler.go:68.2,68.15 1 0
etf-insight/handlers/health_handler.go:68.15,72.3 3 0
etf-insight/handlers/health_handler.go:74.2,74.31 1 0
etf-insight/handlers/health_handler.go:78.34,84.2 1 0
etf-insight/handlers/middleware.go:10.39,11.30 1 1
etf-insight/handlers/middleware.go:11.30,17.36 5 1
etf-insight/handlers/middleware.go:17.36,20.4 2 1
etf-insight/handlers/middleware.go:22.3,22.11 1 1
etf-insight/handlers/middleware.go:27.41,28.30 1 1
etf-insight/handlers/middleware.go:28.30,31.3 1 1
etf-insight/handlers/portfolio_handler.go:18.90,22.2 1 0
etf-insight/handlers/portfolio_handler.go:48.61,50.47 2 0
etf-insight/handlers/portfolio_handler.go:50.47,56.3 2 0
etf-insight/handlers/portfolio_handler.go:58.2,58.30 1 0
etf-insight/handlers/portfolio_handler.go:58.30,60.3 1 0
etf-insight/handlers/portfolio_handler.go:61.2,61.22 1 0
etf-insight/handlers/portfolio_handler.go:61.22,63.3 1 0
etf-insight/handlers/portfolio_handler.go:65.2,71.16 2 0
etf-insight/handlers/portfolio_handler.go:71.16,77.3 2 0
etf-insight/handlers/portfolio_handler.go:79.2,98.4 2 0
etf-insight/handlers/portfolio_handler.go:102.64,105.25 3 0
etf-insight/handlers/portfolio_handler.go:105.25,111.3 2 0
etf-insight/handlers/portfolio_handler.go:113.2,114.33 2 0
etf-insight/handlers/portfolio_handler.go:114.33,116.80 2 0
etf-insight/handlers/portfolio_handler.go:116.80,118.4 1 0
etf-insight/handlers/portfolio_handler.go:120.3,131.5 1 0
etf-insight/handlers/portfolio_handler.go:134.2,137.4 1 0
etf-insight/handlers/portfolio_handler.go:141.63,145.59 3 0
etf-insight/handlers/portfolio_handler.go:145.59,151.3 2 0
etf-insight/handlers/portfolio_handler.go:153.2,154.79 2 0
etf-insight/handlers/portfolio_handler.go:154.79,156.3 1 0
etf-insight/handlers/portfolio_handler.go:158.2,172.4 1 0
etf-insight/handlers/portfolio_handler.go:176.66,178.47 2 0
etf-insight/handlers/portfolio_handler.go:178.47,184.3 2 0
etf-insight/handlers/portfolio_handler.go:187.2,188.16 2 0
etf-insight/handlers/portfolio_handler.go:188.16,194.3 2 0
etf-insight/handlers/portfolio_handler.go:197.2,198.29 2 0
etf-insight/handlers/portfolio_handler.go:198.29,200.3 1 0
etf-insight/handlers/portfolio_handler.go:202.2,203.21 2 0
etf-insight/handlers/portfolio_handler.go:203.21,205.3 1 0
etf-insight/handlers/portfolio_handler.go:208.2,208.19 1 0
etf-insight/handlers/portfolio_handler.go:208.19,210.3 1 0
etf-insight/handlers/portfolio_handler.go:212.2,222.56 2 0
etf-insight/handlers/portfolio_handler.go:222.56,228.3 2 0
etf-insight/handlers/portfolio_handler.go:230.2,244.4 1 0
etf-insight/handlers/portfolio_handler.go:248.66,252.59 3 0
etf-insight/handlers/portfolio_handler.go:252.59,258.3 2 0
etf-insight/handlers/portfolio_handler.go:260.2,261.47 2 0
etf-insight/handlers/portfolio_handler.go:261.47,267.3 2 0
etf-insight/handlers/portfolio_handler.go:270.2,270.20 1 0
etf-insight/handlers/portfolio_handler.go:270.20,272.3 1 0
etf-insight/handlers/portfolio_handler.go:273.2,273.27 1 0
etf-insight/handlers/portfolio_handler.go:273.27,275.3 1 0
etf-insight/handlers/portfolio_handler.go:276.2,276.54 1 0
etf-insight/handlers/portfolio_handler.go:276.54,278.17 2 0
etf-insight/handlers/portfolio_handler.go:278.17,284.4 2 0
etf-insight/handlers/portfolio_handler.go:285.3,285.45 1 0
etf-insight/handlers/portfolio_handler.go:287.2,287.29 1 0
etf-insight/handlers/portfolio_handler.go:287.29,289.3 1 0
etf-insight/handlers/portfolio_handler.go:290.2,290.22 1 0
etf-insight/handlers/portfolio_handler.go:290.22,292.3 1 0
etf-insight/handlers/portfolio_handler.go:295.2,295.40 1 0
etf-insight/handlers/portfolio_handler.go:295.40,298.3 2 0
etf-insight/handlers/portfolio_handler.go:298.8,298.46 1 0
etf-insight/handlers/portfolio_handler.go:298.46,300.3 1 0
etf-insight/handlers/portfolio_handler.go:302.2,302.54 1 0
etf-insight/handlers/portfolio_handler.go:302.54,308.3 2 0
etf-insight/handlers/portfolio_handler.go:310.2,327.4 3 0
etf-insight/handlers/portfolio_handler.go:331.66,335.59 3 0
etf-insight/handlers/portfolio_handler.go:335.59,341.3 2 0
etf-insight/handlers/portfolio_handler.go:343.2,343.56 1 0
etf-insight/handlers/portfolio_handler.go:343.56,349.3 2 0
etf-insight/handlers/portfolio_handler.go:351.2,354.4 1 0
etf-insight/handlers/portfolio_handler.go:358.72,362.59 3 0
etf-insight/handlers/portfolio_handler.go:362.59,368.3 2 0
etf-insight/handlers/portfolio_handler.go:371.2,372.24 2 0
etf-insight/handlers/portfolio_handler.go:372.24,374.3 1 0
etf-insight/handlers/portfolio_handler.go:375.2,377.54 2 0
etf-insight/handlers/portfolio_handler.go:377.54,383.3 2 0
etf-insight/handlers/portfolio_handler.go:385.2,398.4 3 0
etf-insight/handlers/portfolio_handler.go:402.67,406.59 3 0
etf-insight/handlers/portfolio_handler.go:406.59,412.3 2 0
etf-insight/handlers/portfolio_handler.go:414.2,417.47 2 0
etf-insight/handlers/portfolio_handler.go:417.47,419.3 1 0
etf-insight/handlers/portfolio_handler.go:420.2,420.22 1 0
etf-insight/handlers/portfolio_handler.go:420.22,422.3 1 0
etf-insight/handlers/portfolio_handler.go:425.2,426.79 2 0
etf-insight/handlers/portfolio_handler.go:426.79,432.3 2 0
etf-insight/handlers/portfolio_handler.go:434.2,439.16 2 0
etf-insight/handlers/portfolio_handler.go:439.16,445.3 2 0
etf-insight/handlers/portfolio_handler.go:447.2,468.4 2 0
etf-insight/handlers/portfolio_optimizer_handler.go:16.102,20.2 1 0
etf-insight/handlers/portfolio_optimizer_handler.go:37.71,39.47 2 0
etf-insight/handlers/portfolio_optimizer_handler.go:39.47,45.3 2 0
etf-insight/handlers/portfolio_optimizer_handler.go:47.2,47.26 1 0
etf-insight/handlers/portfolio_optimizer_handler.go:47.26,53.3 2 0
etf-insight/handlers/portfolio_optimizer_handler.go:55.2,55.27 1 0
etf-insight/handlers/portfolio_optimizer_handler.go:55.27,61.3 2 0
etf-insight/handlers/portfolio_optimizer_handler.go:63.2,64.30 2 0
etf-insight/handlers/portfolio_optimizer_handler.go:65.20,66.47 1 0
etf-insight/handlers/portfolio_optimizer_handler.go:67.24,68.51 1 0
etf-insight/handlers/portfolio_optimizer_handler.go:69.22,70.49 1 0
etf-insight/handlers/portfolio_optimizer_handler.go:73.2,74.27 2 0
etf-insight/handlers/portfolio_optimizer_handler.go:74.27,76.3 1 0
etf-insight/handlers/portfolio_optimizer_handler.go:78.2,79.24 2 0
etf-insight/handlers/portfolio_optimizer_handler.go:79.24,81.3 1 0
etf-insight/handlers/portfolio_optimizer_handler.go:83.2,84.24 2 0
etf-insight/handlers/portfolio_optimizer_handler.go:84.24,86.3 1 0
etf-insight/handlers/portfolio_optimizer_handler.go:88.2,100.16 3 0
etf-insight/handlers/portfolio_optimizer_handler.go:100.16,106.3 2 0
etf-insight/handlers/portfolio_optimizer_handler.go:108.2,109.45 2 0
etf-insight/handlers/portfolio_optimizer_handler.go:109.45,111.3 1 0
etf-insight/handlers/portfolio_optimizer_handler.go:113.2,125.33 2 0
etf-insight/handlers/portfolio_optimizer_handler.go:128.74,130.47 2 0
etf-insight/handlers/portfolio_optimizer_handler.go:130.47,136.3 2 0
etf-insight/handlers/portfolio_optimizer_handler.go:138.2,139.27 2 0
etf-insight/handlers/portfolio_optimizer_handler.go:139.27,141.3 1 0
etf-insight/handlers/portfolio_optimizer_handler.go:143.2,154.16 3 0
etf-insight/handlers/portfolio_optimizer_handler.go:154.16,160.3 2 0
etf-insight/handlers/portfolio_optimizer_handler.go:162.2,163.33 2 0
etf-insight/handlers/portfolio_optimizer_handler.go:163.33,165.45 2 0
etf-insight/handlers/portfolio_optimizer_handler.go:165.45,167.4 1 0
etf-insight/handlers/portfolio_optimizer_handler.go:168.3,172.5 1 0
etf-insight/handlers/portfolio_optimizer_handler.go:175.2,181.4 1 0
etf-insight/cmd/syncetf/main.go:25.53,33.24 4 0
etf-insight/cmd/syncetf/main.go:33.24,45.3 3 0
etf-insight/cmd/syncetf/main.go:48.2,49.25 2 0
etf-insight/cmd/syncetf/main.go:49.25,51.3 1 0
etf-insight/cmd/syncetf/main.go:54.2,54.25 1 0
etf-insight/cmd/syncetf/main.go:54.25,65.3 3 0
etf-insight/cmd/syncetf/main.go:68.2,72.16 3 0
etf-insight/cmd/syncetf/main.go:72.16,75.3 2 0
etf-insight/cmd/syncetf/main.go:77.2,81.8 1 0
etf-insight/cmd/syncetf/main.go:84.13,94.56 6 0
etf-insight/cmd/syncetf/main.go:94.56,97.3 2 0
etf-insight/cmd/syncetf/main.go:98.2,103.16 4 0
etf-insight/cmd/syncetf/main.go:103.16,106.3 2 0
etf-insight/cmd/syncetf/main.go:109.2,113.46 3 0
etf-insight/cmd/syncetf/main.go:113.46,115.3 1 0
etf-insight/cmd/syncetf/main.go:116.2,119.38 2 0
etf-insight/cmd/syncetf/main.go:119.38,122.3 2 0
etf-insight/cmd/syncetf/main.go:124.2,125.45 2 0
etf-insight/cmd/syncetf/main.go:129.42,135.2 5 0
etf-insight/cmd/syncetf/main.go:138.53,145.51 4 0
etf-insight/cmd/syncetf/main.go:145.51,146.32 1 0
etf-insight/cmd/syncetf/main.go:146.32,149.4 2 0
etf-insight/cmd/syncetf/main.go:150.3,150.45 1 0
etf-insight/cmd/syncetf/main.go:154.2,154.52 1 0
etf-insight/cmd/syncetf/main.go:154.52,155.32 1 0
etf-insight/cmd/syncetf/main.go:155.32,158.4 2 0
etf-insight/cmd/syncetf/main.go:159.3,159.46 1 0
etf-insight/cmd/syncetf/main.go:163.2,163.53 1 0
etf-insight/cmd/syncetf/main.go:163.53,164.32 1 0
etf-insight/cmd/syncetf/main.go:164.32,168.4 3 0
etf-insight/cmd/syncetf/main.go:171.2,171.47 1 0
etf-insight/cmd/syncetf/main.go:175.45,182.30 5 0
etf-insight/cmd/syncetf/main.go:182.30,184.3 1 0
etf-insight/cmd/syncetf/main.go:185.2,192.16 5 0
etf-insight/cmd/syncetf/main.go:192.16,194.3 1 0
etf-insight/cmd/syncetf/main.go:197.2,199.12 2 0
etf-insight/cmd/syncetf/main.go:203.65,216.29 11 0
etf-insight/cmd/syncetf/main.go:216.29,219.41 3 0
etf-insight/cmd/syncetf/main.go:219.41,221.23 2 0
etf-insight/cmd/syncetf/main.go:221.23,223.5 1 0
etf-insight/cmd/syncetf/main.go:224.4,230.5 1 0
etf-insight/cmd/syncetf/main.go:235.2,235.28 1 0
etf-insight/cmd/syncetf/main.go:235.28,239.37 4 0
etf-insight/cmd/syncetf/main.go:239.37,241.4 1 0
etf-insight/cmd/syncetf/main.go:246.27,247.89 1 0
etf-insight/cmd/syncetf/main.go:247.89,248.39 1 0
etf-insight/cmd/syncetf/main.go:248.39,250.4 1 0
etf-insight/cmd/syncetf/main.go:252.2,252.20 1 0
etf-insight/cmd/syncetf/main.go:258.49,260.2 1 0
etf-insight/cmd/test_factory/main.go:12.13,18.24 4 0
etf-insight/cmd/test_factory/main.go:18.24,21.3 2 0
etf-insight/cmd/test_factory/main.go:24.2,49.16 13 0
etf-insight/cmd/test_factory/main.go:49.16,52.3 2 0
etf-insight/cmd/test_factory/main.go:54.2,60.16 5 0
etf-insight/cmd/test_factory/main.go:60.16,63.3 2 0
etf-insight/cmd/test_factory/main.go:65.2,67.51 3 0
etf-insight/cmd/syncrates/main.go:13.13,15.56 1 0
etf-insight/cmd/syncrates/main.go:15.56,18.3 2 0
etf-insight/cmd/syncrates/main.go:21.2,21.56 1 0
etf-insight/cmd/syncrates/main.go:21.56,24.3 2 0
etf-insight/cmd/syncrates/main.go:27.2,27.58 1 0
etf-insight/cmd/syncrates/main.go:27.58,30.3 2 0
etf-insight/cmd/syncrates/main.go:32.2,52.26 3 0
etf-insight/cmd/syncrates/main.go:52.26,54.3 1 0
etf-insight/cmd/syncrates/main.go:57.2,62.13 5 0
etf-insight/cmd/syncrates/main.go:66.46,67.15 1 0
etf-insight/cmd/syncrates/main.go:67.15,70.3 2 0
etf-insight/cmd/syncrates/main.go:73.2,77.38 3 0
etf-insight/cmd/syncrates/main.go:77.38,79.3 1 0
etf-insight/cmd/syncrates/main.go:81.2,83.23 3 0
etf-insight/cmd/syncrates/main.go:83.23,85.3 1 0
etf-insight/cmd/syncrates/main.go:88.2,105.49 4 0
etf-insight/cmd/syncrates/main.go:105.49,108.3 2 0
etf-insight/cmd/syncrates/main.go:110.2,110.93 1 0
etf-insight/cmd/syncrates/main.go:114.26,131.38 5 0
etf-insight/cmd/syncrates/main.go:131.38,133.55 1 0
etf-insight/cmd/syncrates/main.go:133.55,135.4 1 0
etf-insight/cmd/syncrates/main.go:139.2,140.40 2 0
etf-insight/cmd/syncrates/main.go:140.40,142.20 2 0
etf-insight/cmd/syncrates/main.go:142.20,143.12 1 0
etf-insight/cmd/syncrates/main.go:145.3,145.32 1 0
etf-insight/cmd/syncrates/main.go:149.2,166.45 4 0
etf-insight/cmd/syncrates/main.go:166.45,169.3 2 0
etf-insight/cmd/syncrates/main.go:171.2,171.42 1 0
etf-insight/cmd/syncrates/main.go:175.18,177.82 2 0
etf-insight/cmd/syncrates/main.go:177.82,180.3 2 0
etf-insight/cmd/syncrates/main.go:182.2,182.26 1 0
etf-insight/cmd/syncrates/main.go:182.26,184.3 1 0
etf-insight/main.go:28.13,34.16 5 0
etf-insight/main.go:34.16,36.3 1 0
etf-insight/main.go:38.2,41.61 3 0
etf-insight/main.go:41.61,43.3 1 0
etf-insight/main.go:44.2,46.49 2 0
etf-insight/main.go:46.49,48.3 1 0
etf-insight/main.go:49.2,52.56 2 0
etf-insight/main.go:52.56,54.3 1 0
etf-insight/main.go:55.2,57.58 2 0
etf-insight/main.go:57.58,59.3 1 0
etf-insight/main.go:60.2,82.16 13 0
etf-insight/main.go:82.16,85.3 2 0
etf-insight/main.go:85.8,87.3 1 0
etf-insight/main.go:89.2,91.14 2 0
etf-insight/main.go:91.14,94.3 2 0
etf-insight/main.go:96.2,187.38 67 0
etf-insight/main.go:187.38,189.3 1 0
etf-insight/main.go:191.2,212.12 4 0
etf-insight/main.go:212.12,213.60 1 0
etf-insight/main.go:213.60,215.120 2 0
etf-insight/main.go:215.120,217.5 1 0
etf-insight/main.go:218.9,220.78 2 0
etf-insight/main.go:220.78,222.5 1 0
etf-insight/main.go:226.2,235.50 7 0
etf-insight/main.go:235.50,237.3 1 0
etf-insight/cmd/update_etf_prices/main.go:21.31,23.15 2 0
etf-insight/cmd/update_etf_prices/main.go:23.15,27.3 3 0
etf-insight/cmd/update_etf_prices/main.go:28.2,28.12 1 0
etf-insight/cmd/update_etf_prices/main.go:45.13,46.39 1 0
etf-insight/cmd/update_etf_prices/main.go:46.39,49.3 2 0
etf-insight/cmd/update_etf_prices/main.go:51.2,52.16 2 0
etf-insight/cmd/update_etf_prices/main.go:52.16,55.3 2 0
etf-insight/cmd/update_etf_prices/main.go:57.2,57.26 1 0
etf-insight/cmd/update_etf_prices/main.go:57.26,60.3 2 0
etf-insight/cmd/update_etf_prices/main.go:62.2,65.36 3 0
etf-insight/cmd/update_etf_prices/main.go:65.36,69.17 3 0
etf-insight/cmd/update_etf_prices/main.go:69.17,71.12 2 0
etf-insight/cmd/update_etf_prices/main.go:74.3,74.23 1 0
etf-insight/cmd/update_etf_prices/main.go:74.23,76.12 2 0
etf-insight/cmd/update_etf_prices/main.go:79.3,79.50 1 0
etf-insight/cmd/update_etf_prices/main.go:79.50,81.12 2 0
etf-insight/cmd/update_etf_prices/main.go:84.3,89.28 3 0
etf-insight/cmd/update_etf_prices/main.go:89.28,91.4 1 0
etf-insight/cmd/update_etf_prices/main.go:94.2,94.81 1 0
etf-insight/cmd/update_etf_prices/main.go:97.27,98.56 1 0
etf-insight/cmd/update_etf_prices/main.go:98.56,100.3 1 0
etf-insight/cmd/update_etf_prices/main.go:101.2,102.12 2 0
etf-insight/cmd/update_etf_prices/main.go:105.48,108.25 3 0
etf-insight/cmd/update_etf_prices/main.go:108.25,110.3 1 0
etf-insight/cmd/update_etf_prices/main.go:112.2,113.30 2 0
etf-insight/cmd/update_etf_prices/main.go:113.30,114.23 1 0
etf-insight/cmd/update_etf_prices/main.go:114.23,116.4 1 0
etf-insight/cmd/update_etf_prices/main.go:119.2,119.21 1 0
etf-insight/cmd/update_etf_prices/main.go:134.63,144.16 6 0
etf-insight/cmd/update_etf_prices/main.go:144.16,146.3 1 0
etf-insight/cmd/update_etf_prices/main.go:147.2,149.38 2 0
etf-insight/cmd/update_etf_prices/main.go:149.38,152.3 2 0
etf-insight/cmd/update_etf_prices/main.go:154.2,155.16 2 0
etf-insight/cmd/update_etf_prices/main.go:155.16,157.3 1 0
etf-insight/cmd/update_etf_prices/main.go:159.2,160.55 2 0
etf-insight/cmd/update_etf_prices/main.go:160.55,162.3 1 0
etf-insight/cmd/update_etf_prices/main.go:164.2,164.60 1 0
etf-insight/cmd/update_etf_prices/main.go:164.60,166.3 1 0
etf-insight/cmd/update_etf_prices/main.go:169.2,172.54 2 0
etf-insight/cmd/update_etf_prices/main.go:172.54,175.3 1 0
etf-insight/cmd/update_etf_prices/main.go:177.2,185.8 1 0
etf-insight/cmd/update_etf_prices/main.go:188.42,193.66 2 0
etf-insight/cmd/update_etf_prices/main.go:193.66,195.3 1 0
etf-insight/cmd/update_etf_prices/main.go:198.2,201.25 3 0
etf-insight/cmd/update_etf_prices/main.go:201.25,214.3 2 0
etf-insight/cmd/update_etf_prices/main.go:217.2,228.25 2 0
etf-insight/cmd/updateashare/main.go:15.13,25.56 5 0
etf-insight/cmd/updateashare/main.go:25.56,27.3 1 0
etf-insight/cmd/updateashare/main.go:29.2,31.32 2 0
etf-insight/cmd/updateashare/main.go:31.32,35.3 2 0
etf-insight/cmd/updateashare/main.go:37.2,37.33 1 0
etf-insight/cmd/updateashare/main.go:37.33,45.3 4 0
etf-insight/cmd/updateashare/main.go:47.2,47.55 1 0
etf-insight/cmd/updateashare/main.go:51.24,53.58 2 0
etf-insight/cmd/updateashare/main.go:53.58,55.3 1 0
etf-insight/cmd/updateashare/main.go:58.22,161.31 2 0
etf-insight/cmd/updateashare/main.go:161.31,165.26 3 0
etf-insight/cmd/updateashare/main.go:165.26,179.55 2 0
etf-insight/cmd/updateashare/main.go:179.55,181.5 1 0
etf-insight/cmd/updateashare/main.go:181.10,183.5 1 0
etf-insight/cmd/updateashare/main.go:184.9,194.53 9 0
etf-insight/cmd/updateashare/main.go:194.53,196.5 1 0
etf-insight/cmd/updateashare/main.go:196.10,198.5 1 0
etf-insight/cmd/updateashare/main.go:203.30,222.25 4 0
etf-insight/cmd/updateashare/main.go:222.25,230.60 2 0
etf-insight/cmd/updateashare/main.go:230.60,232.4 1 0
etf-insight/cmd/updateashare/main.go:233.3,233.84 1 0
etf-insight/cmd/updateashare/main.go:234.8,239.58 4 0
etf-insight/cmd/updateashare/main.go:239.58,241.4 1 0
etf-insight/cmd/updateashare/main.go:242.3,245.93 2 0
etf-insight/cmd/updateashare/main.go:249.2,249.46 1 0
etf-insight/cmd/updateashare/main.go:249.46,251.81 2 0
etf-insight/cmd/updateashare/main.go:251.81,253.12 2 0
etf-insight/cmd/updateashare/main.go:256.3,261.58 2 0
[...]
etf-insight/services/exchange_rate.go:61.32,63.3 1 1
etf-insight/services/exchange_rate.go:65.2,66.47 2 1
etf-insight/services/exchange_rate.go:70.51,75.16 3 0
etf-insight/services/exchange_rate.go:75.16,78.3 2 0
etf-insight/services/exchange_rate.go:81.2,81.43 1 0
etf-insight/services/exchange_rate.go:81.43,82.41 1 0
etf-insight/services/exchange_rate.go:82.41,95.4 3 0
etf-insight/services/exchange_rate.go:98.2,99.12 2 0
etf-insight/services/exchange_rate.go:103.89,107.16 3 0
etf-insight/services/exchange_rate.go:107.16,109.3 1 0
etf-insight/services/exchange_rate.go:110.2,112.38 2 0
etf-insight/services/exchange_rate.go:112.38,114.3 1 0
etf-insight/services/exchange_rate.go:116.2,117.16 2 0
etf-insight/services/exchange_rate.go:117.16,119.3 1 0
etf-insight/services/exchange_rate.go:121.2,122.55 2 0
etf-insight/services/exchange_rate.go:122.55,124.3 1 0
etf-insight/services/exchange_rate.go:127.2,151.19 7 0
etf-insight/services/exchange_rate.go:155.79,173.2 1 1
etf-insight/services/exchange_rate.go:176.87,178.46 2 1
etf-insight/services/exchange_rate.go:178.46,179.44 1 1
etf-insight/services/exchange_rate.go:179.44,181.4 1 1
etf-insight/services/exchange_rate.go:183.2,183.12 1 1
etf-insight/services/exchange_rate.go:187.119,190.2 1 1
etf-insight/services/exchange_rate.go:193.91,194.32 1 1
etf-insight/services/exchange_rate.go:194.32,196.3 1 1
etf-insight/services/exchange_rate.go:199.2,200.23 2 1
etf-insight/services/exchange_rate.go:200.23,202.3 1 1
etf-insight/services/exchange_rate.go:205.2,208.32 3 0
etf-insight/services/finnhub.go:35.40,37.18 2 0
etf-insight/services/finnhub.go:37.18,40.3 1 0
etf-insight/services/finnhub.go:43.2,45.20 3 0
etf-insight/services/finnhub.go:45.20,47.3 1 0
etf-insight/services/finnhub.go:48.2,48.20 1 0
etf-insight/services/finnhub.go:48.20,50.3 1 0
etf-insight/services/finnhub.go:51.2,51.20 1 0
etf-insight/services/finnhub.go:51.20,53.3 1 0
etf-insight/services/finnhub.go:55.2,55.20 1 0
etf-insight/services/finnhub.go:55.20,57.17 2 0
etf-insight/services/finnhub.go:57.17,59.4 1 0
etf-insight/services/finnhub.go:62.2,70.3 1 0
etf-insight/services/finnhub.go:74.72,77.15 2 0
etf-insight/services/finnhub.go:77.15,77.34 1 0
etf-insight/services/finnhub.go:79.2,82.16 3 0
etf-insight/services/finnhub.go:82.16,84.3 1 0
etf-insight/services/finnhub.go:87.2,91.16 4 0
etf-insight/services/finnhub.go:91.16,93.3 1 0
etf-insight/services/finnhub.go:94.2,96.38 2 0
etf-insight/services/finnhub.go:96.38,99.3 2 0
etf-insight/services/finnhub.go:101.2,102.16 2 0
etf-insight/services/finnhub.go:102.16,104.3 1 0
etf-insight/services/finnhub.go:106.2,107.53 2 0
etf-insight/services/finnhub.go:107.53,109.3 1 0
etf-insight/services/finnhub.go:111.2,116.20 3 0
etf-insight/services/finnhub.go:120.77,123.33 2 0
etf-insight/services/finnhub.go:123.33,125.17 2 0
etf-insight/services/finnhub.go:125.17,127.12 2 0
etf-insight/services/finnhub.go:129.3,129.34 1 0
etf-insight/services/finnhub.go:132.2,132.22 1 0
etf-insight/services/finnhub.go:132.22,134.3 1 0
etf-insight/services/finnhub.go:136.2,136.20 1 0
etf-insight/services/finnhub.go:140.49,152.2 1 0
etf-insight/services/portfolio_optimizer.go:16.85,20.2 1 1
etf-insight/services/portfolio_optimizer.go:61.115,62.51 1 1
etf-insight/services/portfolio_optimizer.go:62.51,64.3 1 1
etf-insight/services/portfolio_optimizer.go:66.2,71.52 2 1
etf-insight/services/portfolio_optimizer.go:71.52,73.3 1 1
etf-insight/services/portfolio_optimizer.go:74.2,74.52 1 1
etf-insight/services/portfolio_optimizer.go:74.52,76.3 1 1
etf-insight/services/portfolio_optimizer.go:78.2,78.35 1 1
etf-insight/services/portfolio_optimizer.go:78.35,80.3 1 1
etf-insight/services/portfolio_optimizer.go:81.2,81.35 1 1
etf-insight/services/portfolio_optimizer.go:81.35,83.3 1 1
etf-insight/services/portfolio_optimizer.go:85.2,86.16 2 1
etf-insight/services/portfolio_optimizer.go:86.16,88.3 1 0
etf-insight/services/portfolio_optimizer.go:90.2,93.34 3 1
etf-insight/services/portfolio_optimizer.go:94.33,95.64 1 1
etf-insight/services/portfolio_optimizer.go:96.37,97.63 1 1
etf-insight/services/portfolio_optimizer.go:98.35,99.66 1 1
etf-insight/services/portfolio_optimizer.go:100.10,101.64 1 1
etf-insight/services/portfolio_optimizer.go:105.90,106.30 1 1
etf-insight/services/portfolio_optimizer.go:106.30,108.3 1 1
etf-insight/services/portfolio_optimizer.go:109.2,109.31 1 1
etf-insight/services/portfolio_optimizer.go:109.31,111.3 1 1
etf-insight/services/portfolio_optimizer.go:112.2,112.36 1 1
etf-insight/services/portfolio_optimizer.go:112.36,114.3 1 0
etf-insight/services/portfolio_optimizer.go:115.2,115.12 1 1
etf-insight/services/portfolio_optimizer.go:118.107,121.33 2 1
etf-insight/services/portfolio_optimizer.go:121.33,123.113 2 1
etf-insight/services/portfolio_optimizer.go:123.113,124.12 1 0
etf-insight/services/portfolio_optimizer.go:127.3,127.23 1 1
etf-insight/services/portfolio_optimizer.go:127.23,131.32 4 1
etf-insight/services/portfolio_optimizer.go:131.32,133.5 1 1
etf-insight/services/portfolio_optimizer.go:134.4,135.12 2 1
etf-insight/services/portfolio_optimizer.go:138.3,139.36 2 0
etf-insight/services/portfolio_optimizer.go:139.36,141.30 2 0
etf-insight/services/portfolio_optimizer.go:141.30,144.5 2 0
etf-insight/services/portfolio_optimizer.go:146.3,146.33 1 0
etf-insight/services/portfolio_optimizer.go:149.2,149.21 1 1
etf-insight/services/portfolio_optimizer.go:152.116,155.44 2 1
etf-insight/services/portfolio_optimizer.go:155.44,156.29 1 1
etf-insight/services/portfolio_optimizer.go:156.29,158.12 2 0
etf-insight/services/portfolio_optimizer.go:161.3,162.34 2 1
etf-insight/services/portfolio_optimizer.go:162.34,164.4 1 1
etf-insight/services/portfolio_optimizer.go:165.3,167.35 3 1
etf-insight/services/portfolio_optimizer.go:170.2,170.20 1 1
etf-insight/services/portfolio_optimizer.go:173.132,175.30 2 1
etf-insight/services/portfolio_optimizer.go:175.30,177.3 1 1
etf-insight/services/portfolio_optimizer.go:179.2,180.29 2 1
etf-insight/services/portfolio_optimizer.go:180.29,182.30 2 1
etf-insight/services/portfolio_optimizer.go:182.30,184.4 1 1
etf-insight/services/portfolio_optimizer.go:187.2,187.18 1 1
etf-insight/services/portfolio_optimizer.go:190.104,192.17 2 1
etf-insight/services/portfolio_optimizer.go:192.17,194.3 1 0
etf-insight/services/portfolio_optimizer.go:196.2,198.30 3 1
etf-insight/services/portfolio_optimizer.go:198.30,201.3 2 1
etf-insight/services/portfolio_optimizer.go:202.2,206.30 4 1
etf-insight/services/portfolio_optimizer.go:206.30,210.3 3 1
etf-insight/services/portfolio_optimizer.go:211.2,213.41 2 1
etf-insight/services/portfolio_optimizer.go:216.215,221.41 4 1
etf-insight/services/portfolio_optimizer.go:221.41,223.3 1 1
etf-insight/services/portfolio_optimizer.go:225.2,236.8 4 1
etf-insight/services/portfolio_optimizer.go:239.214,246.25 6 1
etf-insight/services/portfolio_optimizer.go:246.25,248.3 1 1
etf-insight/services/portfolio_optimizer.go:250.2,250.61 1 1
etf-insight/services/portfolio_optimizer.go:250.61,253.31 3 1
etf-insight/services/portfolio_optimizer.go:253.31,255.4 1 1
etf-insight/services/portfolio_optimizer.go:256.3,257.31 2 1
etf-insight/services/portfolio_optimizer.go:257.31,258.9 1 1
etf-insight/services/portfolio_optimizer.go:261.3,262.31 2 0
etf-insight/services/portfolio_optimizer.go:262.31,264.4 1 0
etf-insight/services/portfolio_optimizer.go:266.3,266.26 1 0
etf-insight/services/portfolio_optimizer.go:266.26,268.4 1 0
etf-insight/services/portfolio_optimizer.go:270.3,270.61 1 0
etf-insight/services/portfolio_optimizer.go:273.2,274.41 2 1
etf-insight/services/portfolio_optimizer.go:274.41,276.3 1 1
etf-insight/services/portfolio_optimizer.go:278.2,289.8 4 1
etf-insight/services/portfolio_optimizer.go:292.217,297.41 4 1
etf-insight/services/portfolio_optimizer.go:297.41,299.3 1 1
etf-insight/services/portfolio_optimizer.go:301.2,312.8 4 1
etf-insight/services/portfolio_optimizer.go:315.232,318.25 3 1
etf-insight/services/portfolio_optimizer.go:318.25,320.3 1 1
etf-insight/services/portfolio_optimizer.go:322.2,326.61 4 1
etf-insight/services/portfolio_optimizer.go:326.61,330.40 3 1
etf-insight/services/portfolio_optimizer.go:330.40,332.4 1 1
etf-insight/services/portfolio_optimizer.go:333.3,335.31 2 1
etf-insight/services/portfolio_optimizer.go:335.31,336.9 1 1
etf-insight/services/portfolio_optimizer.go:339.3,340.40 2 0
etf-insight/services/portfolio_optimizer.go:340.40,342.4 1 0
etf-insight/services/portfolio_optimizer.go:344.3,344.26 1 0
etf-insight/services/portfolio_optimizer.go:344.26,346.4 1 0
etf-insight/services/portfolio_optimizer.go:348.3,348.53 1 0
etf-insight/services/portfolio_optimizer.go:351.2,351.16 1 1
etf-insight/services/portfolio_optimizer.go:354.227,357.34 3 1
etf-insight/services/portfolio_optimizer.go:357.34,359.3 1 1
etf-insight/services/portfolio_optimizer.go:361.2,362.33 2 1
etf-insight/services/portfolio_optimizer.go:362.33,364.3 1 1
etf-insight/services/portfolio_optimizer.go:366.2,370.44 4 1
etf-insight/services/portfolio_optimizer.go:370.44,372.3 1 1
etf-insight/services/portfolio_optimizer.go:374.2,375.33 2 0
etf-insight/services/portfolio_optimizer.go:375.33,379.39 3 0
etf-insight/services/portfolio_optimizer.go:379.39,382.4 2 0
etf-insight/services/portfolio_optimizer.go:384.3,387.59 3 0
etf-insight/services/portfolio_optimizer.go:390.2,390.18 1 0
etf-insight/services/portfolio_optimizer.go:393.153,396.32 3 1
etf-insight/services/portfolio_optimizer.go:396.32,398.3 1 1
etf-insight/services/portfolio_optimizer.go:400.2,401.25 2 1
etf-insight/services/portfolio_optimizer.go:401.25,403.3 1 1
etf-insight/services/portfolio_optimizer.go:405.2,406.25 2 0
etf-insight/services/portfolio_optimizer.go:406.25,408.26 2 0
etf-insight/services/portfolio_optimizer.go:408.26,410.4 1 0
etf-insight/services/portfolio_optimizer.go:411.3,411.40 1 0
etf-insight/services/portfolio_optimizer.go:414.2,414.18 1 0
etf-insight/services/portfolio_optimizer.go:417.147,419.38 2 1
etf-insight/services/portfolio_optimizer.go:419.38,420.41 1 1
etf-insight/services/portfolio_optimizer.go:420.41,422.4 1 1
etf-insight/services/portfolio_optimizer.go:424.2,424.20 1 1
etf-insight/services/portfolio_optimizer.go:427.160,429.30 2 1
etf-insight/services/portfolio_optimizer.go:429.30,431.3 1 1
etf-insight/services/portfolio_optimizer.go:433.2,434.29 2 1
etf-insight/services/portfolio_optimizer.go:434.29,435.30 1 1
etf-insight/services/portfolio_optimizer.go:435.30,440.4 4 1
etf-insight/services/portfolio_optimizer.go:443.2,443.44 1 1
etf-insight/services/portfolio_optimizer.go:443.44,445.3 1 1
etf-insight/services/portfolio_optimizer.go:447.2,447.67 1 0
etf-insight/services/portfolio_optimizer.go:450.178,452.29 2 1
etf-insight/services/portfolio_optimizer.go:452.29,453.30 1 1
etf-insight/services/portfolio_optimizer.go:453.30,458.4 4 1
etf-insight/services/portfolio_optimizer.go:461.2,461.44 1 1
etf-insight/services/portfolio_optimizer.go:461.44,463.3 1 1
etf-insight/services/portfolio_optimizer.go:465.2,465.67 1 0
etf-insight/services/portfolio_optimizer.go:468.125,469.25 1 1
etf-insight/services/portfolio_optimizer.go:469.25,471.3 1 1
etf-insight/services/portfolio_optimizer.go:472.2,473.37 2 0
etf-insight/services/portfolio_optimizer.go:476.129,479.28 3 0
etf-insight/services/portfolio_optimizer.go:479.28,480.51 1 0
etf-insight/services/portfolio_optimizer.go:480.51,482.4 1 0
etf-insight/services/portfolio_optimizer.go:483.3,483.48 1 0
etf-insight/services/portfolio_optimizer.go:483.48,485.4 1 0
etf-insight/services/portfolio_optimizer.go:486.3,486.58 1 0
etf-insight/services/portfolio_optimizer.go:486.58,488.4 1 0
etf-insight/services/portfolio_optimizer.go:489.3,489.23 1 0
etf-insight/services/portfolio_optimizer.go:492.2,492.20 1 0
etf-insight/services/portfolio_optimizer.go:492.20,493.26 1 0
etf-insight/services/portfolio_optimizer.go:493.26,495.4 1 0
etf-insight/services/portfolio_optimizer.go:496.3,496.17 1 0
etf-insight/services/portfolio_optimizer.go:499.2,499.25 1 0
etf-insight/services/portfolio_optimizer.go:499.25,501.3 1 0
etf-insight/services/portfolio_optimizer.go:503.2,503.16 1 0
etf-insight/services/portfolio_optimizer.go:506.114,507.51 1 0
etf-insight/services/portfolio_optimizer.go:507.51,509.3 1 0
etf-insight/services/portfolio_optimizer.go:511.2,511.35 1 0
etf-insight/services/portfolio_optimizer.go:511.35,513.3 1 0
etf-insight/services/portfolio_optimizer.go:515.2,520.52 2 0
etf-insight/services/portfolio_optimizer.go:520.52,522.3 1 0
etf-insight/services/portfolio_optimizer.go:523.2,523.52 1 0
etf-insight/services/portfolio_optimizer.go:523.52,525.3 1 0
etf-insight/services/portfolio_optimizer.go:527.2,528.16 2 0
etf-insight/services/portfolio_optimizer.go:528.16,530.3 1 0
etf-insight/services/portfolio_optimizer.go:532.2,535.69 3 0
etf-insight/services/portfolio_optimizer.go:538.208,541.34 3 0
etf-insight/services/portfolio_optimizer.go:541.34,542.52 1 0
etf-insight/services/portfolio_optimizer.go:542.52,544.4 1 0
etf-insight/services/portfolio_optimizer.go:545.3,545.33 1 0
etf-insight/services/portfolio_optimizer.go:545.33,547.4 1 0
etf-insight/services/portfolio_optimizer.go:550.2,554.34 4 0
etf-insight/services/portfolio_optimizer.go:554.34,558.21 3 0
etf-insight/services/portfolio_optimizer.go:558.21,559.12 1 0
etf-insight/services/portfolio_optimizer.go:562.3,563.42 2 0
etf-insight/services/portfolio_optimizer.go:563.42,565.4 1 0
etf-insight/services/portfolio_optimizer.go:567.3,573.5 2 0
etf-insight/services/portfolio_optimizer.go:576.2,576.22 1 0
etf-insight/services/portfolio_optimizer.go:579.233,582.25 3 0
etf-insight/services/portfolio_optimizer.go:582.25,584.3 1 0
etf-insight/services/portfolio_optimizer.go:586.2,591.34 5 0
etf-insight/services/portfolio_optimizer.go:591.34,593.3 1 0
etf-insight/services/portfolio_optimizer.go:595.2,595.61 1 0
etf-insight/services/portfolio_optimizer.go:595.61,597.34 2 0
etf-insight/services/portfolio_optimizer.go:597.34,599.4 1 0
etf-insight/services/portfolio_optimizer.go:601.3,608.34 6 0
etf-insight/services/portfolio_optimizer.go:608.34,610.4 1 0
etf-insight/services/portfolio_optimizer.go:612.3,612.26 1 0
etf-insight/services/portfolio_optimizer.go:612.26,614.4 1 0
etf-insight/services/portfolio_optimizer.go:616.3,617.31 2 0
etf-insight/services/portfolio_optimizer.go:617.31,619.4 1 0
etf-insight/services/portfolio_optimizer.go:620.3,622.31 2 0
etf-insight/services/portfolio_optimizer.go:622.31,623.9 1 0
etf-insight/services/portfolio_optimizer.go:626.3,627.31 2 0
etf-insight/services/portfolio_optimizer.go:627.31,629.4 1 0
etf-insight/services/portfolio_optimizer.go:631.3,631.26 1 0
etf-insight/services/portfolio_optimizer.go:631.26,633.4 1 0
etf-insight/services/portfolio_optimizer.go:635.3,635.61 1 0
etf-insight/services/portfolio_optimizer.go:638.2,638.16 1 0
etf-insight/services/yahoo_finance.go:24.50,30.20 3 0
etf-insight/services/yahoo_finance.go:30.20,32.3 1 0
etf-insight/services/yahoo_finance.go:33.2,33.20 1 0
etf-insight/services/yahoo_finance.go:33.20,35.3 1 0
etf-insight/services/yahoo_finance.go:36.2,36.20 1 0
etf-insight/services/yahoo_finance.go:36.20,38.3 1 0
etf-insight/services/yahoo_finance.go:41.2,41.20 1 0
etf-insight/services/yahoo_finance.go:41.20,43.17 2 0
etf-insight/services/yahoo_finance.go:43.17,46.4 2 0
etf-insight/services/yahoo_finance.go:49.2,56.3 1 0
etf-insight/services/yahoo_finance.go:158.79,159.23 1 0
etf-insight/services/yahoo_finance.go:159.23,161.3 1 0
etf-insight/services/yahoo_finance.go:163.2,169.16 5 0
etf-insight/services/yahoo_finance.go:169.16,171.3 1 0
etf-insight/services/yahoo_finance.go:172.2,175.16 3 0
etf-insight/services/yahoo_finance.go:175.16,177.3 1 0
etf-insight/services/yahoo_finance.go:179.2,180.57 2 0
etf-insight/services/yahoo_finance.go:180.57,182.3 1 0
etf-insight/services/yahoo_finance.go:184.2,184.42 1 0
etf-insight/services/yahoo_finance.go:184.42,186.3 1 0
etf-insight/services/yahoo_finance.go:188.2,189.56 2 0
etf-insight/services/yahoo_finance.go:189.56,192.31 3 0
etf-insight/services/yahoo_finance.go:192.31,194.4 1 0
etf-insight/services/yahoo_finance.go:196.3,197.17 2 0
etf-insight/services/yahoo_finance.go:197.17,199.4 1 0
etf-insight/services/yahoo_finance.go:201.3,221.5 1 0
etf-insight/services/yahoo_finance.go:224.2,224.20 1 0
etf-insight/services/yahoo_finance.go:228.74,230.16 2 0
etf-insight/services/yahoo_finance.go:230.16,232.3 1 0
etf-insight/services/yahoo_finance.go:234.2,234.22 1 0
etf-insight/services/yahoo_finance.go:234.22,236.3 1 0
etf-insight/services/yahoo_finance.go:238.2,238.24 1 0
etf-insight/services/yahoo_finance.go:242.122,247.16 3 0
etf-insight/services/yahoo_finance.go:248.12,249.36 1 0
etf-insight/services/yahoo_finance.go:250.12,251.36 1 0
etf-insight/services/yahoo_finance.go:252.13,253.36 1 0
etf-insight/services/yahoo_finance.go:254.13,255.36 1 0
etf-insight/services/yahoo_finance.go:256.13,257.36 1 0
etf-insight/services/yahoo_finance.go:258.12,259.36 1 0
etf-insight/services/yahoo_finance.go:260.12,261.36 1 0
etf-insight/services/yahoo_finance.go:262.12,263.36 1 0
etf-insight/services/yahoo_finance.go:264.13,265.37 1 0
etf-insight/services/yahoo_finance.go:266.13,267.70 1 0
etf-insight/services/yahoo_finance.go:268.13,269.37 1 0
etf-insight/services/yahoo_finance.go:270.10,271.36 1 0
etf-insight/services/yahoo_finance.go:275.2,275.20 1 0
etf-insight/services/yahoo_finance.go:275.20,277.3 1 0
etf-insight/services/yahoo_finance.go:279.2,288.16 3 0
etf-insight/services/yahoo_finance.go:288.16,290.3 1 0
etf-insight/services/yahoo_finance.go:291.2,294.16 3 0
etf-insight/services/yahoo_finance.go:294.16,296.3 1 0
etf-insight/services/yahoo_finance.go:298.2,299.56 2 0
etf-insight/services/yahoo_finance.go:299.56,301.3 1 0
etf-insight/services/yahoo_finance.go:303.2,303.33 1 0
etf-insight/services/yahoo_finance.go:303.33,305.3 1 0
etf-insight/services/yahoo_finance.go:307.2,307.37 1 0
etf-insight/services/yahoo_finance.go:307.37,309.3 1 0
etf-insight/services/yahoo_finance.go:311.2,316.32 5 0
etf-insight/services/yahoo_finance.go:316.32,317.125 1 0
etf-insight/services/yahoo_finance.go:317.125,318.12 1 0
etf-insight/services/yahoo_finance.go:322.3,322.48 1 0
etf-insight/services/yahoo_finance.go:322.48,323.12 1 0
etf-insight/services/yahoo_finance.go:326.3,333.5 1 0
etf-insight/services/yahoo_finance.go:336.2,336.20 1 0
etf-insight/services/yahoo_finance.go:340.78,343.15 2 0
etf-insight/services/yahoo_finance.go:343.15,343.34 1 0
etf-insight/services/yahoo_finance.go:345.2,346.16 2 0
etf-insight/services/yahoo_finance.go:346.16,348.3 1 0
etf-insight/services/yahoo_finance.go:351.2,364.16 13 0
etf-insight/services/yahoo_finance.go:364.16,366.3 1 0
etf-insight/services/yahoo_finance.go:368.2,368.38 1 0
etf-insight/services/yahoo_finance.go:368.38,372.3 3 0
etf-insight/services/yahoo_finance.go:375.2,377.18 2 0
etf-insight/services/yahoo_finance.go:381.95,383.34 2 0
etf-insight/services/yahoo_finance.go:383.34,385.17 2 0
etf-insight/services/yahoo_finance.go:385.17,387.4 1 0
etf-insight/services/yahoo_finance.go:388.3,390.47 3 0
etf-insight/services/yahoo_finance.go:392.2,392.77 1 0
etf-insight/services/yahoo_finance.go:396.143,398.34 2 0
etf-insight/services/yahoo_finance.go:398.34,400.17 2 0
etf-insight/services/yahoo_finance.go:400.17,402.4 1 0
etf-insight/services/yahoo_finance.go:403.3,405.47 3 0
etf-insight/services/yahoo_finance.go:407.2,407.77 1 0
etf-insight/services/yahoo_finance.go:411.41,412.16 1 0
etf-insight/services/yahoo_finance.go:413.12,414.11 1 0
etf-insight/services/yahoo_finance.go:415.12,416.11 1 0
etf-insight/services/yahoo_finance.go:417.13,418.12 1 0
etf-insight/services/yahoo_finance.go:419.13,420.12 1 0
etf-insight/services/yahoo_finance.go:421.13,422.13 1 0
etf-insight/services/yahoo_finance.go:423.12,424.13 1 0
etf-insight/services/yahoo_finance.go:425.12,426.13 1 0
etf-insight/services/yahoo_finance.go:427.12,428.14 1 0
etf-insight/services/yahoo_finance.go:429.13,430.14 1 0
etf-insight/services/yahoo_finance.go:431.10,432.13 1 0
